[wgsim] seed = 2
[wgsim_core] calculating the total length of the reference sequence...
[wgsim_core] 3 sequences, total length: 3305145
NZ_AP023069.1	754	C	-	-
NZ_AP023069.1	1527	C	S	+
NZ_AP023069.1	2139	T	W	+
NZ_AP023069.1	2582	C	A	-
NZ_AP023069.1	3136	T	W	+
NZ_AP023069.1	6435	G	K	+
NZ_AP023069.1	6732	-	CG	-
NZ_AP023069.1	7542	T	G	-
NZ_AP023069.1	7592	G	C	-
NZ_AP023069.1	7783	T	Y	+
NZ_AP023069.1	11525	A	M	+
NZ_AP023069.1	12656	C	M	+
NZ_AP023069.1	12981	A	G	-
NZ_AP023069.1	13493	T	C	-
NZ_AP023069.1	17489	A	-	-
NZ_AP023069.1	18541	G	K	+
NZ_AP023069.1	18562	T	K	+
NZ_AP023069.1	19862	G	R	+
NZ_AP023069.1	20998	C	T	-
NZ_AP023069.1	22520	G	A	-
NZ_AP023069.1	24904	C	M	+
NZ_AP023069.1	25273	-	C	-
NZ_AP023069.1	29411	G	S	+
NZ_AP023069.1	29733	G	T	-
NZ_AP023069.1	32652	G	S	+
NZ_AP023069.1	33482	A	-	-
NZ_AP023069.1	35372	T	G	-
NZ_AP023069.1	38011	T	A	-
NZ_AP023069.1	39095	G	R	+
NZ_AP023069.1	39982	GCTG	-	-
NZ_AP023069.1	40225	C	T	-
NZ_AP023069.1	41683	C	T	-
NZ_AP023069.1	41985	T	W	+
NZ_AP023069.1	42344	T	Y	+
NZ_AP023069.1	42924	C	M	+
NZ_AP023069.1	43255	T	Y	+
NZ_AP023069.1	43331	T	C	-
NZ_AP023069.1	44814	G	S	+
NZ_AP023069.1	45104	C	S	+
NZ_AP023069.1	45146	G	R	+
NZ_AP023069.1	45264	T	W	+
NZ_AP023069.1	46112	C	M	+
NZ_AP023069.1	49333	G	K	+
NZ_AP023069.1	49917	G	S	+
NZ_AP023069.1	49949	-	AG	-
NZ_AP023069.1	50402	-	T	-
NZ_AP023069.1	51446	A	M	+
NZ_AP023069.1	51629	C	M	+
NZ_AP023069.1	52261	G	R	+
NZ_AP023069.1	54978	T	A	-
NZ_AP023069.1	55150	G	K	+
NZ_AP023069.1	55967	C	G	-
NZ_AP023069.1	58108	T	Y	+
NZ_AP023069.1	59362	C	M	+
NZ_AP023069.1	59476	C	G	-
NZ_AP023069.1	61975	G	C	-
NZ_AP023069.1	62392	C	M	+
NZ_AP023069.1	63770	CG	-	-
NZ_AP023069.1	64852	G	R	+
NZ_AP023069.1	66207	C	S	+
NZ_AP023069.1	66935	C	M	+
NZ_AP023069.1	67653	C	Y	+
NZ_AP023069.1	68037	C	M	+
NZ_AP023069.1	69174	-	GAC	-
NZ_AP023069.1	69383	T	W	+
NZ_AP023069.1	70485	-	T	+
NZ_AP023069.1	71838	C	M	+
NZ_AP023069.1	73972	G	R	+
NZ_AP023069.1	74436	C	A	-
NZ_AP023069.1	74861	G	K	+
NZ_AP023069.1	75142	G	S	+
NZ_AP023069.1	75622	ACTTA	-	-
NZ_AP023069.1	75982	C	A	-
NZ_AP023069.1	76701	G	K	+
NZ_AP023069.1	78119	C	Y	+
NZ_AP023069.1	80122	C	A	-
NZ_AP023069.1	81818	-	C	-
NZ_AP023069.1	82287	T	K	+
NZ_AP023069.1	83804	-	G	-
NZ_AP023069.1	85394	C	Y	+
NZ_AP023069.1	86738	-	A	-
NZ_AP023069.1	88339	A	T	-
NZ_AP023069.1	89957	G	T	-
NZ_AP023069.1	92687	G	-	-
NZ_AP023069.1	95680	G	T	-
NZ_AP023069.1	97774	C	G	-
NZ_AP023069.1	100181	-	G	-
NZ_AP023069.1	101265	C	Y	+
NZ_AP023069.1	102925	G	K	+
NZ_AP023069.1	105648	A	R	+
NZ_AP023069.1	105900	A	G	-
NZ_AP023069.1	108782	T	G	-
NZ_AP023069.1	111500	AA	-	-
NZ_AP023069.1	112208	C	S	+
NZ_AP023069.1	114832	A	M	+
NZ_AP023069.1	114994	T	K	+
NZ_AP023069.1	117045	G	T	-
NZ_AP023069.1	117092	-	A	-
NZ_AP023069.1	117712	T	W	+
NZ_AP023069.1	118952	A	C	-
NZ_AP023069.1	119114	A	G	-
NZ_AP023069.1	120817	C	S	+
NZ_AP023069.1	121618	T	Y	+
NZ_AP023069.1	121937	T	K	+
NZ_AP023069.1	122367	A	T	-
NZ_AP023069.1	122909	C	-	-
NZ_AP023069.1	123551	A	R	+
NZ_AP023069.1	123899	-	C	+
NZ_AP023069.1	125795	A	W	+
NZ_AP023069.1	126115	C	S	+
NZ_AP023069.1	126745	-	T	-
NZ_AP023069.1	126850	T	Y	+
NZ_AP023069.1	128070	A	M	+
NZ_AP023069.1	128113	C	S	+
NZ_AP023069.1	129528	G	S	+
NZ_AP023069.1	129884	A	C	-
NZ_AP023069.1	129940	C	M	+
NZ_AP023069.1	131775	C	S	+
NZ_AP023069.1	132249	T	-	-
NZ_AP023069.1	133492	T	G	-
NZ_AP023069.1	137509	G	A	-
NZ_AP023069.1	139966	C	G	-
NZ_AP023069.1	140013	G	S	+
NZ_AP023069.1	140295	T	A	-
NZ_AP023069.1	140558	T	W	+
NZ_AP023069.1	141637	G	R	+
NZ_AP023069.1	142116	G	S	+
NZ_AP023069.1	142516	T	Y	+
NZ_AP023069.1	142872	G	T	-
NZ_AP023069.1	145113	C	-	-
NZ_AP023069.1	150469	G	K	+
NZ_AP023069.1	150825	C	S	+
NZ_AP023069.1	151236	G	R	+
NZ_AP023069.1	155451	C	Y	+
NZ_AP023069.1	156501	A	W	+
NZ_AP023069.1	156746	G	K	+
NZ_AP023069.1	157149	T	-	-
NZ_AP023069.1	157423	T	W	+
NZ_AP023069.1	160781	G	C	-
NZ_AP023069.1	160910	A	W	+
NZ_AP023069.1	161531	A	-	-
NZ_AP023069.1	161616	-	GC	+
NZ_AP023069.1	162648	A	W	+
NZ_AP023069.1	162984	T	Y	+
NZ_AP023069.1	163004	T	Y	+
NZ_AP023069.1	164209	A	W	+
NZ_AP023069.1	169235	A	M	+
NZ_AP023069.1	171153	C	M	+
NZ_AP023069.1	171738	C	S	+
NZ_AP023069.1	172397	T	Y	+
NZ_AP023069.1	173108	T	Y	+
NZ_AP023069.1	174606	GG	-	-
NZ_AP023069.1	176458	C	A	-
NZ_AP023069.1	177465	G	S	+
NZ_AP023069.1	177854	C	Y	+
NZ_AP023069.1	178775	G	C	-
NZ_AP023069.1	179659	A	R	+
NZ_AP023069.1	179821	T	Y	+
NZ_AP023069.1	181046	G	A	-
NZ_AP023069.1	182179	G	A	-
NZ_AP023069.1	182700	-	A	+
NZ_AP023069.1	182845	G	S	+
NZ_AP023069.1	184989	T	W	+
NZ_AP023069.1	185789	C	A	-
NZ_AP023069.1	186012	A	R	+
NZ_AP023069.1	186272	G	-	-
NZ_AP023069.1	186823	G	R	+
NZ_AP023069.1	187295	A	W	+
NZ_AP023069.1	187764	T	Y	+
NZ_AP023069.1	188125	C	S	+
NZ_AP023069.1	188438	G	S	+
NZ_AP023069.1	188761	T	K	+
NZ_AP023069.1	192898	GGG	-	-
NZ_AP023069.1	194866	G	S	+
NZ_AP023069.1	195768	A	M	+
NZ_AP023069.1	196020	A	W	+
NZ_AP023069.1	197432	G	A	-
NZ_AP023069.1	198565	G	R	+
NZ_AP023069.1	200636	-	C	+
NZ_AP023069.1	200888	C	Y	+
NZ_AP023069.1	201105	C	M	+
NZ_AP023069.1	201332	T	K	+
NZ_AP023069.1	202402	-	A	+
NZ_AP023069.1	204133	C	T	-
NZ_AP023069.1	204701	T	Y	+
NZ_AP023069.1	206108	A	R	+
NZ_AP023069.1	206754	T	G	-
NZ_AP023069.1	207936	A	R	+
NZ_AP023069.1	208663	C	M	+
NZ_AP023069.1	208713	A	M	+
NZ_AP023069.1	209984	T	W	+
NZ_AP023069.1	211616	G	A	-
NZ_AP023069.1	211686	-	T	+
NZ_AP023069.1	214110	-	G	+
NZ_AP023069.1	217875	G	R	+
NZ_AP023069.1	219643	G	R	+
NZ_AP023069.1	220150	C	Y	+
NZ_AP023069.1	220372	G	A	-
NZ_AP023069.1	221252	A	R	+
NZ_AP023069.1	222058	T	W	+
NZ_AP023069.1	222977	C	-	-
NZ_AP023069.1	224568	G	C	-
NZ_AP023069.1	225087	G	R	+
NZ_AP023069.1	225484	G	K	+
NZ_AP023069.1	225668	A	G	-
NZ_AP023069.1	225733	-	C	-
NZ_AP023069.1	226373	G	K	+
NZ_AP023069.1	226421	G	C	-
NZ_AP023069.1	227712	T	Y	+
NZ_AP023069.1	229006	A	M	+
NZ_AP023069.1	229152	G	R	+
NZ_AP023069.1	229859	-	C	+
NZ_AP023069.1	230053	C	Y	+
NZ_AP023069.1	231114	T	Y	+
NZ_AP023069.1	231184	A	-	-
NZ_AP023069.1	231600	C	S	+
NZ_AP023069.1	232080	A	W	+
NZ_AP023069.1	232438	C	Y	+
NZ_AP023069.1	233331	G	S	+
NZ_AP023069.1	233524	T	W	+
NZ_AP023069.1	233674	T	C	-
NZ_AP023069.1	233704	T	K	+
NZ_AP023069.1	234102	-	G	-
NZ_AP023069.1	236145	C	S	+
NZ_AP023069.1	237272	-	GC	+
NZ_AP023069.1	237577	C	Y	+
NZ_AP023069.1	237887	-	T	+
NZ_AP023069.1	239207	GG	-	-
NZ_AP023069.1	239699	T	W	+
NZ_AP023069.1	240936	C	M	+
NZ_AP023069.1	241614	C	M	+
NZ_AP023069.1	241797	C	M	+
NZ_AP023069.1	242396	A	M	+
NZ_AP023069.1	243218	A	R	+
NZ_AP023069.1	245038	A	M	+
NZ_AP023069.1	245282	-	G	+
NZ_AP023069.1	246569	A	M	+
NZ_AP023069.1	247458	T	C	-
NZ_AP023069.1	247720	G	-	-
NZ_AP023069.1	247834	AC	-	-
NZ_AP023069.1	248122	C	T	-
NZ_AP023069.1	248804	G	S	+
NZ_AP023069.1	248870	-	C	-
NZ_AP023069.1	249780	A	T	-
NZ_AP023069.1	249981	C	Y	+
NZ_AP023069.1	250904	-	A	+
NZ_AP023069.1	251111	C	M	+
NZ_AP023069.1	251235	T	W	+
NZ_AP023069.1	251305	-	GT	+
NZ_AP023069.1	253293	T	A	-
NZ_AP023069.1	254378	-	G	-
NZ_AP023069.1	257504	C	A	-
NZ_AP023069.1	257922	G	T	-
NZ_AP023069.1	259920	C	M	+
NZ_AP023069.1	260441	G	S	+
NZ_AP023069.1	260484	A	R	+
NZ_AP023069.1	261082	-	T	+
NZ_AP023069.1	261330	-	T	+
NZ_AP023069.1	263474	T	K	+
NZ_AP023069.1	263670	G	R	+
NZ_AP023069.1	263847	C	-	-
NZ_AP023069.1	264181	C	M	+
NZ_AP023069.1	266640	A	G	-
NZ_AP023069.1	269325	A	T	-
NZ_AP023069.1	272403	G	K	+
NZ_AP023069.1	272622	G	S	+
NZ_AP023069.1	272937	A	W	+
NZ_AP023069.1	274493	C	S	+
NZ_AP023069.1	276521	C	M	+
NZ_AP023069.1	277099	G	S	+
NZ_AP023069.1	279123	G	K	+
NZ_AP023069.1	281646	C	A	-
NZ_AP023069.1	282016	A	M	+
NZ_AP023069.1	283081	C	A	-
NZ_AP023069.1	284284	C	S	+
NZ_AP023069.1	286171	A	M	+
NZ_AP023069.1	286486	A	R	+
NZ_AP023069.1	286971	G	K	+
NZ_AP023069.1	287284	A	G	-
NZ_AP023069.1	287686	G	K	+
NZ_AP023069.1	289821	T	C	-
NZ_AP023069.1	291195	C	T	-
NZ_AP023069.1	293734	T	W	+
NZ_AP023069.1	293788	-	A	+
NZ_AP023069.1	295106	A	T	-
NZ_AP023069.1	295226	A	W	+
NZ_AP023069.1	296801	C	S	+
NZ_AP023069.1	297549	A	G	-
NZ_AP023069.1	298187	A	C	-
NZ_AP023069.1	298365	A	W	+
NZ_AP023069.1	300556	G	A	-
NZ_AP023069.1	301187	C	S	+
NZ_AP023069.1	301917	G	C	-
NZ_AP023069.1	302124	G	R	+
NZ_AP023069.1	302479	A	W	+
NZ_AP023069.1	304054	-	GG	+
NZ_AP023069.1	304057	C	Y	+
NZ_AP023069.1	305191	T	K	+
NZ_AP023069.1	305583	T	Y	+
NZ_AP023069.1	306392	C	M	+
NZ_AP023069.1	309372	C	Y	+
NZ_AP023069.1	309386	C	S	+
NZ_AP023069.1	310175	C	Y	+
NZ_AP023069.1	310951	T	Y	+
NZ_AP023069.1	311198	C	T	-
NZ_AP023069.1	311446	G	K	+
NZ_AP023069.1	311469	-	T	+
NZ_AP023069.1	311481	T	W	+
NZ_AP023069.1	311510	A	M	+
NZ_AP023069.1	313177	T	W	+
NZ_AP023069.1	313409	C	S	+
NZ_AP023069.1	314748	T	Y	+
NZ_AP023069.1	314914	T	A	-
NZ_AP023069.1	315564	G	A	-
NZ_AP023069.1	315674	T	G	-
NZ_AP023069.1	316558	T	A	-
NZ_AP023069.1	316868	-	CTGG	+
NZ_AP023069.1	317996	G	K	+
NZ_AP023069.1	318564	G	S	+
NZ_AP023069.1	320033	T	K	+
NZ_AP023069.1	320104	C	Y	+
NZ_AP023069.1	320481	C	A	-
NZ_AP023069.1	321210	T	K	+
NZ_AP023069.1	322912	C	-	-
NZ_AP023069.1	322981	G	T	-
NZ_AP023069.1	323584	T	Y	+
NZ_AP023069.1	325798	C	S	+
NZ_AP023069.1	326636	C	Y	+
NZ_AP023069.1	327914	T	Y	+
NZ_AP023069.1	329567	A	M	+
NZ_AP023069.1	330137	T	Y	+
NZ_AP023069.1	332151	-	A	+
NZ_AP023069.1	332700	G	S	+
NZ_AP023069.1	332876	C	M	+
NZ_AP023069.1	333728	G	C	-
NZ_AP023069.1	334118	G	T	-
NZ_AP023069.1	334295	G	S	+
NZ_AP023069.1	335086	G	S	+
NZ_AP023069.1	335134	-	C	+
NZ_AP023069.1	338073	-	A	+
NZ_AP023069.1	339760	C	G	-
NZ_AP023069.1	339866	C	G	-
NZ_AP023069.1	340175	G	R	+
NZ_AP023069.1	341703	C	-	-
NZ_AP023069.1	342436	T	G	-
NZ_AP023069.1	344184	G	C	-
NZ_AP023069.1	346915	A	R	+
NZ_AP023069.1	346963	G	S	+
NZ_AP023069.1	347185	C	M	+
NZ_AP023069.1	347547	T	W	+
NZ_AP023069.1	347617	A	W	+
NZ_AP023069.1	351461	G	C	-
NZ_AP023069.1	351490	A	C	-
NZ_AP023069.1	351672	G	K	+
NZ_AP023069.1	353225	A	-	-
NZ_AP023069.1	353479	T	K	+
NZ_AP023069.1	354378	C	Y	+
NZ_AP023069.1	354758	T	W	+
NZ_AP023069.1	355063	C	S	+
NZ_AP023069.1	355944	C	Y	+
NZ_AP023069.1	356910	T	Y	+
NZ_AP023069.1	357620	C	Y	+
NZ_AP023069.1	357701	A	W	+
NZ_AP023069.1	359727	G	R	+
NZ_AP023069.1	360364	T	C	-
NZ_AP023069.1	365073	A	M	+
NZ_AP023069.1	365312	-	G	+
NZ_AP023069.1	365789	T	C	-
NZ_AP023069.1	365845	G	S	+
NZ_AP023069.1	366327	G	S	+
NZ_AP023069.1	366417	T	Y	+
NZ_AP023069.1	367229	A	G	-
NZ_AP023069.1	367967	A	R	+
NZ_AP023069.1	369481	G	R	+
NZ_AP023069.1	370166	C	S	+
NZ_AP023069.1	371117	C	T	-
NZ_AP023069.1	373019	G	C	-
NZ_AP023069.1	373556	C	M	+
NZ_AP023069.1	374062	C	S	+
NZ_AP023069.1	374713	C	Y	+
NZ_AP023069.1	376663	C	Y	+
NZ_AP023069.1	377001	T	-	-
NZ_AP023069.1	377799	C	A	-
NZ_AP023069.1	378147	C	T	-
NZ_AP023069.1	378304	T	W	+
NZ_AP023069.1	378502	G	S	+
NZ_AP023069.1	378995	T	W	+
NZ_AP023069.1	380232	-	CC	-
NZ_AP023069.1	380362	C	Y	+
NZ_AP023069.1	380380	G	T	-
NZ_AP023069.1	380558	A	C	-
NZ_AP023069.1	382237	C	S	+
NZ_AP023069.1	382803	A	T	-
NZ_AP023069.1	383030	G	S	+
NZ_AP023069.1	385098	C	S	+
NZ_AP023069.1	385519	T	W	+
NZ_AP023069.1	386530	G	S	+
NZ_AP023069.1	387521	G	C	-
NZ_AP023069.1	388407	-	A	+
NZ_AP023069.1	388707	T	G	-
NZ_AP023069.1	388925	G	S	+
NZ_AP023069.1	395377	T	G	-
NZ_AP023069.1	396254	T	K	+
NZ_AP023069.1	397574	T	C	-
NZ_AP023069.1	399320	G	S	+
NZ_AP023069.1	399779	A	W	+
NZ_AP023069.1	401914	A	R	+
NZ_AP023069.1	403430	G	S	+
NZ_AP023069.1	403526	T	W	+
NZ_AP023069.1	405041	G	K	+
NZ_AP023069.1	405079	C	-	-
NZ_AP023069.1	405176	T	K	+
NZ_AP023069.1	405245	A	C	-
NZ_AP023069.1	405393	C	Y	+
NZ_AP023069.1	406556	T	K	+
NZ_AP023069.1	407574	A	-	-
NZ_AP023069.1	408029	G	A	-
NZ_AP023069.1	408527	G	C	-
NZ_AP023069.1	408760	A	G	-
NZ_AP023069.1	408779	T	Y	+
NZ_AP023069.1	412776	A	M	+
NZ_AP023069.1	413336	G	R	+
NZ_AP023069.1	413554	G	C	-
NZ_AP023069.1	414526	G	A	-
NZ_AP023069.1	414828	G	S	+
NZ_AP023069.1	416890	T	Y	+
NZ_AP023069.1	423367	T	A	-
NZ_AP023069.1	426216	C	G	-
NZ_AP023069.1	426507	A	R	+
NZ_AP023069.1	428115	-	T	-
NZ_AP023069.1	429616	GC	-	-
NZ_AP023069.1	429699	-	G	+
NZ_AP023069.1	431123	C	M	+
NZ_AP023069.1	431725	T	W	+
NZ_AP023069.1	432887	T	W	+
NZ_AP023069.1	435241	G	R	+
NZ_AP023069.1	435723	T	G	-
NZ_AP023069.1	437399	A	G	-
NZ_AP023069.1	438256	A	C	-
NZ_AP023069.1	438482	C	Y	+
NZ_AP023069.1	439421	C	S	+
NZ_AP023069.1	441096	A	W	+
NZ_AP023069.1	442381	A	M	+
NZ_AP023069.1	442912	T	W	+
NZ_AP023069.1	446846	T	G	-
NZ_AP023069.1	447762	-	G	+
NZ_AP023069.1	448675	A	W	+
NZ_AP023069.1	448703	T	C	-
NZ_AP023069.1	448714	T	K	+
NZ_AP023069.1	448992	C	Y	+
NZ_AP023069.1	449161	C	Y	+
NZ_AP023069.1	450283	ATCA	-	-
NZ_AP023069.1	450314	A	R	+
NZ_AP023069.1	450600	G	S	+
NZ_AP023069.1	451996	G	K	+
NZ_AP023069.1	452781	T	Y	+
NZ_AP023069.1	453493	G	S	+
NZ_AP023069.1	455025	C	S	+
NZ_AP023069.1	456164	T	K	+
NZ_AP023069.1	456788	-	T	+
NZ_AP023069.1	457736	AC	-	-
NZ_AP023069.1	459571	G	K	+
NZ_AP023069.1	460484	G	-	-
NZ_AP023069.1	461397	T	A	-
NZ_AP023069.1	462365	C	G	-
NZ_AP023069.1	462615	G	-	-
NZ_AP023069.1	463835	-	G	+
NZ_AP023069.1	464251	T	-	-
NZ_AP023069.1	464783	G	K	+
NZ_AP023069.1	465510	G	K	+
NZ_AP023069.1	465868	C	-	-
NZ_AP023069.1	466205	C	S	+
NZ_AP023069.1	467426	T	K	+
NZ_AP023069.1	468207	A	G	-
NZ_AP023069.1	469609	C	-	-
NZ_AP023069.1	470033	C	S	+
NZ_AP023069.1	470922	G	-	-
NZ_AP023069.1	471960	C	Y	+
NZ_AP023069.1	472295	G	A	-
NZ_AP023069.1	474069	T	W	+
NZ_AP023069.1	476054	T	W	+
NZ_AP023069.1	478462	G	T	-
NZ_AP023069.1	479517	T	C	-
NZ_AP023069.1	480775	-	AC	-
NZ_AP023069.1	480890	C	M	+
NZ_AP023069.1	482067	C	T	-
NZ_AP023069.1	482760	G	S	+
NZ_AP023069.1	483289	T	K	+
NZ_AP023069.1	483658	C	T	-
NZ_AP023069.1	483664	G	R	+
NZ_AP023069.1	484331	G	A	-
NZ_AP023069.1	484848	A	W	+
NZ_AP023069.1	487425	G	T	-
NZ_AP023069.1	487528	G	K	+
NZ_AP023069.1	489041	G	T	-
NZ_AP023069.1	489543	-	T	+
NZ_AP023069.1	489661	T	A	-
NZ_AP023069.1	490482	C	G	-
NZ_AP023069.1	490992	A	W	+
NZ_AP023069.1	491329	-	G	-
NZ_AP023069.1	491440	A	R	+
NZ_AP023069.1	494745	-	G	-
NZ_AP023069.1	497587	T	G	-
NZ_AP023069.1	498324	C	Y	+
NZ_AP023069.1	498982	G	R	+
NZ_AP023069.1	499087	A	W	+
NZ_AP023069.1	500463	C	G	-
NZ_AP023069.1	500538	-	CA	+
NZ_AP023069.1	500609	C	G	-
NZ_AP023069.1	500739	C	M	+
NZ_AP023069.1	501084	T	-	-
NZ_AP023069.1	501170	-	G	-
NZ_AP023069.1	502072	T	K	+
NZ_AP023069.1	504220	A	M	+
NZ_AP023069.1	504380	A	R	+
NZ_AP023069.1	504927	C	M	+
NZ_AP023069.1	505710	G	S	+
NZ_AP023069.1	505888	G	S	+
NZ_AP023069.1	507915	T	W	+
NZ_AP023069.1	508240	T	K	+
NZ_AP023069.1	508529	T	Y	+
NZ_AP023069.1	511725	C	Y	+
NZ_AP023069.1	512055	T	Y	+
NZ_AP023069.1	514190	A	W	+
NZ_AP023069.1	516200	C	T	-
NZ_AP023069.1	517065	A	R	+
NZ_AP023069.1	518781	A	R	+
NZ_AP023069.1	519188	C	G	-
NZ_AP023069.1	519943	T	W	+
NZ_AP023069.1	520087	G	R	+
NZ_AP023069.1	521332	A	G	-
NZ_AP023069.1	521983	G	-	-
NZ_AP023069.1	522917	A	R	+
NZ_AP023069.1	523369	G	K	+
NZ_AP023069.1	523699	A	M	+
NZ_AP023069.1	523737	G	K	+
NZ_AP023069.1	524135	T	A	-
NZ_AP023069.1	525195	A	T	-
NZ_AP023069.1	525900	A	R	+
NZ_AP023069.1	526215	T	Y	+
NZ_AP023069.1	526758	C	Y	+
NZ_AP023069.1	528208	T	K	+
NZ_AP023069.1	529185	C	S	+
NZ_AP023069.1	529369	-	TG	+
NZ_AP023069.1	530206	-	C	+
NZ_AP023069.1	530701	C	Y	+
NZ_AP023069.1	531632	A	W	+
NZ_AP023069.1	532755	T	G	-
NZ_AP023069.1	533897	T	A	-
NZ_AP023069.1	535079	T	K	+
NZ_AP023069.1	538644	C	M	+
NZ_AP023069.1	539690	C	Y	+
NZ_AP023069.1	539864	TGC	-	-
NZ_AP023069.1	540269	C	G	-
NZ_AP023069.1	540673	G	R	+
NZ_AP023069.1	541473	A	W	+
NZ_AP023069.1	544058	T	K	+
NZ_AP023069.1	544257	-	A	-
NZ_AP023069.1	544484	A	T	-
NZ_AP023069.1	545543	G	R	+
NZ_AP023069.1	548877	G	R	+
NZ_AP023069.1	549038	A	M	+
NZ_AP023069.1	554666	T	W	+
NZ_AP023069.1	555961	T	G	-
NZ_AP023069.1	557160	G	T	-
NZ_AP023069.1	557457	T	C	-
NZ_AP023069.1	559319	C	T	-
NZ_AP023069.1	561947	C	A	-
NZ_AP023069.1	562936	T	K	+
NZ_AP023069.1	564809	C	S	+
NZ_AP023069.1	566545	T	-	-
NZ_AP023069.1	567724	C	G	-
NZ_AP023069.1	568019	C	T	-
NZ_AP023069.1	568914	C	-	-
NZ_AP023069.1	569718	-	T	-
NZ_AP023069.1	570366	T	A	-
NZ_AP023069.1	570438	G	R	+
NZ_AP023069.1	570921	T	A	-
NZ_AP023069.1	573617	T	C	-
NZ_AP023069.1	573883	G	R	+
NZ_AP023069.1	574826	C	Y	+
NZ_AP023069.1	575952	G	S	+
NZ_AP023069.1	577136	-	TTT	+
NZ_AP023069.1	578228	T	K	+
NZ_AP023069.1	578311	GTG	-	-
NZ_AP023069.1	578407	-	T	+
NZ_AP023069.1	581051	C	A	-
NZ_AP023069.1	581263	-	AA	+
NZ_AP023069.1	581400	T	K	+
NZ_AP023069.1	581798	T	Y	+
NZ_AP023069.1	582544	T	W	+
NZ_AP023069.1	588494	T	K	+
NZ_AP023069.1	589352	A	-	-
NZ_AP023069.1	589892	A	R	+
NZ_AP023069.1	590110	C	T	-
NZ_AP023069.1	590631	G	T	-
NZ_AP023069.1	591373	A	M	+
NZ_AP023069.1	592483	C	S	+
NZ_AP023069.1	592555	A	G	-
NZ_AP023069.1	593227	C	M	+
NZ_AP023069.1	593759	G	-	-
NZ_AP023069.1	595250	C	-	-
NZ_AP023069.1	595552	A	M	+
NZ_AP023069.1	596623	T	Y	+
NZ_AP023069.1	598158	G	T	-
NZ_AP023069.1	598548	C	M	+
NZ_AP023069.1	603914	A	G	-
NZ_AP023069.1	603916	G	A	-
NZ_AP023069.1	604638	T	Y	+
NZ_AP023069.1	606890	G	S	+
NZ_AP023069.1	606969	G	-	-
NZ_AP023069.1	609725	C	Y	+
NZ_AP023069.1	609734	A	M	+
NZ_AP023069.1	610323	G	K	+
NZ_AP023069.1	611068	C	-	-
NZ_AP023069.1	611977	T	A	-
NZ_AP023069.1	612338	AAG	-	-
NZ_AP023069.1	613044	G	S	+
NZ_AP023069.1	613159	C	T	-
NZ_AP023069.1	613357	G	S	+
NZ_AP023069.1	613385	-	G	+
NZ_AP023069.1	613870	A	R	+
NZ_AP023069.1	614601	C	Y	+
NZ_AP023069.1	614696	T	-	-
NZ_AP023069.1	616163	A	R	+
NZ_AP023069.1	618574	C	M	+
NZ_AP023069.1	619242	C	Y	+
NZ_AP023069.1	620268	CAA	-	-
NZ_AP023069.1	620973	C	Y	+
NZ_AP023069.1	621718	G	S	+
NZ_AP023069.1	622380	C	M	+
NZ_AP023069.1	623006	A	R	+
NZ_AP023069.1	623047	A	R	+
NZ_AP023069.1	623172	T	W	+
NZ_AP023069.1	623871	C	M	+
NZ_AP023069.1	625029	C	M	+
NZ_AP023069.1	625960	G	S	+
NZ_AP023069.1	626133	CG	-	-
NZ_AP023069.1	626804	T	Y	+
NZ_AP023069.1	629062	A	M	+
NZ_AP023069.1	629755	G	-	-
NZ_AP023069.1	630405	G	A	-
NZ_AP023069.1	631264	G	K	+
NZ_AP023069.1	631735	C	A	-
NZ_AP023069.1	632644	C	M	+
NZ_AP023069.1	635284	G	C	-
NZ_AP023069.1	635292	G	K	+
NZ_AP023069.1	635328	C	S	+
NZ_AP023069.1	635402	T	W	+
NZ_AP023069.1	636653	T	K	+
NZ_AP023069.1	637058	C	T	-
NZ_AP023069.1	638320	C	M	+
NZ_AP023069.1	639092	C	T	-
NZ_AP023069.1	639234	T	Y	+
NZ_AP023069.1	639553	T	K	+
NZ_AP023069.1	640140	T	W	+
NZ_AP023069.1	640420	A	T	-
NZ_AP023069.1	642861	T	Y	+
NZ_AP023069.1	643047	T	-	-
NZ_AP023069.1	643254	-	T	+
NZ_AP023069.1	643378	T	Y	+
NZ_AP023069.1	643665	A	M	+
NZ_AP023069.1	644436	G	S	+
NZ_AP023069.1	645280	A	W	+
NZ_AP023069.1	646934	T	K	+
NZ_AP023069.1	647123	G	A	-
NZ_AP023069.1	647470	A	T	-
NZ_AP023069.1	648060	A	M	+
NZ_AP023069.1	648968	A	R	+
NZ_AP023069.1	649051	A	M	+
NZ_AP023069.1	650291	G	R	+
NZ_AP023069.1	650616	G	R	+
NZ_AP023069.1	651565	G	R	+
NZ_AP023069.1	652989	A	M	+
NZ_AP023069.1	653533	C	T	-
NZ_AP023069.1	654026	G	T	-
NZ_AP023069.1	654612	A	G	-
NZ_AP023069.1	655935	T	Y	+
NZ_AP023069.1	656934	T	G	-
NZ_AP023069.1	657176	C	G	-
NZ_AP023069.1	658003	A	M	+
NZ_AP023069.1	658438	T	A	-
NZ_AP023069.1	658766	G	S	+
NZ_AP023069.1	658844	C	T	-
NZ_AP023069.1	659592	T	A	-
NZ_AP023069.1	660971	A	G	-
NZ_AP023069.1	661008	T	K	+
NZ_AP023069.1	661128	G	K	+
NZ_AP023069.1	661449	A	T	-
NZ_AP023069.1	662314	A	C	-
NZ_AP023069.1	662715	A	W	+
NZ_AP023069.1	663416	T	K	+
NZ_AP023069.1	665113	G	-	-
NZ_AP023069.1	665679	T	-	-
NZ_AP023069.1	666645	T	Y	+
NZ_AP023069.1	666823	-	CA	-
NZ_AP023069.1	669593	T	K	+
NZ_AP023069.1	669918	-	T	+
NZ_AP023069.1	671180	C	S	+
NZ_AP023069.1	674472	T	K	+
NZ_AP023069.1	676721	A	T	-
NZ_AP023069.1	679619	C	G	-
NZ_AP023069.1	679632	G	C	-
NZ_AP023069.1	680138	A	M	+
NZ_AP023069.1	680611	G	A	-
NZ_AP023069.1	681273	G	S	+
NZ_AP023069.1	684037	C	G	-
NZ_AP023069.1	687274	AT	-	-
NZ_AP023069.1	688954	A	R	+
NZ_AP023069.1	689087	T	K	+
NZ_AP023069.1	689118	G	K	+
NZ_AP023069.1	690111	C	Y	+
NZ_AP023069.1	690112	T	W	+
NZ_AP023069.1	692528	G	S	+
NZ_AP023069.1	694652	T	K	+
NZ_AP023069.1	695391	C	M	+
NZ_AP023069.1	695787	GC	-	-
NZ_AP023069.1	695826	A	M	+
NZ_AP023069.1	699466	A	G	-
NZ_AP023069.1	705350	G	S	+
NZ_AP023069.1	709662	A	W	+
NZ_AP023069.1	711004	G	-	-
NZ_AP023069.1	712035	T	K	+
NZ_AP023069.1	712442	C	M	+
NZ_AP023069.1	712860	C	-	-
NZ_AP023069.1	713037	A	R	+
NZ_AP023069.1	713149	A	T	-
NZ_AP023069.1	713265	T	W	+
NZ_AP023069.1	714257	-	TA	+
NZ_AP023069.1	714329	G	K	+
NZ_AP023069.1	714751	C	Y	+
NZ_AP023069.1	715338	T	A	-
NZ_AP023069.1	716929	C	S	+
NZ_AP023069.1	718008	C	A	-
NZ_AP023069.1	718414	T	Y	+
NZ_AP023069.1	718560	C	G	-
NZ_AP023069.1	718952	T	K	+
NZ_AP023069.1	719159	A	R	+
NZ_AP023069.1	720391	G	T	-
NZ_AP023069.1	722532	T	-	-
NZ_AP023069.1	722604	T	C	-
NZ_AP023069.1	723675	T	W	+
NZ_AP023069.1	724130	A	R	+
NZ_AP023069.1	724391	-	AC	+
NZ_AP023069.1	726242	C	Y	+
NZ_AP023069.1	726514	A	W	+
NZ_AP023069.1	726573	G	-	-
NZ_AP023069.1	728427	T	K	+
NZ_AP023069.1	728823	T	W	+
NZ_AP023069.1	730635	CGC	-	-
NZ_AP023069.1	733855	A	C	-
NZ_AP023069.1	734784	A	W	+
NZ_AP023069.1	734829	C	T	-
NZ_AP023069.1	736074	T	Y	+
NZ_AP023069.1	739129	T	Y	+
NZ_AP023069.1	739200	T	K	+
NZ_AP023069.1	741664	A	R	+
NZ_AP023069.1	742780	A	G	-
NZ_AP023069.1	744248	C	Y	+
NZ_AP023069.1	745150	T	Y	+
NZ_AP023069.1	746427	C	-	-
NZ_AP023069.1	746725	A	M	+
NZ_AP023069.1	747814	C	G	-
NZ_AP023069.1	750281	T	Y	+
NZ_AP023069.1	750747	C	S	+
NZ_AP023069.1	750765	G	T	-
NZ_AP023069.1	750880	A	M	+
NZ_AP023069.1	751381	C	Y	+
NZ_AP023069.1	751477	T	G	-
NZ_AP023069.1	753783	G	K	+
NZ_AP023069.1	754105	G	T	-
NZ_AP023069.1	755700	A	R	+
NZ_AP023069.1	755936	T	W	+
NZ_AP023069.1	758948	C	T	-
NZ_AP023069.1	759809	G	S	+
NZ_AP023069.1	761110	C	M	+
NZ_AP023069.1	761223	T	-	-
NZ_AP023069.1	762384	TA	-	-
NZ_AP023069.1	764326	GC	-	-
NZ_AP023069.1	765028	T	Y	+
NZ_AP023069.1	765092	A	M	+
NZ_AP023069.1	770476	G	K	+
NZ_AP023069.1	771968	G	K	+
NZ_AP023069.1	772604	A	R	+
NZ_AP023069.1	773430	C	Y	+
NZ_AP023069.1	773604	C	M	+
NZ_AP023069.1	774819	A	T	-
NZ_AP023069.1	777201	T	Y	+
NZ_AP023069.1	778424	C	S	+
NZ_AP023069.1	779512	T	Y	+
NZ_AP023069.1	781239	-	GA	+
NZ_AP023069.1	781778	C	M	+
NZ_AP023069.1	782135	A	M	+
NZ_AP023069.1	783199	G	R	+
NZ_AP023069.1	783320	C	-	-
NZ_AP023069.1	786685	T	K	+
NZ_AP023069.1	786920	G	K	+
NZ_AP023069.1	787124	A	M	+
NZ_AP023069.1	790472	A	R	+
NZ_AP023069.1	791023	A	W	+
NZ_AP023069.1	791454	A	M	+
NZ_AP023069.1	792599	G	S	+
NZ_AP023069.1	792645	T	Y	+
NZ_AP023069.1	793300	-	C	-
NZ_AP023069.1	793584	T	A	-
NZ_AP023069.1	793677	T	-	-
NZ_AP023069.1	793742	C	S	+
NZ_AP023069.1	794809	C	S	+
NZ_AP023069.1	795780	A	G	-
NZ_AP023069.1	796990	G	R	+
NZ_AP023069.1	798226	A	R	+
NZ_AP023069.1	798556	T	W	+
NZ_AP023069.1	798625	G	R	+
NZ_AP023069.1	799869	A	R	+
NZ_AP023069.1	800006	C	M	+
NZ_AP023069.1	800166	A	C	-
NZ_AP023069.1	801168	G	R	+
NZ_AP023069.1	802449	G	C	-
NZ_AP023069.1	804335	C	M	+
NZ_AP023069.1	804837	C	A	-
NZ_AP023069.1	805393	T	G	-
NZ_AP023069.1	806169	-	G	+
NZ_AP023069.1	806432	T	A	-
NZ_AP023069.1	806721	C	S	+
NZ_AP023069.1	807888	A	W	+
NZ_AP023069.1	808072	G	S	+
NZ_AP023069.1	808899	A	T	-
NZ_AP023069.1	809317	G	A	-
NZ_AP023069.1	809571	C	-	-
NZ_AP023069.1	811814	G	T	-
NZ_AP023069.1	811953	G	R	+
NZ_AP023069.1	812303	G	S	+
NZ_AP023069.1	813278	G	R	+
NZ_AP023069.1	814306	C	S	+
NZ_AP023069.1	818692	T	Y	+
NZ_AP023069.1	818950	C	A	-
NZ_AP023069.1	819060	T	W	+
NZ_AP023069.1	819158	T	W	+
NZ_AP023069.1	821840	G	T	-
NZ_AP023069.1	822485	A	R	+
NZ_AP023069.1	825040	GC	-	-
NZ_AP023069.1	828100	G	S	+
NZ_AP023069.1	828519	C	-	-
NZ_AP023069.1	828815	G	-	-
NZ_AP023069.1	828840	C	M	+
NZ_AP023069.1	829833	G	S	+
NZ_AP023069.1	831171	A	-	-
NZ_AP023069.1	832440	C	A	-
NZ_AP023069.1	833361	-	G	-
NZ_AP023069.1	833940	G	K	+
NZ_AP023069.1	835186	C	S	+
NZ_AP023069.1	835310	C	Y	+
NZ_AP023069.1	835517	T	W	+
NZ_AP023069.1	835799	T	W	+
NZ_AP023069.1	836090	A	G	-
NZ_AP023069.1	836239	A	G	-
NZ_AP023069.1	836850	T	W	+
NZ_AP023069.1	837975	T	Y	+
NZ_AP023069.1	838144	A	W	+
NZ_AP023069.1	838859	T	-	-
NZ_AP023069.1	839142	A	W	+
NZ_AP023069.1	841283	T	K	+
NZ_AP023069.1	841529	C	G	-
NZ_AP023069.1	842103	G	R	+
NZ_AP023069.1	842476	G	C	-
NZ_AP023069.1	844377	A	M	+
NZ_AP023069.1	845507	C	M	+
NZ_AP023069.1	846888	C	S	+
NZ_AP023069.1	847705	T	-	-
NZ_AP023069.1	847910	T	W	+
NZ_AP023069.1	849114	C	A	-
NZ_AP023069.1	849477	C	G	-
NZ_AP023069.1	849980	T	W	+
NZ_AP023069.1	850465	A	C	-
NZ_AP023069.1	850628	T	K	+
NZ_AP023069.1	850716	G	K	+
NZ_AP023069.1	851146	T	G	-
NZ_AP023069.1	853373	C	S	+
NZ_AP023069.1	853783	G	S	+
NZ_AP023069.1	854667	G	R	+
NZ_AP023069.1	855392	G	R	+
NZ_AP023069.1	858280	TA	-	-
NZ_AP023069.1	860440	A	C	-
NZ_AP023069.1	860608	-	A	-
NZ_AP023069.1	861940	-	AG	-
NZ_AP023069.1	862823	T	Y	+
NZ_AP023069.1	863208	G	C	-
NZ_AP023069.1	863604	G	K	+
NZ_AP023069.1	865523	G	T	-
NZ_AP023069.1	866017	CAC	-	-
NZ_AP023069.1	866028	T	-	-
NZ_AP023069.1	866047	T	Y	+
NZ_AP023069.1	866491	G	A	-
NZ_AP023069.1	867350	G	A	-
NZ_AP023069.1	867744	T	W	+
NZ_AP023069.1	870350	-	G	+
NZ_AP023069.1	871024	G	R	+
NZ_AP023069.1	871238	G	T	-
NZ_AP023069.1	871774	G	R	+
NZ_AP023069.1	872317	A	W	+
NZ_AP023069.1	873167	C	M	+
NZ_AP023069.1	873935	C	A	-
NZ_AP023069.1	876621	C	T	-
NZ_AP023069.1	877056	G	K	+
NZ_AP023069.1	878884	T	W	+
NZ_AP023069.1	879201	T	Y	+
NZ_AP023069.1	880057	C	M	+
NZ_AP023069.1	880189	C	T	-
NZ_AP023069.1	881800	T	K	+
NZ_AP023069.1	882988	T	K	+
NZ_AP023069.1	883465	A	T	-
NZ_AP023069.1	883902	-	G	+
NZ_AP023069.1	883973	T	Y	+
NZ_AP023069.1	884498	C	T	-
NZ_AP023069.1	885367	C	M	+
NZ_AP023069.1	886188	A	R	+
NZ_AP023069.1	886774	C	S	+
NZ_AP023069.1	888248	G	C	-
NZ_AP023069.1	888368	C	Y	+
NZ_AP023069.1	888438	A	W	+
NZ_AP023069.1	888686	T	Y	+
NZ_AP023069.1	889592	C	G	-
NZ_AP023069.1	889725	G	R	+
NZ_AP023069.1	890175	-	G	+
NZ_AP023069.1	890798	A	M	+
NZ_AP023069.1	892264	C	S	+
NZ_AP023069.1	892356	-	AC	+
NZ_AP023069.1	892456	C	M	+
NZ_AP023069.1	893249	G	A	-
NZ_AP023069.1	898137	ATGC	-	-
NZ_AP023069.1	898275	G	R	+
NZ_AP023069.1	898999	C	G	-
NZ_AP023069.1	899872	A	W	+
NZ_AP023069.1	900076	A	M	+
NZ_AP023069.1	902066	T	G	-
NZ_AP023069.1	902584	T	Y	+
NZ_AP023069.1	902870	C	S	+
NZ_AP023069.1	902871	C	Y	+
NZ_AP023069.1	904748	T	W	+
NZ_AP023069.1	906836	A	G	-
NZ_AP023069.1	908773	T	G	-
NZ_AP023069.1	911567	A	W	+
NZ_AP023069.1	911952	T	A	-
NZ_AP023069.1	913251	T	W	+
NZ_AP023069.1	915157	G	S	+
NZ_AP023069.1	917732	C	G	-
NZ_AP023069.1	918874	-	GA	-
NZ_AP023069.1	919135	C	S	+
NZ_AP023069.1	919869	C	M	+
NZ_AP023069.1	922417	TAT	-	-
NZ_AP023069.1	923873	A	W	+
NZ_AP023069.1	926627	T	W	+
NZ_AP023069.1	926966	C	T	-
NZ_AP023069.1	927932	-	TACC	+
NZ_AP023069.1	928322	T	G	-
NZ_AP023069.1	929947	T	Y	+
NZ_AP023069.1	930544	A	C	-
NZ_AP023069.1	931748	A	R	+
NZ_AP023069.1	932171	C	T	-
NZ_AP023069.1	932338	C	S	+
NZ_AP023069.1	933896	G	K	+
NZ_AP023069.1	934979	A	M	+
NZ_AP023069.1	935106	C	Y	+
NZ_AP023069.1	936232	-	C	-
NZ_AP023069.1	936771	T	W	+
NZ_AP023069.1	937146	G	T	-
NZ_AP023069.1	938981	G	R	+
NZ_AP023069.1	940192	T	K	+
NZ_AP023069.1	940664	C	Y	+
NZ_AP023069.1	943181	T	Y	+
NZ_AP023069.1	944086	A	W	+
NZ_AP023069.1	944627	G	K	+
NZ_AP023069.1	945157	C	Y	+
NZ_AP023069.1	946153	A	G	-
NZ_AP023069.1	946171	G	R	+
NZ_AP023069.1	947895	T	K	+
NZ_AP023069.1	948502	G	K	+
NZ_AP023069.1	949282	C	Y	+
NZ_AP023069.1	950858	A	T	-
NZ_AP023069.1	951397	G	C	-
NZ_AP023069.1	951615	A	G	-
NZ_AP023069.1	952942	C	Y	+
NZ_AP023069.1	955504	A	R	+
NZ_AP023069.1	955652	T	G	-
NZ_AP023069.1	956411	C	G	-
NZ_AP023069.1	957469	T	W	+
NZ_AP023069.1	958524	G	A	-
NZ_AP023069.1	961846	T	C	-
NZ_AP023069.1	962261	T	K	+
NZ_AP023069.1	962632	T	Y	+
NZ_AP023069.1	963075	T	A	-
NZ_AP023069.1	963500	T	Y	+
NZ_AP023069.1	965579	A	G	-
NZ_AP023069.1	966167	G	S	+
NZ_AP023069.1	966905	T	W	+
NZ_AP023069.1	969592	G	R	+
NZ_AP023069.1	969906	T	Y	+
NZ_AP023069.1	970302	A	W	+
NZ_AP023069.1	972453	A	R	+
NZ_AP023069.1	973111	T	A	-
NZ_AP023069.1	974036	C	M	+
NZ_AP023069.1	974445	C	T	-
NZ_AP023069.1	974968	A	M	+
NZ_AP023069.1	976304	G	R	+
NZ_AP023069.1	976448	A	M	+
NZ_AP023069.1	977131	G	C	-
NZ_AP023069.1	977396	T	Y	+
NZ_AP023069.1	977509	A	-	-
NZ_AP023069.1	978386	C	M	+
NZ_AP023069.1	979090	A	W	+
NZ_AP023069.1	981782	T	Y	+
NZ_AP023069.1	982048	G	S	+
NZ_AP023069.1	982623	T	K	+
NZ_AP023069.1	983915	A	M	+
NZ_AP023069.1	986219	TG	-	-
NZ_AP023069.1	987451	C	S	+
NZ_AP023069.1	988228	T	Y	+
NZ_AP023069.1	988352	C	T	-
NZ_AP023069.1	989534	C	M	+
NZ_AP023069.1	991014	T	Y	+
NZ_AP023069.1	991139	A	C	-
NZ_AP023069.1	991588	C	Y	+
NZ_AP023069.1	991925	G	A	-
NZ_AP023069.1	992150	A	G	-
NZ_AP023069.1	994406	G	K	+
NZ_AP023069.1	997296	G	K	+
NZ_AP023069.1	998506	A	R	+
NZ_AP023069.1	998791	C	-	-
NZ_AP023069.1	998933	C	M	+
NZ_AP023069.1	999077	-	AA	+
NZ_AP023069.1	999772	G	R	+
NZ_AP023069.1	1002820	C	Y	+
NZ_AP023069.1	1003165	A	G	-
NZ_AP023069.1	1006143	G	-	-
NZ_AP023069.1	1006478	G	S	+
NZ_AP023069.1	1008956	-	TTG	-
NZ_AP023069.1	1010409	T	Y	+
NZ_AP023069.1	1012824	A	M	+
NZ_AP023069.1	1014679	G	R	+
NZ_AP023069.1	1015686	G	C	-
NZ_AP023069.1	1017035	G	T	-
NZ_AP023069.1	1017872	A	W	+
NZ_AP023069.1	1020627	-	A	-
NZ_AP023069.1	1021256	CC	-	-
NZ_AP023069.1	1024658	A	W	+
NZ_AP023069.1	1025266	G	T	-
NZ_AP023069.1	1028178	G	K	+
NZ_AP023069.1	1028903	G	K	+
NZ_AP023069.1	1029516	C	A	-
NZ_AP023069.1	1029540	C	M	+
NZ_AP023069.1	1032904	-	T	+
NZ_AP023069.1	1033146	T	A	-
NZ_AP023069.1	1033590	C	S	+
NZ_AP023069.1	1035105	T	A	-
NZ_AP023069.1	1035166	A	T	-
NZ_AP023069.1	1036110	-	GC	+
NZ_AP023069.1	1036798	CG	-	-
NZ_AP023069.1	1038321	T	A	-
NZ_AP023069.1	1040399	A	G	-
NZ_AP023069.1	1040989	G	R	+
NZ_AP023069.1	1041303	-	A	+
NZ_AP023069.1	1042605	T	W	+
NZ_AP023069.1	1043213	G	K	+
NZ_AP023069.1	1044885	T	Y	+
NZ_AP023069.1	1045229	T	G	-
NZ_AP023069.1	1045862	C	S	+
NZ_AP023069.1	1046127	A	R	+
NZ_AP023069.1	1046786	A	R	+
NZ_AP023069.1	1047353	A	W	+
NZ_AP023069.1	1047451	G	C	-
NZ_AP023069.1	1047605	A	R	+
NZ_AP023069.1	1051179	A	T	-
NZ_AP023069.1	1051475	C	-	-
NZ_AP023069.1	1053239	C	M	+
NZ_AP023069.1	1054173	T	C	-
NZ_AP023069.1	1055027	T	Y	+
NZ_AP023069.1	1055726	G	R	+
NZ_AP023069.1	1055751	G	R	+
NZ_AP023069.1	1056504	G	A	-
NZ_AP023069.1	1056591	T	K	+
NZ_AP023069.1	1057461	C	M	+
NZ_AP023069.1	1057471	T	G	-
NZ_AP023069.1	1057749	A	W	+
NZ_AP023069.1	1058040	C	Y	+
NZ_AP023069.1	1059372	T	Y	+
NZ_AP023069.1	1059897	T	Y	+
NZ_AP023069.1	1060377	CC	-	-
NZ_AP023069.1	1060541	T	Y	+
NZ_AP023069.1	1060907	T	-	-
NZ_AP023069.1	1061924	C	-	-
NZ_AP023069.1	1063325	C	G	-
NZ_AP023069.1	1067758	A	-	-
NZ_AP023069.1	1067893	C	-	-
NZ_AP023069.1	1067934	A	M	+
NZ_AP023069.1	1069791	T	K	+
NZ_AP023069.1	1069949	T	W	+
NZ_AP023069.1	1072589	T	W	+
NZ_AP023069.1	1073684	-	A	+
NZ_AP023069.1	1073725	T	K	+
NZ_AP023069.1	1075648	C	S	+
NZ_AP023069.1	1078531	C	-	-
NZ_AP023069.1	1080233	T	-	-
NZ_AP023069.1	1080377	G	K	+
NZ_AP023069.1	1080619	A	W	+
NZ_AP023069.1	1081742	A	T	-
NZ_AP023069.1	1081808	C	S	+
NZ_AP023069.1	1082482	T	G	-
NZ_AP023069.1	1082497	-	A	-
NZ_AP023069.1	1082756	A	M	+
NZ_AP023069.1	1086104	T	W	+
NZ_AP023069.1	1086989	C	S	+
NZ_AP023069.1	1087438	C	Y	+
NZ_AP023069.1	1088155	-	G	+
NZ_AP023069.1	1088829	A	G	-
NZ_AP023069.1	1089481	T	K	+
NZ_AP023069.1	1090856	C	T	-
NZ_AP023069.1	1092055	G	S	+
NZ_AP023069.1	1092296	G	R	+
NZ_AP023069.1	1092545	C	G	-
NZ_AP023069.1	1092784	C	T	-
NZ_AP023069.1	1092958	A	R	+
NZ_AP023069.1	1094035	G	K	+
NZ_AP023069.1	1098300	G	A	-
NZ_AP023069.1	1099678	T	Y	+
NZ_AP023069.1	1101771	G	S	+
NZ_AP023069.1	1102558	T	W	+
NZ_AP023069.1	1104222	G	R	+
NZ_AP023069.1	1106028	T	Y	+
NZ_AP023069.1	1106054	A	T	-
NZ_AP023069.1	1106643	T	K	+
NZ_AP023069.1	1108457	A	R	+
NZ_AP023069.1	1108497	A	R	+
NZ_AP023069.1	1111321	A	W	+
NZ_AP023069.1	1112496	-	GA	+
NZ_AP023069.1	1116373	T	W	+
NZ_AP023069.1	1117983	C	S	+
NZ_AP023069.1	1117999	G	R	+
NZ_AP023069.1	1118059	A	R	+
NZ_AP023069.1	1119026	T	W	+
NZ_AP023069.1	1123067	A	C	-
NZ_AP023069.1	1124379	G	S	+
NZ_AP023069.1	1124748	GC	-	-
NZ_AP023069.1	1124859	TA	-	-
NZ_AP023069.1	1125675	A	M	+
NZ_AP023069.1	1128965	G	C	-
NZ_AP023069.1	1130188	-	C	+
NZ_AP023069.1	1132823	-	C	+
NZ_AP023069.1	1133688	-	TC	-
NZ_AP023069.1	1135232	C	M	+
NZ_AP023069.1	1135548	A	T	-
NZ_AP023069.1	1136115	T	K	+
NZ_AP023069.1	1138585	T	A	-
NZ_AP023069.1	1139414	T	C	-
NZ_AP023069.1	1142742	T	G	-
NZ_AP023069.1	1143946	-	C	+
NZ_AP023069.1	1144753	G	R	+
NZ_AP023069.1	1145591	C	M	+
NZ_AP023069.1	1146560	T	Y	+
NZ_AP023069.1	1146937	G	C	-
NZ_AP023069.1	1148219	A	C	-
NZ_AP023069.1	1149484	A	R	+
NZ_AP023069.1	1149725	G	C	-
NZ_AP023069.1	1149919	T	Y	+
NZ_AP023069.1	1150674	A	G	-
NZ_AP023069.1	1152125	G	T	-
NZ_AP023069.1	1152630	-	G	-
NZ_AP023069.1	1152995	A	W	+
NZ_AP023069.1	1155017	T	W	+
NZ_AP023069.1	1156140	C	G	-
NZ_AP023069.1	1156376	T	G	-
NZ_AP023069.1	1158086	T	Y	+
NZ_AP023069.1	1161390	A	R	+
NZ_AP023069.1	1162562	T	Y	+
NZ_AP023069.1	1162738	T	A	-
NZ_AP023069.1	1164634	T	-	-
NZ_AP023069.1	1164933	G	T	-
NZ_AP023069.1	1164971	T	-	-
NZ_AP023069.1	1166017	T	Y	+
NZ_AP023069.1	1166089	G	R	+
NZ_AP023069.1	1167493	A	W	+
NZ_AP023069.1	1168675	A	T	-
NZ_AP023069.1	1170755	T	K	+
NZ_AP023069.1	1170973	G	K	+
NZ_AP023069.1	1171142	C	A	-
NZ_AP023069.1	1171174	A	T	-
NZ_AP023069.1	1171615	G	R	+
NZ_AP023069.1	1173249	-	C	+
NZ_AP023069.1	1173587	C	Y	+
NZ_AP023069.1	1173745	G	K	+
NZ_AP023069.1	1175362	T	W	+
NZ_AP023069.1	1175781	C	S	+
NZ_AP023069.1	1175917	G	S	+
NZ_AP023069.1	1177965	C	S	+
NZ_AP023069.1	1178432	-	C	-
NZ_AP023069.1	1183562	A	M	+
NZ_AP023069.1	1184918	T	C	-
NZ_AP023069.1	1184953	G	A	-
NZ_AP023069.1	1185822	T	-	-
NZ_AP023069.1	1186628	C	S	+
NZ_AP023069.1	1186931	G	A	-
NZ_AP023069.1	1187231	G	S	+
NZ_AP023069.1	1188058	T	G	-
NZ_AP023069.1	1188139	G	K	+
NZ_AP023069.1	1188232	A	R	+
NZ_AP023069.1	1188997	C	Y	+
NZ_AP023069.1	1190262	G	-	-
NZ_AP023069.1	1190820	C	G	-
NZ_AP023069.1	1191157	T	G	-
NZ_AP023069.1	1192123	T	Y	+
NZ_AP023069.1	1192583	G	S	+
NZ_AP023069.1	1193421	T	-	-
NZ_AP023069.1	1193753	A	M	+
NZ_AP023069.1	1193992	G	T	-
NZ_AP023069.1	1194825	G	K	+
NZ_AP023069.1	1197044	C	S	+
NZ_AP023069.1	1199638	T	W	+
NZ_AP023069.1	1200026	C	A	-
NZ_AP023069.1	1200198	C	Y	+
NZ_AP023069.1	1200587	-	TTA	+
NZ_AP023069.1	1201302	G	K	+
NZ_AP023069.1	1201398	C	Y	+
NZ_AP023069.1	1201552	A	M	+
NZ_AP023069.1	1204159	C	A	-
NZ_AP023069.1	1207098	G	K	+
NZ_AP023069.1	1207660	C	G	-
NZ_AP023069.1	1212101	C	Y	+
NZ_AP023069.1	1212245	T	C	-
NZ_AP023069.1	1213642	C	M	+
NZ_AP023069.1	1213651	C	Y	+
NZ_AP023069.1	1214383	A	M	+
NZ_AP023069.1	1214566	A	R	+
NZ_AP023069.1	1215528	G	R	+
NZ_AP023069.1	1216207	C	G	-
NZ_AP023069.1	1218070	C	Y	+
NZ_AP023069.1	1219303	T	Y	+
NZ_AP023069.1	1221758	A	G	-
NZ_AP023069.1	1221794	C	Y	+
NZ_AP023069.1	1222600	G	K	+
NZ_AP023069.1	1223926	G	-	-
NZ_AP023069.1	1224896	A	C	-
NZ_AP023069.1	1225704	G	T	-
NZ_AP023069.1	1227138	C	A	-
NZ_AP023069.1	1227736	T	G	-
NZ_AP023069.1	1228590	C	Y	+
NZ_AP023069.1	1230150	-	A	-
NZ_AP023069.1	1231503	T	G	-
NZ_AP023069.1	1231504	C	A	-
NZ_AP023069.1	1234790	G	K	+
NZ_AP023069.1	1235500	C	S	+
NZ_AP023069.1	1235540	A	R	+
NZ_AP023069.1	1236880	G	K	+
NZ_AP023069.1	1237441	-	C	+
NZ_AP023069.1	1238464	G	S	+
NZ_AP023069.1	1241067	T	G	-
NZ_AP023069.1	1241285	C	S	+
NZ_AP023069.1	1242249	T	Y	+
NZ_AP023069.1	1242816	G	K	+
NZ_AP023069.1	1242994	C	Y	+
NZ_AP023069.1	1243118	T	C	-
NZ_AP023069.1	1245111	C	-	-
NZ_AP023069.1	1245741	G	K	+
NZ_AP023069.1	1246490	G	K	+
NZ_AP023069.1	1248009	C	M	+
NZ_AP023069.1	1249894	G	S	+
NZ_AP023069.1	1249934	G	A	-
NZ_AP023069.1	1251506	T	Y	+
NZ_AP023069.1	1251872	G	R	+
NZ_AP023069.1	1254307	C	Y	+
NZ_AP023069.1	1254340	T	A	-
NZ_AP023069.1	1255798	C	Y	+
NZ_AP023069.1	1256598	C	G	-
NZ_AP023069.1	1260471	C	Y	+
NZ_AP023069.1	1263847	-	G	+
NZ_AP023069.1	1264225	C	-	-
NZ_AP023069.1	1266523	T	Y	+
NZ_AP023069.1	1270020	G	R	+
NZ_AP023069.1	1271867	-	ACTG	-
NZ_AP023069.1	1275993	T	Y	+
NZ_AP023069.1	1278173	T	G	-
NZ_AP023069.1	1279408	T	K	+
NZ_AP023069.1	1279709	C	G	-
NZ_AP023069.1	1279869	T	K	+
NZ_AP023069.1	1280451	G	S	+
NZ_AP023069.1	1284237	G	A	-
NZ_AP023069.1	1284766	C	-	-
NZ_AP023069.1	1285409	-	CCG	+
NZ_AP023069.1	1286333	T	A	-
NZ_AP023069.1	1287110	-	GT	+
NZ_AP023069.1	1288546	G	S	+
NZ_AP023069.1	1288552	C	T	-
NZ_AP023069.1	1288981	T	-	-
NZ_AP023069.1	1290000	T	K	+
NZ_AP023069.1	1291300	T	G	-
NZ_AP023069.1	1292465	G	A	-
NZ_AP023069.1	1295498	C	T	-
NZ_AP023069.1	1296477	G	R	+
NZ_AP023069.1	1296836	G	T	-
NZ_AP023069.1	1299354	C	M	+
NZ_AP023069.1	1299852	C	S	+
NZ_AP023069.1	1299901	C	A	-
NZ_AP023069.1	1300168	-	C	+
NZ_AP023069.1	1300549	C	S	+
NZ_AP023069.1	1301766	A	M	+
NZ_AP023069.1	1301841	-	CTG	+
NZ_AP023069.1	1302198	G	-	-
NZ_AP023069.1	1305599	C	A	-
NZ_AP023069.1	1307363	T	Y	+
NZ_AP023069.1	1310298	C	M	+
NZ_AP023069.1	1310801	T	K	+
NZ_AP023069.1	1313223	G	S	+
NZ_AP023069.1	1314177	T	W	+
NZ_AP023069.1	1314859	A	C	-
NZ_AP023069.1	1315172	G	-	-
NZ_AP023069.1	1318921	A	T	-
NZ_AP023069.1	1319717	A	W	+
NZ_AP023069.1	1321660	A	T	-
NZ_AP023069.1	1323084	T	C	-
NZ_AP023069.1	1324137	T	W	+
NZ_AP023069.1	1324838	T	W	+
NZ_AP023069.1	1324901	G	A	-
NZ_AP023069.1	1325497	G	T	-
NZ_AP023069.1	1325565	CG	-	-
NZ_AP023069.1	1328017	A	R	+
NZ_AP023069.1	1329636	C	Y	+
NZ_AP023069.1	1330225	-	TA	+
NZ_AP023069.1	1330248	T	K	+
NZ_AP023069.1	1334710	A	M	+
NZ_AP023069.1	1337592	T	Y	+
NZ_AP023069.1	1337807	A	W	+
NZ_AP023069.1	1338187	CT	-	-
NZ_AP023069.1	1338838	C	S	+
NZ_AP023069.1	1339124	C	M	+
NZ_AP023069.1	1339530	C	A	-
NZ_AP023069.1	1339744	T	C	-
NZ_AP023069.1	1339970	T	G	-
NZ_AP023069.1	1340364	A	W	+
NZ_AP023069.1	1341615	C	A	-
NZ_AP023069.1	1344061	C	Y	+
NZ_AP023069.1	1345149	C	M	+
NZ_AP023069.1	1346357	C	G	-
NZ_AP023069.1	1347694	G	R	+
NZ_AP023069.1	1348482	A	W	+
NZ_AP023069.1	1348943	A	R	+
NZ_AP023069.1	1349140	C	-	-
NZ_AP023069.1	1349590	C	A	-
NZ_AP023069.1	1352500	-	A	-
NZ_AP023069.1	1353515	G	R	+
NZ_AP023069.1	1353601	T	Y	+
NZ_AP023069.1	1353764	-	C	-
NZ_AP023069.1	1354320	G	S	+
NZ_AP023069.1	1354662	G	R	+
NZ_AP023069.1	1355098	-	C	+
NZ_AP023069.1	1356489	A	G	-
NZ_AP023069.1	1357188	-	T	-
NZ_AP023069.1	1357841	A	T	-
NZ_AP023069.1	1360516	C	Y	+
NZ_AP023069.1	1360857	C	M	+
NZ_AP023069.1	1361612	T	C	-
NZ_AP023069.1	1362510	G	K	+
NZ_AP023069.1	1363275	-	C	+
NZ_AP023069.1	1363349	C	S	+
NZ_AP023069.1	1364219	A	W	+
NZ_AP023069.1	1364867	A	M	+
NZ_AP023069.1	1364929	G	K	+
NZ_AP023069.1	1364996	A	M	+
NZ_AP023069.1	1365003	T	C	-
NZ_AP023069.1	1365604	A	-	-
NZ_AP023069.1	1366063	T	W	+
NZ_AP023069.1	1366658	T	Y	+
NZ_AP023069.1	1367493	T	Y	+
NZ_AP023069.1	1368872	C	M	+
NZ_AP023069.1	1370018	G	K	+
NZ_AP023069.1	1371120	G	A	-
NZ_AP023069.1	1371268	G	R	+
NZ_AP023069.1	1373397	C	T	-
NZ_AP023069.1	1373473	G	T	-
NZ_AP023069.1	1374307	G	A	-
NZ_AP023069.1	1374867	G	K	+
NZ_AP023069.1	1376963	T	A	-
NZ_AP023069.1	1380460	A	M	+
NZ_AP023069.1	1381439	G	-	-
NZ_AP023069.1	1383870	C	M	+
NZ_AP023069.1	1384174	G	K	+
NZ_AP023069.1	1385882	A	R	+
NZ_AP023069.1	1386341	T	-	-
NZ_AP023069.1	1387262	G	S	+
NZ_AP023069.1	1387299	A	-	-
NZ_AP023069.1	1387984	A	R	+
NZ_AP023069.1	1389201	A	W	+
NZ_AP023069.1	1389862	-	T	-
NZ_AP023069.1	1390522	-	C	+
NZ_AP023069.1	1390580	CTCG	-	-
NZ_AP023069.1	1392103	T	C	-
NZ_AP023069.1	1392233	A	M	+
NZ_AP023069.1	1392282	C	A	-
NZ_AP023069.1	1394504	G	K	+
NZ_AP023069.1	1395347	T	W	+
NZ_AP023069.1	1397150	C	Y	+
NZ_AP023069.1	1398548	T	W	+
NZ_AP023069.1	1398745	T	G	-
NZ_AP023069.1	1399654	A	R	+
NZ_AP023069.1	1399700	G	R	+
NZ_AP023069.1	1400374	C	A	-
NZ_AP023069.1	1402900	GG	-	-
NZ_AP023069.1	1402927	-	A	-
NZ_AP023069.1	1403444	T	K	+
NZ_AP023069.1	1406196	T	A	-
NZ_AP023069.1	1406792	CG	-	-
NZ_AP023069.1	1406807	T	W	+
NZ_AP023069.1	1407957	G	K	+
NZ_AP023069.1	1412624	G	T	-
NZ_AP023069.1	1412760	A	G	-
NZ_AP023069.1	1413522	A	R	+
NZ_AP023069.1	1413632	A	G	-
NZ_AP023069.1	1414310	G	R	+
NZ_AP023069.1	1414980	T	-	-
NZ_AP023069.1	1415392	C	-	-
NZ_AP023069.1	1417859	G	R	+
NZ_AP023069.1	1420743	C	M	+
NZ_AP023069.1	1422545	G	R	+
NZ_AP023069.1	1423408	A	W	+
NZ_AP023069.1	1425428	G	R	+
NZ_AP023069.1	1425889	A	R	+
NZ_AP023069.1	1426244	A	T	-
NZ_AP023069.1	1427564	C	M	+
NZ_AP023069.1	1428157	A	-	-
NZ_AP023069.1	1429690	CG	-	-
NZ_AP023069.1	1429969	C	A	-
NZ_AP023069.1	1431004	G	T	-
NZ_AP023069.1	1431459	C	G	-
NZ_AP023069.1	1433017	C	A	-
NZ_AP023069.1	1435342	T	-	-
NZ_AP023069.1	1437711	G	K	+
NZ_AP023069.1	1437963	AA	-	-
NZ_AP023069.1	1439228	CC	-	-
NZ_AP023069.1	1439677	C	Y	+
NZ_AP023069.1	1444203	T	K	+
NZ_AP023069.1	1444921	-	T	+
NZ_AP023069.1	1444989	C	G	-
NZ_AP023069.1	1445559	A	R	+
NZ_AP023069.1	1445569	T	W	+
NZ_AP023069.1	1445774	T	C	-
NZ_AP023069.1	1446740	T	Y	+
NZ_AP023069.1	1447721	C	T	-
NZ_AP023069.1	1448715	C	T	-
NZ_AP023069.1	1451108	A	C	-
NZ_AP023069.1	1457005	G	K	+
NZ_AP023069.1	1457022	T	K	+
NZ_AP023069.1	1460740	T	C	-
NZ_AP023069.1	1461427	T	W	+
NZ_AP023069.1	1463537	A	W	+
NZ_AP023069.1	1464601	A	M	+
NZ_AP023069.1	1465045	C	Y	+
NZ_AP023069.1	1465738	A	R	+
NZ_AP023069.1	1466038	T	W	+
NZ_AP023069.1	1469141	G	R	+
NZ_AP023069.1	1472321	T	Y	+
NZ_AP023069.1	1472476	T	W	+
NZ_AP023069.1	1472687	T	C	-
NZ_AP023069.1	1474257	A	R	+
NZ_AP023069.1	1474447	G	-	-
NZ_AP023069.1	1474583	C	A	-
NZ_AP023069.1	1475563	C	Y	+
NZ_AP023069.1	1476406	A	T	-
NZ_AP023069.1	1479996	A	R	+
NZ_AP023069.1	1481131	C	M	+
NZ_AP023069.1	1481249	C	-	-
NZ_AP023069.1	1481254	G	R	+
NZ_AP023069.1	1481803	C	S	+
NZ_AP023069.1	1482342	TT	-	-
NZ_AP023069.1	1484826	T	A	-
NZ_AP023069.1	1485279	C	S	+
NZ_AP023069.1	1487420	T	K	+
NZ_AP023069.1	1488590	G	S	+
NZ_AP023069.1	1489112	A	T	-
NZ_AP023069.1	1489911	T	A	-
NZ_AP023069.1	1491185	G	K	+
NZ_AP023069.1	1491895	C	A	-
NZ_AP023069.1	1492468	G	R	+
NZ_AP023069.1	1492685	T	Y	+
NZ_AP023069.1	1495622	C	A	-
NZ_AP023069.1	1496418	-	C	+
NZ_AP023069.1	1496523	A	C	-
NZ_AP023069.1	1496905	A	-	-
NZ_AP023069.1	1497062	C	G	-
NZ_AP023069.1	1497799	C	Y	+
NZ_AP023069.1	1498134	G	C	-
NZ_AP023069.1	1499540	A	R	+
NZ_AP023069.1	1500536	G	S	+
NZ_AP023069.1	1500751	T	W	+
NZ_AP023069.1	1501095	C	T	-
NZ_AP023069.1	1502763	G	-	-
NZ_AP023069.1	1503376	A	G	-
NZ_AP023069.1	1504245	T	W	+
NZ_AP023069.1	1504450	T	Y	+
NZ_AP023069.1	1505427	T	K	+
NZ_AP023069.1	1510321	T	K	+
NZ_AP023069.1	1510800	A	M	+
NZ_AP023069.1	1510808	T	W	+
NZ_AP023069.1	1511861	A	-	-
NZ_AP023069.1	1512425	T	-	-
NZ_AP023069.1	1512754	C	M	+
NZ_AP023069.1	1513215	A	R	+
NZ_AP023069.1	1513807	C	S	+
NZ_AP023069.1	1514313	G	-	-
NZ_AP023069.1	1514681	T	G	-
NZ_AP023069.1	1516164	A	R	+
NZ_AP023069.1	1519479	-	GG	-
NZ_AP023069.1	1522390	A	W	+
NZ_AP023069.1	1523748	A	W	+
NZ_AP023069.1	1524818	C	-	-
NZ_AP023069.1	1526795	G	K	+
NZ_AP023069.1	1527869	C	-	-
NZ_AP023069.1	1529719	CCG	-	-
NZ_AP023069.1	1530961	-	AG	+
NZ_AP023069.1	1531027	C	S	+
NZ_AP023069.1	1532780	-	G	+
NZ_AP023069.1	1533106	A	C	-
NZ_AP023069.1	1533864	A	W	+
NZ_AP023069.1	1533889	C	Y	+
NZ_AP023069.1	1535330	T	W	+
NZ_AP023069.1	1535628	C	Y	+
NZ_AP023069.1	1536222	C	S	+
NZ_AP023069.1	1537527	C	A	-
NZ_AP023069.1	1538536	A	C	-
NZ_AP023069.1	1539705	T	W	+
NZ_AP023069.1	1540094	-	C	+
NZ_AP023069.1	1541113	C	-	-
NZ_AP023069.1	1544072	G	R	+
NZ_AP023069.1	1544718	T	C	-
NZ_AP023069.1	1544947	G	C	-
NZ_AP023069.1	1545104	A	C	-
NZ_AP023069.1	1546966	C	T	-
NZ_AP023069.1	1547941	T	C	-
NZ_AP023069.1	1549271	T	W	+
NZ_AP023069.1	1550121	C	Y	+
NZ_AP023069.1	1550455	G	-	-
NZ_AP023069.1	1554420	C	G	-
NZ_AP023069.1	1554751	G	R	+
NZ_AP023069.1	1556967	A	R	+
NZ_AP023069.1	1557901	G	S	+
NZ_AP023069.1	1559776	A	-	-
NZ_AP023069.1	1560692	A	-	-
NZ_AP023069.1	1562072	G	K	+
NZ_AP023069.1	1562333	A	M	+
NZ_AP023069.1	1562402	T	C	-
NZ_AP023069.1	1562459	A	G	-
NZ_AP023069.1	1564236	G	R	+
NZ_AP023069.1	1565027	C	-	-
NZ_AP023069.1	1565346	C	M	+
NZ_AP023069.1	1566651	C	S	+
NZ_AP023069.1	1566843	G	-	-
NZ_AP023069.1	1569401	G	R	+
NZ_AP023069.1	1571601	T	W	+
NZ_AP023069.1	1578245	T	Y	+
NZ_AP023069.1	1579923	T	Y	+
NZ_AP023069.1	1580730	T	W	+
NZ_AP023069.1	1582458	T	K	+
NZ_AP023069.1	1582588	T	K	+
NZ_AP023069.1	1583741	C	A	-
NZ_AP023069.1	1584088	A	R	+
NZ_AP023069.1	1584576	G	S	+
NZ_AP023069.1	1585447	C	S	+
NZ_AP023069.1	1586510	-	G	+
NZ_AP023069.1	1587333	-	G	+
NZ_AP023069.1	1587934	C	T	-
NZ_AP023069.1	1588890	G	R	+
NZ_AP023069.1	1589433	A	M	+
NZ_AP023069.1	1591225	-	T	-
NZ_AP023069.1	1593119	A	T	-
NZ_AP023069.1	1593537	A	R	+
NZ_AP023069.1	1598864	G	K	+
NZ_AP023069.1	1601356	C	Y	+
NZ_AP023069.1	1601566	C	A	-
NZ_AP023069.1	1603805	G	C	-
NZ_AP023069.1	1603860	C	M	+
NZ_AP023069.1	1606671	T	W	+
NZ_AP023069.1	1607057	AT	-	-
NZ_AP023069.1	1607802	A	G	-
NZ_AP023069.1	1608348	A	C	-
NZ_AP023069.1	1608963	A	M	+
NZ_AP023069.1	1610660	A	M	+
NZ_AP023069.1	1612280	C	Y	+
NZ_AP023069.1	1615444	C	G	-
NZ_AP023069.1	1617459	A	M	+
NZ_AP023069.1	1617834	C	M	+
NZ_AP023069.1	1617927	C	A	-
NZ_AP023069.1	1618911	C	M	+
NZ_AP023069.1	1619533	A	C	-
NZ_AP023069.1	1620908	C	S	+
NZ_AP023069.1	1621547	A	M	+
NZ_AP023069.1	1622810	T	A	-
NZ_AP023069.1	1623978	T	K	+
NZ_AP023069.1	1624044	T	W	+
NZ_AP023069.1	1624322	A	R	+
NZ_AP023069.1	1625894	C	S	+
NZ_AP023069.1	1626675	T	K	+
NZ_AP023069.1	1627410	C	M	+
NZ_AP023069.1	1629097	A	C	-
NZ_AP023069.1	1631264	T	C	-
NZ_AP023069.1	1632861	A	R	+
NZ_AP023069.1	1633311	G	T	-
NZ_AP023069.1	1637134	T	Y	+
NZ_AP023069.1	1637235	A	G	-
NZ_AP023069.1	1637734	C	G	-
NZ_AP023069.1	1637813	C	S	+
NZ_AP023069.1	1639218	T	C	-
NZ_AP023069.1	1642486	C	T	-
NZ_AP023069.1	1642605	C	T	-
NZ_AP023069.1	1644508	A	W	+
NZ_AP023069.1	1644762	T	-	-
NZ_AP023069.1	1644943	-	GA	+
NZ_AP023069.1	1645062	A	R	+
NZ_AP023069.1	1645071	A	W	+
NZ_AP023069.1	1646544	A	R	+
NZ_AP023069.1	1647366	-	G	+
NZ_AP023069.1	1647596	T	-	-
NZ_AP023069.1	1647886	C	M	+
NZ_AP023069.1	1647984	C	S	+
NZ_AP023069.1	1648618	A	T	-
NZ_AP023069.1	1649970	A	T	-
NZ_AP023069.1	1650142	A	-	-
NZ_AP023069.1	1652880	A	C	-
NZ_AP023069.1	1653082	C	A	-
NZ_AP023069.1	1653142	C	A	-
NZ_AP023069.1	1654966	G	R	+
NZ_AP023069.1	1655521	-	T	+
NZ_AP023069.1	1656230	G	S	+
NZ_AP023069.1	1656234	T	A	-
NZ_AP023069.1	1656671	G	R	+
NZ_AP023069.1	1657687	G	R	+
NZ_AP023069.1	1658134	C	G	-
NZ_AP023069.1	1659525	G	S	+
NZ_AP023069.1	1661692	T	C	-
NZ_AP023069.1	1662166	G	T	-
NZ_AP023069.1	1663350	T	A	-
NZ_AP023069.1	1665279	T	G	-
NZ_AP023069.1	1666010	C	M	+
NZ_AP023069.1	1666335	T	C	-
NZ_AP023069.1	1666759	T	W	+
NZ_AP023069.1	1670782	A	-	-
NZ_AP023069.1	1671928	C	Y	+
NZ_AP023069.1	1676652	C	Y	+
NZ_AP023069.1	1679304	C	M	+
NZ_AP023069.1	1680091	G	T	-
NZ_AP023069.1	1680804	A	R	+
NZ_AP023069.1	1681234	A	W	+
NZ_AP023069.1	1681543	C	Y	+
NZ_AP023069.1	1681883	G	A	-
NZ_AP023069.1	1682181	T	K	+
NZ_AP023069.1	1684167	T	W	+
NZ_AP023069.1	1684179	-	T	+
NZ_AP023069.1	1685666	C	T	-
NZ_AP023069.1	1686266	C	Y	+
NZ_AP023069.1	1686643	G	T	-
NZ_AP023069.1	1686908	T	A	-
NZ_AP023069.1	1688435	G	K	+
NZ_AP023069.1	1688734	C	S	+
NZ_AP023069.1	1689129	C	G	-
NZ_AP023069.1	1689868	T	C	-
NZ_AP023069.1	1691131	T	-	-
NZ_AP023069.1	1691500	T	W	+
NZ_AP023069.1	1693604	C	M	+
NZ_AP023069.1	1694320	C	Y	+
NZ_AP023069.1	1694784	A	T	-
NZ_AP023069.1	1694837	T	Y	+
NZ_AP023069.1	1694906	C	M	+
NZ_AP023069.1	1697596	A	W	+
NZ_AP023069.1	1697633	C	S	+
NZ_AP023069.1	1698037	A	W	+
NZ_AP023069.1	1699215	T	Y	+
NZ_AP023069.1	1699544	G	A	-
NZ_AP023069.1	1700340	T	Y	+
NZ_AP023069.1	1700561	C	M	+
NZ_AP023069.1	1701538	A	M	+
NZ_AP023069.1	1702029	-	AA	+
NZ_AP023069.1	1702925	T	Y	+
NZ_AP023069.1	1704977	T	W	+
NZ_AP023069.1	1705042	C	M	+
NZ_AP023069.1	1706456	C	T	-
NZ_AP023069.1	1707404	G	K	+
NZ_AP023069.1	1708165	C	M	+
NZ_AP023069.1	1710483	A	W	+
NZ_AP023069.1	1710830	A	G	-
NZ_AP023069.1	1711202	T	A	-
NZ_AP023069.1	1711776	T	Y	+
NZ_AP023069.1	1713620	A	R	+
NZ_AP023069.1	1714849	A	M	+
NZ_AP023069.1	1715660	T	Y	+
NZ_AP023069.1	1715831	T	C	-
NZ_AP023069.1	1717616	G	K	+
NZ_AP023069.1	1717858	C	Y	+
NZ_AP023069.1	1718089	T	W	+
NZ_AP023069.1	1718667	C	G	-
NZ_AP023069.1	1718919	G	S	+
NZ_AP023069.1	1721736	G	K	+
NZ_AP023069.1	1722213	G	R	+
NZ_AP023069.1	1722417	C	Y	+
NZ_AP023069.1	1722689	T	K	+
NZ_AP023069.1	1724598	-	A	+
NZ_AP023069.1	1727174	C	Y	+
NZ_AP023069.1	1727768	G	T	-
NZ_AP023069.1	1729333	G	S	+
NZ_AP023069.1	1729848	A	G	-
NZ_AP023069.1	1730889	T	W	+
NZ_AP023069.1	1731189	C	Y	+
NZ_AP023069.1	1731564	A	G	-
NZ_AP023069.1	1731667	A	M	+
NZ_AP023069.1	1732561	A	M	+
NZ_AP023069.1	1734013	T	A	-
NZ_AP023069.1	1734501	T	K	+
NZ_AP023069.1	1734651	CG	-	-
NZ_AP023069.1	1736330	G	R	+
NZ_AP023069.1	1736530	G	T	-
NZ_AP023069.1	1737587	CGC	-	-
NZ_AP023069.1	1739044	G	K	+
NZ_AP023069.1	1740529	A	M	+
NZ_AP023069.1	1741742	C	S	+
NZ_AP023069.1	1742340	A	W	+
NZ_AP023069.1	1742429	A	R	+
NZ_AP023069.1	1742527	C	T	-
NZ_AP023069.1	1743234	-	A	+
NZ_AP023069.1	1744910	-	C	+
NZ_AP023069.1	1747773	C	M	+
NZ_AP023069.1	1747799	C	M	+
NZ_AP023069.1	1750563	T	W	+
NZ_AP023069.1	1750828	G	S	+
NZ_AP023069.1	1750855	G	C	-
NZ_AP023069.1	1751738	G	R	+
NZ_AP023069.1	1751809	A	M	+
NZ_AP023069.1	1751890	T	-	-
NZ_AP023069.1	1754257	C	Y	+
NZ_AP023069.1	1754729	A	M	+
NZ_AP023069.1	1755205	C	Y	+
NZ_AP023069.1	1756717	G	-	-
NZ_AP023069.1	1757105	G	K	+
NZ_AP023069.1	1757475	T	K	+
NZ_AP023069.1	1757832	-	CGC	-
NZ_AP023069.1	1758674	-	G	-
NZ_AP023069.1	1758919	C	T	-
NZ_AP023069.1	1760127	A	G	-
NZ_AP023069.1	1761489	T	W	+
NZ_AP023069.1	1761569	A	T	-
NZ_AP023069.1	1762166	C	Y	+
NZ_AP023069.1	1762852	C	T	-
NZ_AP023069.1	1764759	C	M	+
NZ_AP023069.1	1765070	T	A	-
NZ_AP023069.1	1765270	C	S	+
NZ_AP023069.1	1766469	G	A	-
NZ_AP023069.1	1767350	-	C	+
NZ_AP023069.1	1768424	T	K	+
NZ_AP023069.1	1768687	C	T	-
NZ_AP023069.1	1769549	C	S	+
NZ_AP023069.1	1769731	-	C	-
NZ_AP023069.1	1771773	A	G	-
NZ_AP023069.1	1772493	-	T	+
NZ_AP023069.1	1775915	GAAC	-	-
NZ_AP023069.1	1777472	C	M	+
NZ_AP023069.1	1777985	A	M	+
NZ_AP023069.1	1778756	G	K	+
NZ_AP023069.1	1784132	G	R	+
NZ_AP023069.1	1784211	T	W	+
NZ_AP023069.1	1784576	G	R	+
NZ_AP023069.1	1784907	C	G	-
NZ_AP023069.1	1785526	C	Y	+
NZ_AP023069.1	1787127	G	S	+
NZ_AP023069.1	1787737	G	K	+
NZ_AP023069.1	1787760	C	-	-
NZ_AP023069.1	1787877	A	T	-
NZ_AP023069.1	1788866	C	Y	+
NZ_AP023069.1	1788940	A	M	+
NZ_AP023069.1	1789438	C	M	+
NZ_AP023069.1	1790401	A	R	+
NZ_AP023069.1	1791582	C	Y	+
NZ_AP023069.1	1791954	A	W	+
NZ_AP023069.1	1792641	C	M	+
NZ_AP023069.1	1799911	G	R	+
NZ_AP023069.1	1800897	G	K	+
NZ_AP023069.1	1801071	G	T	-
NZ_AP023069.1	1805258	A	M	+
NZ_AP023069.1	1807431	G	S	+
NZ_AP023069.1	1809871	C	-	-
NZ_AP023069.1	1810517	A	M	+
NZ_AP023069.1	1810967	T	W	+
NZ_AP023069.1	1812056	C	M	+
NZ_AP023069.1	1812299	A	R	+
NZ_AP023069.1	1812500	T	W	+
NZ_AP023069.1	1813272	A	R	+
NZ_AP023069.1	1818040	A	M	+
NZ_AP023069.1	1818237	G	K	+
NZ_AP023069.1	1819854	T	G	-
NZ_AP023069.1	1821241	T	W	+
NZ_AP023069.1	1822683	A	M	+
NZ_AP023069.1	1823614	A	T	-
NZ_AP023069.1	1823670	C	Y	+
NZ_AP023069.1	1824698	A	M	+
NZ_AP023069.1	1825235	T	G	-
NZ_AP023069.1	1825777	A	R	+
NZ_AP023069.1	1826723	T	Y	+
NZ_AP023069.1	1827643	C	M	+
NZ_AP023069.1	1829365	C	G	-
NZ_AP023069.1	1830582	A	W	+
NZ_AP023069.1	1830742	C	M	+
NZ_AP023069.1	1832268	T	W	+
NZ_AP023069.1	1832946	G	A	-
NZ_AP023069.1	1833605	C	Y	+
NZ_AP023069.1	1834060	C	S	+
NZ_AP023069.1	1834428	C	Y	+
NZ_AP023069.1	1835993	C	M	+
NZ_AP023069.1	1836086	T	W	+
NZ_AP023069.1	1838077	G	R	+
NZ_AP023069.1	1839380	-	C	+
NZ_AP023069.1	1840647	G	S	+
NZ_AP023069.1	1841191	G	-	-
NZ_AP023069.1	1841198	G	T	-
NZ_AP023069.1	1841362	T	Y	+
NZ_AP023069.1	1842232	G	S	+
NZ_AP023069.1	1842889	G	K	+
NZ_AP023069.1	1843843	G	R	+
NZ_AP023069.1	1844290	A	G	-
NZ_AP023069.1	1845294	C	Y	+
NZ_AP023069.1	1845439	G	R	+
NZ_AP023069.1	1845772	C	G	-
NZ_AP023069.1	1847094	T	K	+
NZ_AP023069.1	1847922	TGG	-	-
NZ_AP023069.1	1847955	A	-	-
NZ_AP023069.1	1849333	G	R	+
NZ_AP023069.1	1852936	C	Y	+
NZ_AP023069.1	1853047	A	C	-
NZ_AP023069.1	1855483	A	R	+
NZ_AP023069.1	1856499	T	Y	+
NZ_AP023069.1	1857231	CGC	-	-
NZ_AP023069.1	1858042	TG	-	-
NZ_AP023069.1	1858431	G	-	-
NZ_AP023069.1	1859052	G	K	+
NZ_AP023069.1	1859327	T	K	+
NZ_AP023069.1	1859362	G	K	+
NZ_AP023069.1	1859513	G	C	-
NZ_AP023069.1	1860448	G	-	-
NZ_AP023069.1	1861046	A	G	-
NZ_AP023069.1	1862660	C	T	-
NZ_AP023069.1	1863400	C	S	+
NZ_AP023069.1	1864885	G	S	+
NZ_AP023069.1	1865139	T	W	+
NZ_AP023069.1	1866126	G	K	+
NZ_AP023069.1	1867489	G	R	+
NZ_AP023069.1	1867638	C	G	-
NZ_AP023069.1	1868133	A	R	+
NZ_AP023069.1	1869634	C	G	-
NZ_AP023069.1	1869694	-	C	+
NZ_AP023069.1	1871447	T	Y	+
NZ_AP023069.1	1872813	G	S	+
NZ_AP023069.1	1874521	G	T	-
NZ_AP023069.1	1875262	C	G	-
NZ_AP023069.1	1876235	C	Y	+
NZ_AP023069.1	1877036	T	W	+
NZ_AP023069.1	1877398	A	M	+
NZ_AP023069.1	1878680	A	R	+
NZ_AP023069.1	1881982	-	A	+
NZ_AP023069.1	1882195	T	C	-
NZ_AP023069.1	1883962	C	-	-
NZ_AP023069.1	1884593	G	C	-
NZ_AP023069.1	1885763	G	C	-
NZ_AP023069.1	1886156	C	M	+
NZ_AP023069.1	1888881	G	C	-
NZ_AP023069.1	1889406	C	M	+
NZ_AP023069.1	1889485	A	M	+
NZ_AP023069.1	1889524	A	M	+
NZ_AP023069.1	1890539	A	M	+
NZ_AP023069.1	1891078	C	T	-
NZ_AP023069.1	1891160	G	T	-
NZ_AP023069.1	1891543	T	A	-
NZ_AP023069.1	1892062	A	T	-
NZ_AP023069.1	1893875	-	T	+
NZ_AP023069.1	1894036	C	A	-
NZ_AP023069.1	1895667	G	K	+
NZ_AP023069.1	1895894	C	M	+
NZ_AP023069.1	1896462	A	R	+
NZ_AP023069.1	1897091	A	W	+
NZ_AP023069.1	1901153	C	A	-
NZ_AP023069.1	1902671	G	T	-
NZ_AP023069.1	1904238	G	T	-
NZ_AP023069.1	1904687	A	T	-
NZ_AP023069.1	1904828	G	K	+
NZ_AP023069.1	1907664	T	W	+
NZ_AP023069.1	1907972	T	-	-
NZ_AP023069.1	1908856	G	A	-
NZ_AP023069.1	1911913	A	M	+
NZ_AP023069.1	1912160	G	T	-
NZ_AP023069.1	1912508	C	T	-
NZ_AP023069.1	1912839	T	K	+
NZ_AP023069.1	1913826	G	R	+
NZ_AP023069.1	1915033	T	K	+
NZ_AP023069.1	1915199	G	T	-
NZ_AP023069.1	1915671	T	A	-
NZ_AP023069.1	1916280	T	-	-
NZ_AP023069.1	1916546	G	R	+
NZ_AP023069.1	1917446	A	R	+
NZ_AP023069.1	1917655	C	S	+
NZ_AP023069.1	1918614	A	M	+
NZ_AP023069.1	1919588	T	C	-
NZ_AP023069.1	1919875	C	A	-
NZ_AP023069.1	1920035	CA	-	-
NZ_AP023069.1	1920055	A	R	+
NZ_AP023069.1	1920082	G	A	-
NZ_AP023069.1	1920596	G	R	+
NZ_AP023069.1	1921535	A	R	+
NZ_AP023069.1	1923055	T	K	+
NZ_AP023069.1	1927145	GC	-	-
NZ_AP023069.1	1929628	C	S	+
NZ_AP023069.1	1930277	T	A	-
NZ_AP023069.1	1930996	T	W	+
NZ_AP023069.1	1932486	C	S	+
NZ_AP023069.1	1933772	-	TC	+
NZ_AP023069.1	1933818	CGGCA	-	-
NZ_AP023069.1	1934892	G	A	-
NZ_AP023069.1	1935058	T	-	-
NZ_AP023069.1	1935351	G	A	-
NZ_AP023069.1	1938451	A	C	-
NZ_AP023069.1	1939438	G	A	-
NZ_AP023069.1	1939604	T	C	-
NZ_AP023069.1	1939693	G	R	+
NZ_AP023069.1	1939783	-	C	+
NZ_AP023069.1	1940204	G	-	-
NZ_AP023069.1	1941137	A	R	+
NZ_AP023069.1	1944665	-	G	-
NZ_AP023069.1	1946708	T	Y	+
NZ_AP023069.1	1949133	T	A	-
NZ_AP023069.1	1950160	G	A	-
NZ_AP023069.1	1951005	C	M	+
NZ_AP023069.1	1954142	G	C	-
NZ_AP023069.1	1955831	A	C	-
NZ_AP023069.1	1957234	T	Y	+
NZ_AP023069.1	1958000	C	A	-
NZ_AP023069.1	1958482	-	A	-
NZ_AP023069.1	1958954	T	Y	+
NZ_AP023069.1	1959474	C	Y	+
NZ_AP023069.1	1959953	T	G	-
NZ_AP023069.1	1960201	G	S	+
NZ_AP023069.1	1960234	A	W	+
NZ_AP023069.1	1961043	T	Y	+
NZ_AP023069.1	1962522	T	W	+
NZ_AP023069.1	1964490	T	Y	+
NZ_AP023069.1	1964615	T	A	-
NZ_AP023069.1	1965664	A	M	+
NZ_AP023069.1	1966603	G	S	+
NZ_AP023069.1	1967106	A	R	+
NZ_AP023069.1	1968764	T	A	-
NZ_AP023069.1	1971664	-	T	-
NZ_AP023069.1	1973995	-	C	+
NZ_AP023069.1	1974313	T	-	-
NZ_AP023069.1	1975166	T	G	-
NZ_AP023069.1	1975252	A	G	-
NZ_AP023069.1	1975568	T	K	+
NZ_AP023069.1	1975712	C	M	+
NZ_AP023069.1	1975823	A	M	+
NZ_AP023069.1	1976026	G	K	+
NZ_AP023069.1	1976672	A	T	-
NZ_AP023069.1	1976954	C	M	+
NZ_AP023069.1	1977106	AAA	-	-
NZ_AP023069.1	1978236	A	G	-
NZ_AP023069.1	1981766	A	M	+
NZ_AP023069.1	1983024	C	Y	+
NZ_AP023069.1	1988874	G	S	+
NZ_AP023069.1	1989835	T	W	+
NZ_AP023069.1	1990410	-	T	-
NZ_AP023069.1	1991409	T	K	+
NZ_AP023069.1	1992131	G	K	+
NZ_AP023069.1	1992871	G	R	+
NZ_AP023069.1	1995526	C	A	-
NZ_AP023069.1	1996106	T	A	-
NZ_AP023069.1	1996728	C	G	-
NZ_AP023069.1	1998383	AA	-	-
NZ_AP023069.1	1999388	C	A	-
NZ_AP023069.1	2000272	T	Y	+
NZ_AP023069.1	2001778	-	GT	-
NZ_AP023069.1	2002332	C	M	+
NZ_AP023069.1	2002424	G	S	+
NZ_AP023069.1	2002556	G	K	+
NZ_AP023069.1	2003115	A	M	+
NZ_AP023069.1	2003207	G	C	-
NZ_AP023069.1	2004067	A	G	-
NZ_AP023069.1	2006644	G	S	+
NZ_AP023069.1	2006739	T	W	+
NZ_AP023069.1	2008016	G	R	+
NZ_AP023069.1	2009224	G	C	-
NZ_AP023069.1	2010601	C	T	-
NZ_AP023069.1	2011510	TA	-	-
NZ_AP023069.1	2012668	A	C	-
NZ_AP023069.1	2013910	A	C	-
NZ_AP023069.1	2016694	C	S	+
NZ_AP023069.1	2017128	C	M	+
NZ_AP023069.1	2017498	C	T	-
NZ_AP023069.1	2017824	A	C	-
NZ_AP023069.1	2018214	C	M	+
NZ_AP023069.1	2018516	T	C	-
NZ_AP023069.1	2019564	G	T	-
NZ_AP023069.1	2021269	A	G	-
NZ_AP023069.1	2021729	A	T	-
NZ_AP023069.1	2021900	A	M	+
NZ_AP023069.1	2022587	A	M	+
NZ_AP023069.1	2024176	A	T	-
NZ_AP023069.1	2024206	G	R	+
NZ_AP023069.1	2024207	G	K	+
NZ_AP023069.1	2029743	C	S	+
NZ_AP023069.1	2031509	G	R	+
NZ_AP023069.1	2032835	A	C	-
NZ_AP023069.1	2033056	T	-	-
NZ_AP023069.1	2033210	G	A	-
NZ_AP023069.1	2033950	TT	-	-
NZ_AP023069.1	2035297	T	K	+
NZ_AP023069.1	2036596	T	W	+
NZ_AP023069.1	2042493	T	Y	+
NZ_AP023069.1	2042699	A	W	+
NZ_AP023069.1	2043016	G	C	-
NZ_AP023069.1	2044480	T	A	-
NZ_AP023069.1	2045361	A	W	+
NZ_AP023069.1	2046508	-	GC	-
NZ_AP023069.1	2048364	T	G	-
NZ_AP023069.1	2049630	G	S	+
NZ_AP023069.1	2050044	T	G	-
NZ_AP023069.1	2050933	C	-	-
NZ_AP023069.1	2052082	A	R	+
NZ_AP023069.1	2052420	-	CG	+
NZ_AP023069.1	2053316	G	K	+
NZ_AP023069.1	2054125	-	G	+
NZ_AP023069.1	2054746	T	G	-
NZ_AP023069.1	2054769	A	M	+
NZ_AP023069.1	2056736	T	A	-
NZ_AP023069.1	2058070	G	A	-
NZ_AP023069.1	2062457	T	W	+
NZ_AP023069.1	2063030	A	G	-
NZ_AP023069.1	2063316	T	Y	+
NZ_AP023069.1	2066081	C	-	-
NZ_AP023069.1	2066604	T	A	-
NZ_AP023069.1	2068324	G	K	+
NZ_AP023069.1	2070162	C	Y	+
NZ_AP023069.1	2070403	C	M	+
NZ_AP023069.1	2071282	C	-	-
NZ_AP023069.1	2071673	G	S	+
NZ_AP023069.1	2071697	G	R	+
NZ_AP023069.1	2071738	A	T	-
NZ_AP023069.1	2071884	G	S	+
NZ_AP023069.1	2071897	C	S	+
NZ_AP023069.1	2072712	G	S	+
NZ_AP023069.1	2073590	TT	-	-
NZ_AP023069.1	2074556	T	Y	+
NZ_AP023069.1	2074762	A	M	+
NZ_AP023069.1	2077200	C	S	+
NZ_AP023069.1	2077545	C	M	+
NZ_AP023069.1	2077910	A	R	+
NZ_AP023069.1	2077917	-	G	+
NZ_AP023069.1	2078532	G	T	-
NZ_AP023069.1	2079320	-	C	-
NZ_AP023069.1	2079840	A	W	+
NZ_AP023069.1	2080353	A	R	+
NZ_AP023069.1	2081127	A	R	+
NZ_AP023069.1	2081487	A	R	+
NZ_AP023069.1	2081523	G	C	-
NZ_AP023069.1	2082118	C	T	-
NZ_AP023069.1	2082526	A	R	+
NZ_AP023069.1	2083599	G	R	+
NZ_AP023069.1	2083642	G	T	-
NZ_AP023069.1	2084411	A	R	+
NZ_AP023069.1	2084802	G	K	+
NZ_AP023069.1	2086161	C	S	+
NZ_AP023069.1	2086701	G	C	-
NZ_AP023069.1	2087386	A	M	+
NZ_AP023069.1	2088894	T	Y	+
NZ_AP023069.1	2089927	-	C	-
NZ_AP023069.1	2090354	C	Y	+
NZ_AP023069.1	2096211	A	W	+
NZ_AP023069.1	2096234	C	Y	+
NZ_AP023069.1	2098070	-	C	-
NZ_AP023069.1	2099428	T	C	-
NZ_AP023069.1	2099530	G	S	+
NZ_AP023069.1	2099743	TG	-	-
NZ_AP023069.1	2100364	T	K	+
NZ_AP023069.1	2100392	A	G	-
NZ_AP023069.1	2102731	G	S	+
NZ_AP023069.1	2102938	C	M	+
NZ_AP023069.1	2103495	G	S	+
NZ_AP023069.1	2104138	C	S	+
NZ_AP023069.1	2104821	A	C	-
NZ_AP023069.1	2104898	A	W	+
NZ_AP023069.1	2106264	G	R	+
NZ_AP023069.1	2106279	-	AT	+
NZ_AP023069.1	2107168	T	K	+
NZ_AP023069.1	2109595	-	GCA	+
NZ_AP023069.1	2110556	T	Y	+
NZ_AP023069.1	2111249	G	K	+
NZ_AP023069.1	2111732	A	C	-
NZ_AP023069.1	2113427	G	S	+
NZ_AP023069.1	2113519	C	M	+
NZ_AP023069.1	2116044	G	-	-
NZ_AP023069.1	2119687	A	T	-
NZ_AP023069.1	2119968	T	-	-
NZ_AP023069.1	2121350	T	-	-
NZ_AP023069.1	2121624	G	R	+
NZ_AP023069.1	2122667	T	W	+
NZ_AP023069.1	2124919	G	S	+
NZ_AP023069.1	2124967	C	S	+
NZ_AP023069.1	2128118	G	T	-
NZ_AP023069.1	2128706	T	W	+
NZ_AP023069.1	2128788	T	C	-
NZ_AP023069.1	2131394	T	G	-
NZ_AP023069.1	2133666	A	T	-
NZ_AP023069.1	2136927	-	G	+
NZ_AP023069.1	2139691	A	T	-
NZ_AP023069.1	2141123	G	K	+
NZ_AP023069.1	2142507	G	C	-
NZ_AP023069.1	2143379	C	S	+
NZ_AP023069.1	2146631	G	C	-
NZ_AP023069.1	2147025	C	Y	+
NZ_AP023069.1	2147809	T	Y	+
NZ_AP023069.1	2148172	C	A	-
NZ_AP023069.1	2150864	T	K	+
NZ_AP023069.1	2151789	A	W	+
NZ_AP023069.1	2151941	G	T	-
NZ_AP023069.1	2152382	-	C	-
NZ_AP023069.1	2153749	G	R	+
NZ_AP023069.1	2154250	C	A	-
NZ_AP023069.1	2154394	T	Y	+
NZ_AP023069.1	2154702	G	R	+
NZ_AP023069.1	2154816	A	W	+
NZ_AP023069.1	2155078	T	W	+
NZ_AP023069.1	2156813	A	C	-
NZ_AP023069.1	2157201	-	C	-
NZ_AP023069.1	2157293	-	G	+
NZ_AP023069.1	2157764	G	K	+
NZ_AP023069.1	2158809	A	M	+
NZ_AP023069.1	2158944	C	Y	+
NZ_AP023069.1	2161892	T	Y	+
NZ_AP023069.1	2162888	G	R	+
NZ_AP023069.1	2162962	T	-	-
NZ_AP023069.1	2163556	T	K	+
NZ_AP023069.1	2164051	G	S	+
NZ_AP023069.1	2164808	-	C	-
NZ_AP023070.1	3910	T	W	+
NC_015714.1	100	-	A	+
NC_015714.1	1354	-	G	+
NC_015714.1	4421	C	M	+
NC_015714.1	5688	A	R	+
NC_015714.1	6914	G	-	-
NC_015714.1	7124	A	R	+
NC_015714.1	9181	C	S	+
NC_015714.1	9249	C	M	+
NC_015714.1	10078	A	R	+
NC_015714.1	11138	C	Y	+
NC_015714.1	11323	T	K	+
NC_015714.1	11443	T	K	+
NC_015714.1	11960	T	Y	+
NC_015714.1	12754	T	Y	+
NC_015714.1	13392	C	S	+
NC_015714.1	13731	T	K	+
NC_015714.1	16320	C	G	-
NC_015714.1	17080	G	C	-
NC_015714.1	17674	-	T	-
NC_015714.1	17979	T	A	-
NC_015714.1	18105	T	Y	+
NC_015714.1	20900	C	M	+
NC_015714.1	22505	C	M	+
NC_015714.1	23939	T	W	+
NC_015714.1	25092	T	-	-
NC_015714.1	25113	A	T	-
NC_015714.1	25953	T	G	-
NC_015714.1	26443	C	S	+
NC_015714.1	26515	C	T	-
NC_015714.1	27813	G	T	-
NC_015714.1	27949	T	K	+
NC_015714.1	28140	T	C	-
NC_015714.1	28449	C	-	-
NC_015714.1	30177	T	Y	+
NC_015714.1	32872	G	S	+
NC_015714.1	33153	T	G	-
NC_015714.1	33416	T	W	+
NC_015714.1	33660	A	T	-
NC_015714.1	37232	G	S	+
NC_015714.1	39371	A	W	+
NC_015714.1	43380	A	M	+
NC_015714.1	43449	A	W	+
NC_015714.1	43718	C	-	-
NC_015714.1	44161	G	A	-
NC_015714.1	44540	G	-	-
NC_015714.1	44846	-	CGAA	+
NC_015714.1	49212	G	R	+
NC_015714.1	49297	T	G	-
NC_015714.1	51106	GC	-	-
NC_015714.1	51129	-	G	-
NC_015714.1	51406	G	R	+
NC_015714.1	52946	G	K	+
NC_015714.1	54413	T	A	-
NC_015714.1	54830	G	-	-
NC_015714.1	55378	T	A	-
NC_015714.1	57588	G	S	+
NC_015714.1	57976	T	W	+
NC_015714.1	58334	T	W	+
NC_015714.1	58721	T	W	+
NC_015714.1	58850	G	K	+
NC_015714.1	59077	T	W	+
NC_015714.1	59110	A	M	+
NC_015714.1	59269	G	T	-
NC_015714.1	59990	A	W	+
NC_015714.1	60136	T	W	+
NC_015714.1	60543	G	T	-
NC_015714.1	60552	A	R	+
NC_015714.1	61100	A	M	+
NC_015714.1	61569	G	S	+
NC_015714.1	62266	T	C	-
NC_015714.1	63462	T	W	+
NC_015714.1	64273	A	M	+
NC_015714.1	64895	T	W	+
NC_015714.1	65080	C	Y	+
NC_015714.1	65558	G	T	-
NC_015714.1	65664	C	Y	+
NC_015714.1	66964	T	Y	+
NC_015714.1	67142	G	R	+
NC_015714.1	68525	T	A	-
NC_015714.1	71605	C	S	+
NC_015714.1	75024	T	W	+
NC_015714.1	75347	C	T	-
NC_015714.1	76045	A	R	+
NC_015714.1	76821	A	M	+
NC_015714.1	78975	G	S	+
NC_015714.1	79323	C	G	-
NC_015714.1	80429	T	Y	+
NC_015714.1	80994	A	-	-
NC_015714.1	81133	T	Y	+
NC_015714.1	81746	G	C	-
NC_015714.1	83928	G	K	+
NC_015714.1	83969	C	Y	+
NC_015714.1	84026	T	Y	+
NC_015714.1	84161	A	R	+
NC_015714.1	85207	T	-	-
NC_015714.1	85446	G	K	+
NC_015714.1	85778	AAGG	-	-
NC_015714.1	89388	A	W	+
NC_015714.1	90298	G	R	+
NC_015714.1	90369	C	G	-
NC_015714.1	90543	G	R	+
NC_015714.1	90638	G	A	-
NC_015714.1	92762	G	R	+
NC_015714.1	95063	-	TA	+
NC_015714.1	95703	T	W	+
NC_015714.1	96808	A	M	+
NC_015714.1	96983	G	S	+
NC_015714.1	97523	A	G	-
NC_015714.1	98027	A	T	-
NC_015714.1	98224	T	A	-
NC_015714.1	99055	C	A	-
NC_015714.1	101261	A	T	-
NC_015714.1	102948	T	G	-
NC_015714.1	103283	A	M	+
NC_015714.1	103432	T	A	-
NC_015714.1	107241	G	K	+
NC_015714.1	107830	C	Y	+
NC_015714.1	109534	T	G	-
NC_015714.1	109657	T	Y	+
NC_015714.1	110905	G	C	-
NC_015714.1	110973	-	T	+
NC_015714.1	111464	G	R	+
NC_015714.1	111497	T	A	-
NC_015714.1	111692	C	M	+
NC_015714.1	117093	C	Y	+
NC_015714.1	118253	A	M	+
NC_015714.1	118781	G	K	+
NC_015714.1	119381	T	-	-
NC_015714.1	119795	T	K	+
NC_015714.1	120611	C	A	-
NC_015714.1	123375	T	W	+
NC_015714.1	123402	G	C	-
NC_015714.1	124110	C	A	-
NC_015714.1	126531	G	T	-
NC_015714.1	127152	C	G	-
NC_015714.1	127745	C	S	+
NC_015714.1	128236	-	C	-
NC_015714.1	129278	T	C	-
NC_015714.1	129386	C	M	+
NC_015714.1	131861	C	A	-
NC_015714.1	132014	A	R	+
NC_015714.1	132242	T	Y	+
NC_015714.1	132952	G	A	-
NC_015714.1	133907	C	S	+
NC_015714.1	134201	G	R	+
NC_015714.1	136851	G	-	-
NC_015714.1	139005	A	C	-
NC_015714.1	139384	T	G	-
NC_015714.1	141577	A	G	-
NC_015714.1	142384	C	-	-
NC_015714.1	143269	G	S	+
NC_015714.1	143579	C	G	-
NC_015714.1	144008	A	G	-
NC_015714.1	145132	T	W	+
NC_015714.1	148992	-	C	-
NC_015714.1	149819	T	K	+
NC_015714.1	150036	C	S	+
NC_015714.1	150285	T	W	+
NC_015714.1	151562	G	R	+
NC_015714.1	151759	T	W	+
NC_015714.1	153039	C	-	-
NC_015714.1	153825	T	-	-
NC_015714.1	153867	C	G	-
NC_015714.1	154357	G	S	+
NC_015714.1	156212	C	M	+
NC_015714.1	157215	A	T	-
NC_015714.1	157862	G	S	+
NC_015714.1	158834	-	A	+
NC_015714.1	159131	C	G	-
NC_015714.1	161226	C	Y	+
NC_015714.1	161617	A	T	-
NC_015714.1	162537	C	Y	+
NC_015714.1	162587	A	W	+
NC_015714.1	163960	C	M	+
NC_015714.1	164001	G	C	-
NC_015714.1	164214	AA	-	-
NC_015714.1	164956	C	A	-
NC_015714.1	168811	C	-	-
NC_015714.1	168925	G	K	+
NC_015714.1	169821	T	K	+
NC_015714.1	172007	G	K	+
NC_015714.1	172032	G	K	+
NC_015714.1	172242	A	W	+
NC_015714.1	172448	G	S	+
NC_015714.1	172648	G	A	-
NC_015714.1	172873	A	M	+
NC_015714.1	173519	T	W	+
NC_015714.1	174823	C	M	+
NC_015714.1	176681	C	S	+
NC_015714.1	176896	-	G	+
NC_015714.1	178017	T	K	+
NC_015714.1	178583	A	C	-
NC_015714.1	178680	C	T	-
NC_015714.1	178686	C	G	-
NC_015714.1	181292	G	R	+
NC_015714.1	182336	G	R	+
NC_015714.1	182648	G	R	+
NC_015714.1	182731	G	T	-
NC_015714.1	183293	T	Y	+
NC_015714.1	184468	T	K	+
NC_015714.1	184899	G	R	+
NC_015714.1	185188	G	R	+
NC_015714.1	187422	T	-	-
NC_015714.1	187579	G	K	+
NC_015714.1	188120	G	S	+
NC_015714.1	188435	T	C	-
NC_015714.1	190989	C	-	-
NC_015714.1	192948	T	Y	+
NC_015714.1	194098	C	A	-
NC_015714.1	195017	G	T	-
NC_015714.1	196557	C	T	-
NC_015714.1	197238	T	Y	+
NC_015714.1	197840	C	S	+
NC_015714.1	199346	A	W	+
NC_015714.1	199861	C	T	-
NC_015714.1	200022	C	-	-
NC_015714.1	200701	C	M	+
NC_015714.1	201577	A	-	-
NC_015714.1	202964	C	T	-
NC_015714.1	203412	C	G	-
NC_015714.1	203687	T	W	+
NC_015714.1	203756	G	C	-
NC_015714.1	204173	A	G	-
NC_015714.1	205060	G	T	-
NC_015714.1	206183	C	T	-
NC_015714.1	207398	G	T	-
NC_015714.1	207990	A	C	-
NC_015714.1	210449	G	-	-
NC_015714.1	212398	C	Y	+
NC_015714.1	213428	ATC	-	-
NC_015714.1	215212	T	K	+
NC_015714.1	215896	A	T	-
NC_015714.1	217173	T	K	+
NC_015714.1	217191	G	R	+
NC_015714.1	218141	TTG	-	-
NC_015714.1	219047	-	T	+
NC_015714.1	219824	G	C	-
NC_015714.1	220336	G	C	-
NC_015714.1	221624	A	M	+
NC_015714.1	222350	-	AC	+
NC_015714.1	222462	C	S	+
NC_015714.1	223869	G	K	+
NC_015714.1	224637	C	M	+
NC_015714.1	226207	T	Y	+
NC_015714.1	226719	G	R	+
NC_015714.1	226748	G	T	-
NC_015714.1	226985	A	G	-
NC_015714.1	228211	T	-	-
NC_015714.1	229008	G	S	+
NC_015714.1	231059	C	Y	+
NC_015714.1	231871	T	Y	+
NC_015714.1	233853	A	W	+
NC_015714.1	234472	C	G	-
NC_015714.1	235139	G	R	+
NC_015714.1	237795	-	C	+
NC_015714.1	238393	A	W	+
NC_015714.1	238915	G	K	+
NC_015714.1	239000	-	A	-
NC_015714.1	239124	G	R	+
NC_015714.1	240312	C	S	+
NC_015714.1	241086	A	M	+
NC_015714.1	241721	A	C	-
NC_015714.1	242515	A	G	-
NC_015714.1	243425	C	Y	+
NC_015714.1	243501	G	A	-
NC_015714.1	243783	A	W	+
NC_015714.1	244008	-	G	+
NC_015714.1	244093	G	K	+
NC_015714.1	244602	C	S	+
NC_015714.1	244686	G	T	-
NC_015714.1	246863	A	T	-
NC_015714.1	249647	A	M	+
NC_015714.1	250080	T	K	+
NC_015714.1	251507	T	A	-
NC_015714.1	252118	C	T	-
NC_015714.1	253980	-	A	+
NC_015714.1	255143	C	S	+
NC_015714.1	258323	A	-	-
NC_015714.1	259479	T	A	-
NC_015714.1	259812	T	Y	+
NC_015714.1	261829	G	S	+
NC_015714.1	262709	T	-	-
NC_015714.1	263110	A	W	+
NC_015714.1	263610	G	R	+
NC_015714.1	263652	-	C	-
NC_015714.1	265557	T	W	+
NC_015714.1	267860	G	A	-
NC_015714.1	268118	G	K	+
NC_015714.1	268137	T	K	+
NC_015714.1	269027	T	K	+
NC_015714.1	269856	G	R	+
NC_015714.1	273777	A	M	+
NC_015714.1	273783	T	Y	+
NC_015714.1	273822	A	M	+
NC_015714.1	274240	T	W	+
NC_015714.1	276269	G	K	+
NC_015714.1	276592	C	S	+
NC_015714.1	277729	A	R	+
NC_015714.1	278166	C	A	-
NC_015714.1	278458	C	M	+
NC_015714.1	278828	C	A	-
NC_015714.1	279149	A	M	+
NC_015714.1	279167	G	S	+
NC_015714.1	279504	T	A	-
NC_015714.1	282964	G	K	+
NC_015714.1	284194	C	M	+
NC_015714.1	284562	G	A	-
NC_015714.1	289882	G	T	-
NC_015714.1	290466	T	A	-
NC_015714.1	291313	A	R	+
NC_015714.1	293451	T	A	-
NC_015714.1	294360	C	Y	+
NC_015714.1	296401	G	R	+
NC_015714.1	296420	G	R	+
NC_015714.1	296680	C	Y	+
NC_015714.1	297924	G	S	+
NC_015714.1	297999	T	Y	+
NC_015714.1	298010	A	-	-
NC_015714.1	298202	T	A	-
NC_015714.1	298575	-	T	-
NC_015714.1	298820	G	S	+
NC_015714.1	299096	G	A	-
NC_015714.1	302048	G	A	-
NC_015714.1	303311	G	R	+
NC_015714.1	303901	G	R	+
NC_015714.1	305036	C	-	-
NC_015714.1	305665	C	S	+
NC_015714.1	307948	G	C	-
NC_015714.1	309436	G	R	+
NC_015714.1	310239	G	A	-
NC_015714.1	310954	C	M	+
NC_015714.1	312422	T	Y	+
NC_015714.1	312975	T	A	-
NC_015714.1	313593	G	R	+
NC_015714.1	314121	-	A	+
NC_015714.1	314984	T	A	-
NC_015714.1	316495	G	K	+
NC_015714.1	318312	C	S	+
NC_015714.1	321079	A	R	+
NC_015714.1	321305	-	TA	-
NC_015714.1	322164	T	K	+
NC_015714.1	322376	G	S	+
NC_015714.1	322902	-	G	+
NC_015714.1	323704	C	Y	+
NC_015714.1	325417	A	T	-
NC_015714.1	325643	-	T	+
NC_015714.1	326875	G	A	-
NC_015714.1	327183	C	M	+
NC_015714.1	328894	-	G	+
NC_015714.1	329449	G	A	-
NC_015714.1	329897	G	S	+
NC_015714.1	330682	GGCC	-	-
NC_015714.1	331106	G	A	-
NC_015714.1	331403	G	S	+
NC_015714.1	331874	-	AT	-
NC_015714.1	332682	G	S	+
NC_015714.1	333193	A	G	-
NC_015714.1	334213	-	AGC	-
NC_015714.1	334592	G	K	+
NC_015714.1	335345	G	R	+
NC_015714.1	335802	C	-	-
NC_015714.1	336886	A	-	-
NC_015714.1	338894	G	T	-
NC_015714.1	340538	T	Y	+
NC_015714.1	342382	G	C	-
NC_015714.1	343482	A	W	+
NC_015714.1	344296	T	K	+
NC_015714.1	344415	T	W	+
NC_015714.1	344854	C	T	-
NC_015714.1	345240	T	Y	+
NC_015714.1	345356	C	M	+
NC_015714.1	345960	C	M	+
NC_015714.1	346269	-	G	+
NC_015714.1	346880	C	A	-
NC_015714.1	347617	C	Y	+
NC_015714.1	347974	T	-	-
NC_015714.1	348522	-	A	+
NC_015714.1	348666	T	C	-
NC_015714.1	348727	G	C	-
NC_015714.1	352059	A	C	-
NC_015714.1	352905	G	C	-
NC_015714.1	354792	A	W	+
NC_015714.1	356626	G	R	+
NC_015714.1	356895	A	M	+
NC_015714.1	357232	-	CT	-
NC_015714.1	360267	G	R	+
NC_015714.1	361493	G	R	+
NC_015714.1	361832	A	M	+
NC_015714.1	362019	C	Y	+
NC_015714.1	362262	A	C	-
NC_015714.1	364480	G	R	+
NC_015714.1	366127	C	M	+
NC_015714.1	367572	G	K	+
NC_015714.1	369271	G	T	-
NC_015714.1	369463	C	M	+
NC_015714.1	370055	A	W	+
NC_015714.1	373188	C	T	-
NC_015714.1	373489	CT	-	-
NC_015714.1	374229	A	-	-
NC_015714.1	374481	G	R	+
NC_015714.1	376703	C	Y	+
NC_015714.1	379043	T	C	-
NC_015714.1	379076	T	G	-
NC_015714.1	379176	A	W	+
NC_015714.1	379350	C	Y	+
NC_015714.1	379600	G	K	+
NC_015714.1	379607	A	M	+
NC_015714.1	382537	G	K	+
NC_015714.1	383519	T	-	-
NC_015714.1	383720	G	C	-
NC_015714.1	383913	G	-	-
NC_015714.1	384610	A	M	+
NC_015714.1	385679	G	R	+
NC_015714.1	386884	G	R	+
NC_015714.1	388248	C	M	+
NC_015714.1	388676	C	S	+
NC_015714.1	389603	C	S	+
NC_015714.1	389820	C	M	+
NC_015714.1	390413	-	T	+
NC_015714.1	390552	-	C	+
NC_015714.1	391754	C	M	+
NC_015714.1	392384	C	T	-
NC_015714.1	394865	C	G	-
NC_015714.1	396617	G	K	+
NC_015714.1	398809	C	Y	+
NC_015714.1	399339	G	S	+
NC_015714.1	401020	G	K	+
NC_015714.1	401965	A	C	-
NC_015714.1	402360	G	C	-
NC_015714.1	402533	G	A	-
NC_015714.1	403022	C	Y	+
NC_015714.1	403997	C	Y	+
NC_015714.1	405405	G	-	-
NC_015714.1	406122	T	Y	+
NC_015714.1	407664	-	C	+
NC_015714.1	410220	G	S	+
NC_015714.1	411324	G	K	+
NC_015714.1	411581	G	T	-
NC_015714.1	412510	A	R	+
NC_015714.1	412747	G	T	-
NC_015714.1	414466	-	G	+
NC_015714.1	414487	G	C	-
NC_015714.1	415517	A	R	+
NC_015714.1	416525	A	C	-
NC_015714.1	416563	C	S	+
NC_015714.1	419533	G	S	+
NC_015714.1	419541	T	W	+
NC_015714.1	419900	G	K	+
NC_015714.1	421225	C	M	+
NC_015714.1	421444	T	Y	+
NC_015714.1	421540	C	M	+
NC_015714.1	425142	T	Y	+
NC_015714.1	426328	T	C	-
NC_015714.1	426885	A	T	-
NC_015714.1	428430	T	W	+
NC_015714.1	429026	C	M	+
NC_015714.1	429197	G	S	+
NC_015714.1	429336	T	W	+
NC_015714.1	430158	T	G	-
NC_015714.1	430316	T	Y	+
NC_015714.1	431310	T	C	-
NC_015714.1	431398	-	A	+
NC_015714.1	431709	G	K	+
NC_015714.1	432404	G	-	-
NC_015714.1	433319	-	G	+
NC_015714.1	433458	C	M	+
NC_015714.1	433777	G	T	-
NC_015714.1	434327	A	C	-
NC_015714.1	435321	-	G	+
NC_015714.1	435976	C	A	-
NC_015714.1	436567	A	C	-
NC_015714.1	440062	G	R	+
NC_015714.1	440647	G	T	-
NC_015714.1	442397	G	K	+
NC_015714.1	444787	A	T	-
NC_015714.1	445032	G	R	+
NC_015714.1	447239	T	K	+
NC_015714.1	447378	A	M	+
NC_015714.1	447492	A	R	+
NC_015714.1	447553	T	G	-
NC_015714.1	448794	C	M	+
NC_015714.1	448864	-	A	-
NC_015714.1	448946	T	A	-
NC_015714.1	450404	A	T	-
NC_015714.1	451256	C	S	+
NC_015714.1	452323	T	-	-
NC_015714.1	453330	T	Y	+
NC_015714.1	455180	T	Y	+
NC_015714.1	455349	T	A	-
NC_015714.1	458059	G	R	+
NC_015714.1	458504	G	R	+
NC_015714.1	458633	G	S	+
NC_015714.1	458960	G	R	+
NC_015714.1	461125	C	A	-
NC_015714.1	461812	C	S	+
NC_015714.1	462063	C	-	-
NC_015714.1	463295	G	K	+
NC_015714.1	463407	G	K	+
NC_015714.1	463420	C	Y	+
NC_015714.1	464805	T	G	-
NC_015714.1	464967	A	C	-
NC_015714.1	465550	-	T	+
NC_015714.1	467579	C	-	-
NC_015714.1	467583	-	TG	+
NC_015714.1	468757	C	S	+
NC_015714.1	470851	T	G	-
NC_015714.1	472118	G	A	-
NC_015714.1	472197	C	Y	+
NC_015714.1	475154	C	M	+
NC_015714.1	476206	A	W	+
NC_015714.1	479982	C	S	+
NC_015714.1	481053	T	G	-
NC_015714.1	485100	G	R	+
NC_015714.1	486354	G	T	-
NC_015714.1	487297	T	G	-
NC_015714.1	487556	T	W	+
NC_015714.1	489483	G	A	-
NC_015714.1	493079	G	R	+
NC_015714.1	493170	C	G	-
NC_015714.1	493429	C	S	+
NC_015714.1	493870	C	M	+
NC_015714.1	494942	C	S	+
NC_015714.1	495076	-	C	+
NC_015714.1	495725	T	C	-
NC_015714.1	496949	G	A	-
NC_015714.1	497037	C	S	+
NC_015714.1	497335	G	S	+
NC_015714.1	497382	C	S	+
NC_015714.1	498629	A	W	+
NC_015714.1	498654	G	R	+
NC_015714.1	499351	G	R	+
NC_015714.1	501223	A	W	+
NC_015714.1	501624	G	A	-
NC_015714.1	502104	C	M	+
NC_015714.1	502277	A	C	-
NC_015714.1	502905	C	T	-
NC_015714.1	503489	G	K	+
NC_015714.1	506107	A	R	+
NC_015714.1	506387	A	R	+
NC_015714.1	507396	T	K	+
NC_015714.1	511286	G	R	+
NC_015714.1	512219	G	S	+
NC_015714.1	512893	C	M	+
NC_015714.1	513772	G	S	+
NC_015714.1	513884	T	C	-
NC_015714.1	515404	AA	-	-
NC_015714.1	515897	G	R	+
NC_015714.1	516397	G	K	+
NC_015714.1	516859	A	R	+
NC_015714.1	516944	A	W	+
NC_015714.1	517403	G	R	+
NC_015714.1	518190	C	A	-
NC_015714.1	518720	C	Y	+
NC_015714.1	519074	-	TC	+
NC_015714.1	520416	C	A	-
NC_015714.1	520505	A	G	-
NC_015714.1	523884	G	K	+
NC_015714.1	523980	T	-	-
NC_015714.1	523981	G	S	+
NC_015714.1	525333	T	-	-
NC_015714.1	526048	A	W	+
NC_015714.1	526342	G	R	+
NC_015714.1	526510	-	C	-
NC_015714.1	526922	TG	-	-
NC_015714.1	527363	G	R	+
NC_015714.1	527903	-	A	+
NC_015714.1	528293	T	K	+
NC_015714.1	528447	T	K	+
NC_015714.1	529964	A	W	+
NC_015714.1	530364	A	T	-
NC_015714.1	530510	C	T	-
NC_015714.1	531188	C	Y	+
NC_015714.1	533576	T	C	-
NC_015714.1	534387	T	K	+
NC_015714.1	536170	A	M	+
NC_015714.1	536690	A	C	-
NC_015714.1	540858	A	R	+
NC_015714.1	541327	G	K	+
NC_015714.1	543732	CG	-	-
NC_015714.1	544124	-	G	+
NC_015714.1	544463	T	Y	+
NC_015714.1	545041	T	G	-
NC_015714.1	545277	C	-	-
NC_015714.1	545321	C	A	-
NC_015714.1	545457	A	W	+
NC_015714.1	545885	-	T	+
NC_015714.1	547625	G	C	-
NC_015714.1	548015	A	-	-
NC_015714.1	548314	G	S	+
NC_015714.1	548946	T	-	-
NC_015714.1	550081	G	T	-
NC_015714.1	550897	G	R	+
NC_015714.1	552852	T	C	-
NC_015714.1	556273	C	T	-
NC_015714.1	559254	T	A	-
NC_015714.1	559300	G	S	+
NC_015714.1	560082	T	Y	+
NC_015714.1	561961	C	T	-
NC_015714.1	562372	A	M	+
NC_015714.1	562980	-	C	-
NC_015714.1	567964	G	S	+
NC_015714.1	567992	T	K	+
NC_015714.1	569095	TT	-	-
NC_015714.1	571412	G	R	+
NC_015714.1	573328	T	Y	+
NC_015714.1	573514	A	C	-
NC_015714.1	573600	A	M	+
NC_015714.1	574767	C	M	+
NC_015714.1	575121	T	K	+
NC_015714.1	575156	T	A	-
NC_015714.1	575412	C	M	+
NC_015714.1	575855	C	Y	+
NC_015714.1	576227	C	Y	+
NC_015714.1	576566	C	T	-
NC_015714.1	576678	T	G	-
NC_015714.1	576913	G	K	+
NC_015714.1	577828	T	K	+
NC_015714.1	579658	C	Y	+
NC_015714.1	580005	C	Y	+
NC_015714.1	581175	C	T	-
NC_015714.1	582474	A	R	+
NC_015714.1	583478	A	W	+
NC_015714.1	585119	G	T	-
NC_015714.1	585921	G	A	-
NC_015714.1	588243	C	Y	+
NC_015714.1	588422	C	T	-
NC_015714.1	589749	T	A	-
NC_015714.1	590435	C	M	+
NC_015714.1	590656	C	G	-
NC_015714.1	591001	G	A	-
NC_015714.1	592946	G	K	+
NC_015714.1	593628	T	G	-
NC_015714.1	594085	A	G	-
NC_015714.1	595728	T	A	-
NC_015714.1	596613	T	K	+
NC_015714.1	597315	A	G	-
NC_015714.1	597970	T	W	+
NC_015714.1	599153	C	S	+
NC_015714.1	600248	T	W	+
NC_015714.1	601076	G	R	+
NC_015714.1	601684	C	M	+
NC_015714.1	603018	TT	-	-
NC_015714.1	604043	C	S	+
NC_015714.1	604930	C	-	-
NC_015714.1	607703	T	C	-
NC_015714.1	608724	A	W	+
NC_015714.1	613483	T	K	+
NC_015714.1	613991	C	S	+
NC_015714.1	615471	A	C	-
NC_015714.1	615580	G	R	+
NC_015714.1	616112	C	T	-
NC_015714.1	616282	-	A	-
NC_015714.1	616393	-	C	+
NC_015714.1	616516	TC	-	-
NC_015714.1	617489	C	G	-
NC_015714.1	618727	G	A	-
NC_015714.1	620183	G	R	+
NC_015714.1	620723	A	-	-
NC_015714.1	621128	G	K	+
NC_015714.1	624799	T	W	+
NC_015714.1	625131	A	-	-
NC_015714.1	625892	T	Y	+
NC_015714.1	626380	C	S	+
NC_015714.1	626512	C	S	+
NC_015714.1	626817	AC	-	-
NC_015714.1	628528	A	M	+
NC_015714.1	628994	T	G	-
NC_015714.1	628995	G	K	+
NC_015714.1	629033	C	M	+
NC_015714.1	632445	C	S	+
NC_015714.1	634774	T	W	+
NC_015714.1	634905	A	M	+
NC_015714.1	635187	G	S	+
NC_015714.1	637336	-	G	+
NC_015714.1	638456	T	Y	+
NC_015714.1	639041	C	S	+
NC_015714.1	639435	C	M	+
NC_015714.1	639646	C	-	-
NC_015714.1	640346	T	C	-
NC_015714.1	640518	-	A	+
NC_015714.1	641343	G	-	-
NC_015714.1	644140	C	M	+
NC_015714.1	644720	G	R	+
NC_015714.1	644940	C	T	-
NC_015714.1	647217	C	Y	+
NC_015714.1	647442	G	S	+
NC_015714.1	647622	A	M	+
NC_015714.1	648057	C	T	-
NC_015714.1	648369	C	S	+
NC_015714.1	648767	C	G	-
NC_015714.1	649222	G	T	-
NC_015714.1	649308	C	S	+
NC_015714.1	649391	C	S	+
NC_015714.1	649886	-	T	+
NC_015714.1	651168	G	S	+
NC_015714.1	651340	C	S	+
NC_015714.1	653697	T	Y	+
NC_015714.1	654571	G	K	+
NC_015714.1	654730	T	G	-
NC_015714.1	655581	-	TGA	+
NC_015714.1	655898	G	T	-
NC_015714.1	657766	T	Y	+
NC_015714.1	658452	G	-	-
NC_015714.1	662489	C	-	-
NC_015714.1	664351	G	R	+
NC_015714.1	665260	T	W	+
NC_015714.1	666020	C	Y	+
NC_015714.1	668165	-	T	+
NC_015714.1	668805	T	Y	+
NC_015714.1	668829	C	G	-
NC_015714.1	669491	G	S	+
NC_015714.1	670755	G	R	+
NC_015714.1	671401	T	K	+
NC_015714.1	671829	C	Y	+
NC_015714.1	672087	A	-	-
NC_015714.1	672189	T	Y	+
NC_015714.1	673039	A	R	+
NC_015714.1	673485	C	-	-
NC_015714.1	675617	A	M	+
NC_015714.1	677023	A	-	-
NC_015714.1	677156	C	Y	+
NC_015714.1	678137	CG	-	-
NC_015714.1	678436	-	T	+
NC_015714.1	678446	C	A	-
NC_015714.1	678671	G	T	-
NC_015714.1	678834	A	G	-
NC_015714.1	678973	A	W	+
NC_015714.1	679068	T	G	-
NC_015714.1	679665	A	M	+
NC_015714.1	680467	-	C	-
NC_015714.1	681500	A	T	-
NC_015714.1	681888	G	R	+
NC_015714.1	684240	T	Y	+
NC_015714.1	684843	G	R	+
NC_015714.1	686209	T	K	+
NC_015714.1	686535	T	G	-
NC_015714.1	686580	G	R	+
NC_015714.1	687110	G	T	-
NC_015714.1	687114	C	Y	+
NC_015714.1	690065	-	T	-
NC_015714.1	690574	C	M	+
NC_015714.1	693329	-	A	-
NC_015714.1	693446	G	R	+
NC_015714.1	694271	T	Y	+
NC_015714.1	694535	C	T	-
NC_015714.1	695710	G	K	+
NC_015714.1	696892	-	C	+
NC_015714.1	697657	G	T	-
NC_015714.1	698340	T	K	+
NC_015714.1	699117	A	W	+
NC_015714.1	699429	T	K	+
NC_015714.1	699473	C	S	+
NC_015714.1	700578	C	M	+
NC_015714.1	700729	A	R	+
NC_015714.1	701539	T	W	+
NC_015714.1	702741	C	A	-
NC_015714.1	703021	A	W	+
NC_015714.1	703879	C	A	-
NC_015714.1	704248	-	A	+
NC_015714.1	704466	-	C	+
NC_015714.1	707721	G	R	+
NC_015714.1	707990	C	A	-
NC_015714.1	710325	A	T	-
NC_015714.1	713093	A	G	-
NC_015714.1	713570	A	R	+
NC_015714.1	713879	T	G	-
NC_015714.1	714405	T	G	-
NC_015714.1	715824	G	K	+
NC_015714.1	717805	-	T	-
NC_015714.1	718967	C	S	+
NC_015714.1	719582	A	M	+
NC_015714.1	720116	G	C	-
NC_015714.1	724426	C	S	+
NC_015714.1	725734	G	R	+
NC_015714.1	726314	C	G	-
NC_015714.1	726566	C	G	-
NC_015714.1	727391	T	C	-
NC_015714.1	727879	A	M	+
NC_015714.1	729206	G	R	+
NC_015714.1	730364	C	A	-
NC_015714.1	730790	C	S	+
NC_015714.1	731331	A	M	+
NC_015714.1	732275	G	K	+
NC_015714.1	732916	A	T	-
NC_015714.1	733186	T	W	+
NC_015714.1	733342	A	T	-
NC_015714.1	734005	G	S	+
NC_015714.1	734604	A	R	+
NC_015714.1	737208	T	W	+
NC_015714.1	737572	G	T	-
NC_015714.1	738305	C	T	-
NC_015714.1	740017	C	S	+
NC_015714.1	741127	T	W	+
NC_015714.1	741638	G	C	-
NC_015714.1	742386	A	T	-
NC_015714.1	745034	T	C	-
NC_015714.1	746450	C	Y	+
NC_015714.1	746972	T	Y	+
NC_015714.1	747012	-	C	-
NC_015714.1	747997	A	W	+
NC_015714.1	748082	C	S	+
NC_015714.1	748689	G	S	+
NC_015714.1	749408	G	A	-
NC_015714.1	749670	T	G	-
NC_015714.1	750125	A	W	+
NC_015714.1	750366	A	M	+
NC_015714.1	751177	T	W	+
NC_015714.1	754394	A	G	-
NC_015714.1	754524	T	A	-
NC_015714.1	755994	T	Y	+
NC_015714.1	757042	G	S	+
NC_015714.1	758305	C	S	+
NC_015714.1	759892	-	CT	+
NC_015714.1	760413	T	Y	+
NC_015714.1	760494	C	G	-
NC_015714.1	761334	G	R	+
NC_015714.1	762650	G	S	+
NC_015714.1	762702	T	Y	+
NC_015714.1	764579	T	-	-
NC_015714.1	764585	A	C	-
NC_015714.1	766086	A	M	+
NC_015714.1	766096	G	R	+
NC_015714.1	767009	C	G	-
NC_015714.1	767429	A	G	-
NC_015714.1	770755	-	C	+
NC_015714.1	773449	T	C	-
NC_015714.1	774190	G	K	+
NC_015714.1	774465	A	-	-
NC_015714.1	776068	G	S	+
NC_015714.1	776493	T	K	+
NC_015714.1	776560	T	-	-
NC_015714.1	776650	C	M	+
NC_015714.1	776948	-	TA	-
NC_015714.1	777887	T	Y	+
NC_015714.1	778039	A	R	+
NC_015714.1	779202	G	A	-
NC_015714.1	780581	C	Y	+
NC_015714.1	781020	G	R	+
NC_015714.1	783552	G	K	+
NC_015714.1	783563	-	T	-
NC_015714.1	783741	C	Y	+
NC_015714.1	784557	A	M	+
NC_015714.1	785610	G	S	+
NC_015714.1	785739	C	M	+
NC_015714.1	786296	G	R	+
NC_015714.1	791678	C	S	+
NC_015714.1	792711	A	C	-
NC_015714.1	794157	T	W	+
NC_015714.1	796107	-	A	-
NC_015714.1	796325	G	K	+
NC_015714.1	796386	A	C	-
NC_015714.1	799707	C	S	+
NC_015714.1	799823	A	R	+
NC_015714.1	802870	T	C	-
NC_015714.1	804067	A	T	-
NC_015714.1	804333	-	T	-
NC_015714.1	808856	ATTGGTCG	-	-
NC_015714.1	808968	G	K	+
NC_015714.1	809556	-	C	+
NC_015714.1	813473	T	K	+
NC_015714.1	814969	C	-	-
NC_015714.1	815312	G	K	+
NC_015714.1	815891	C	T	-
NC_015714.1	818071	C	M	+
NC_015714.1	818380	C	M	+
NC_015714.1	820638	T	K	+
NC_015714.1	821745	T	W	+
NC_015714.1	821836	A	R	+
NC_015714.1	822680	A	G	-
NC_015714.1	822856	G	R	+
NC_015714.1	825196	C	-	-
NC_015714.1	825478	C	S	+
NC_015714.1	827908	A	W	+
NC_015714.1	829797	G	K	+
NC_015714.1	831274	C	Y	+
NC_015714.1	831640	G	A	-
NC_015714.1	832118	T	W	+
NC_015714.1	833081	T	Y	+
NC_015714.1	833840	A	M	+
NC_015714.1	834500	T	Y	+
NC_015714.1	836177	G	K	+
NC_015714.1	836581	A	T	-
NC_015714.1	838942	T	C	-
NC_015714.1	839233	G	T	-
NC_015714.1	839578	C	-	-
NC_015714.1	840268	C	Y	+
NC_015714.1	841217	C	M	+
NC_015714.1	841869	T	A	-
NC_015714.1	843925	C	M	+
NC_015714.1	845223	A	M	+
NC_015714.1	845454	T	C	-
NC_015714.1	846806	C	S	+
NC_015714.1	846876	T	Y	+
NC_015714.1	848550	C	M	+
NC_015714.1	851080	T	C	-
NC_015714.1	851611	A	R	+
NC_015714.1	852731	C	Y	+
NC_015714.1	852766	G	K	+
NC_015714.1	852863	T	G	-
NC_015714.1	853126	C	Y	+
NC_015714.1	853558	C	M	+
NC_015714.1	854087	G	R	+
NC_015714.1	854409	T	K	+
NC_015714.1	857240	A	R	+
NC_015714.1	858563	C	M	+
NC_015714.1	859850	-	T	+
NC_015714.1	863546	-	C	-
NC_015714.1	863644	C	T	-
NC_015714.1	865315	G	R	+
NC_015714.1	865575	T	C	-
NC_015714.1	866040	A	W	+
NC_015714.1	866186	T	W	+
NC_015714.1	867164	A	W	+
NC_015714.1	867284	T	C	-
NC_015714.1	868085	A	M	+
NC_015714.1	871689	G	K	+
NC_015714.1	871811	T	Y	+
NC_015714.1	875431	G	A	-
NC_015714.1	876663	C	M	+
NC_015714.1	879252	A	R	+
NC_015714.1	880542	G	T	-
NC_015714.1	881056	-	ATT	+
NC_015714.1	881439	T	G	-
NC_015714.1	881586	C	M	+
NC_015714.1	884082	C	T	-
NC_015714.1	885879	A	-	-
NC_015714.1	888914	G	R	+
NC_015714.1	889279	-	G	+
NC_015714.1	890510	G	S	+
NC_015714.1	890549	G	R	+
NC_015714.1	890977	T	C	-
NC_015714.1	891303	G	S	+
NC_015714.1	892579	C	Y	+
NC_015714.1	893892	G	R	+
NC_015714.1	895199	A	C	-
NC_015714.1	895232	C	Y	+
NC_015714.1	896323	G	T	-
NC_015714.1	898082	C	S	+
NC_015714.1	899203	T	-	-
NC_015714.1	899981	C	-	-
NC_015714.1	900631	C	-	-
NC_015714.1	900683	G	C	-
NC_015714.1	900996	A	R	+
NC_015714.1	901640	G	C	-
NC_015714.1	902550	T	G	-
NC_015714.1	905235	-	A	+
NC_015714.1	906459	T	Y	+
NC_015714.1	906489	G	S	+
NC_015714.1	907225	A	R	+
NC_015714.1	907721	T	Y	+
NC_015714.1	908612	C	Y	+
NC_015714.1	910368	C	A	-
NC_015714.1	912086	C	M	+
NC_015714.1	912328	-	T	-
NC_015714.1	912696	-	T	+
NC_015714.1	915919	G	K	+
NC_015714.1	916270	G	R	+
NC_015714.1	917319	T	Y	+
NC_015714.1	918995	C	Y	+
NC_015714.1	920457	G	S	+
NC_015714.1	921189	A	W	+
NC_015714.1	922594	T	K	+
NC_015714.1	924619	G	R	+
NC_015714.1	927907	G	R	+
NC_015714.1	928375	C	Y	+
NC_015714.1	929145	C	A	-
NC_015714.1	930781	C	T	-
NC_015714.1	930893	G	K	+
NC_015714.1	931766	G	A	-
NC_015714.1	931830	T	-	-
NC_015714.1	932353	G	A	-
NC_015714.1	933964	G	S	+
NC_015714.1	934186	T	K	+
NC_015714.1	934297	C	M	+
NC_015714.1	934768	C	T	-
NC_015714.1	941251	-	T	-
NC_015714.1	942325	A	W	+
NC_015714.1	944845	G	S	+
NC_015714.1	947127	C	Y	+
NC_015714.1	947975	A	T	-
NC_015714.1	948462	A	C	-
NC_015714.1	948486	C	-	-
NC_015714.1	950131	T	A	-
NC_015714.1	952442	C	G	-
NC_015714.1	956478	T	K	+
NC_015714.1	957965	T	Y	+
NC_015714.1	960059	C	T	-
NC_015714.1	960227	T	G	-
NC_015714.1	960635	CAG	-	-
NC_015714.1	961023	A	R	+
NC_015714.1	961430	A	W	+
NC_015714.1	961716	A	R	+
NC_015714.1	962773	C	Y	+
NC_015714.1	963666	A	M	+
NC_015714.1	968005	T	W	+
NC_015714.1	968271	A	M	+
NC_015714.1	968395	C	G	-
NC_015714.1	968529	C	-	-
NC_015714.1	968622	A	G	-
NC_015714.1	968635	-	G	+
NC_015714.1	969214	C	Y	+
NC_015714.1	969297	-	AC	+
NC_015714.1	970158	A	M	+
NC_015714.1	970220	C	S	+
NC_015714.1	970746	C	A	-
NC_015714.1	971147	A	R	+
NC_015714.1	971691	G	C	-
NC_015714.1	971952	T	G	-
NC_015714.1	973017	T	K	+
NC_015714.1	974268	G	K	+
NC_015714.1	976290	A	C	-
NC_015714.1	978373	A	G	-
NC_015714.1	980345	A	W	+
NC_015714.1	981732	G	K	+
NC_015714.1	983821	G	S	+
NC_015714.1	986532	T	W	+
NC_015714.1	988593	C	S	+
NC_015714.1	990819	A	R	+
NC_015714.1	991949	G	S	+
NC_015714.1	993400	G	S	+
NC_015714.1	996313	C	S	+
NC_015714.1	996334	C	G	-
NC_015714.1	996678	T	-	-
NC_015714.1	997087	-	A	-
NC_015714.1	998640	A	M	+
NC_015714.1	1000601	C	S	+
NC_015714.1	1000665	C	S	+
NC_015714.1	1001165	C	Y	+
NC_015714.1	1002143	A	M	+
NC_015714.1	1002304	T	G	-
NC_015714.1	1002911	A	T	-
NC_015714.1	1003103	G	K	+
NC_015714.1	1003790	A	G	-
NC_015714.1	1004570	T	C	-
NC_015714.1	1005102	T	C	-
NC_015714.1	1007114	-	CA	+
NC_015714.1	1007274	G	S	+
NC_015714.1	1008419	A	M	+
NC_015714.1	1008545	-	TA	+
NC_015714.1	1010339	C	T	-
NC_015714.1	1011869	A	-	-
NC_015714.1	1012349	T	Y	+
NC_015714.1	1012714	A	T	-
NC_015714.1	1013404	T	A	-
NC_015714.1	1013891	-	G	+
NC_015714.1	1013947	C	S	+
NC_015714.1	1016635	C	A	-
NC_015714.1	1017326	A	W	+
NC_015714.1	1018147	C	A	-
NC_015714.1	1018607	C	S	+
NC_015714.1	1021054	G	R	+
NC_015714.1	1021683	C	M	+
NC_015714.1	1022343	A	-	-
NC_015714.1	1022788	T	Y	+
NC_015714.1	1024495	C	A	-
NC_015714.1	1024597	A	M	+
NC_015714.1	1024681	T	W	+
NC_015714.1	1026819	C	S	+
NC_015714.1	1029759	A	W	+
NC_015714.1	1029955	T	K	+
NC_015714.1	1032621	G	R	+
NC_015714.1	1033915	C	Y	+
NC_015714.1	1034093	T	A	-
NC_015714.1	1034551	C	M	+
NC_015714.1	1035131	C	S	+
NC_015714.1	1037798	A	W	+
NC_015714.1	1039209	A	M	+
NC_015714.1	1039347	A	M	+
NC_015714.1	1039668	CT	-	-
NC_015714.1	1040741	A	M	+
NC_015714.1	1044015	T	G	-
NC_015714.1	1044767	C	Y	+
NC_015714.1	1047982	A	M	+
NC_015714.1	1048189	G	K	+
NC_015714.1	1048305	A	-	-
NC_015714.1	1049251	C	A	-
NC_015714.1	1049607	C	Y	+
NC_015714.1	1050329	C	Y	+
NC_015714.1	1050437	A	R	+
NC_015714.1	1050474	T	A	-
NC_015714.1	1050538	A	W	+
NC_015714.1	1051151	-	A	+
NC_015714.1	1051643	A	G	-
NC_015714.1	1053878	T	Y	+
NC_015714.1	1055056	T	C	-
NC_015714.1	1055123	C	T	-
NC_015714.1	1055603	A	W	+
NC_015714.1	1055888	-	G	+
NC_015714.1	1057168	G	C	-
NC_015714.1	1057885	A	W	+
NC_015714.1	1058019	C	Y	+
NC_015714.1	1058021	G	K	+
NC_015714.1	1058185	C	M	+
NC_015714.1	1058301	C	M	+
NC_015714.1	1059939	C	G	-
NC_015714.1	1060686	C	M	+
NC_015714.1	1060985	T	C	-
NC_015714.1	1061037	A	W	+
NC_015714.1	1061477	C	S	+
NC_015714.1	1061694	G	A	-
NC_015714.1	1062793	C	-	-
NC_015714.1	1064307	C	Y	+
NC_015714.1	1065301	C	G	-
NC_015714.1	1066100	C	M	+
NC_015714.1	1066380	C	Y	+
NC_015714.1	1066570	C	S	+
NC_015714.1	1069339	G	T	-
NC_015714.1	1069805	T	A	-
NC_015714.1	1069964	A	R	+
NC_015714.1	1070850	-	CCT	+
NC_015714.1	1070859	C	G	-
NC_015714.1	1072350	T	Y	+
NC_015714.1	1072800	G	T	-
NC_015714.1	1073349	C	S	+
NC_015714.1	1073849	C	Y	+
NC_015714.1	1074067	G	T	-
NC_015714.1	1074127	C	T	-
NC_015714.1	1075108	T	K	+
NC_015714.1	1075292	CT	-	-
NC_015714.1	1075642	T	W	+
NC_015714.1	1075666	A	T	-
NC_015714.1	1076797	-	A	-
NC_015714.1	1077759	G	C	-
NC_015714.1	1077898	A	W	+
NC_015714.1	1077951	C	A	-
NC_015714.1	1078322	A	W	+
NC_015714.1	1079562	T	Y	+
NC_015714.1	1079807	G	K	+
NC_015714.1	1080214	C	M	+
NC_015714.1	1082387	A	W	+
NC_015714.1	1082740	A	W	+
NC_015714.1	1084749	C	G	-
NC_015714.1	1086063	T	A	-
NC_015714.1	1086117	A	C	-
NC_015714.1	1086548	-	CT	+
NC_015714.1	1086861	T	G	-
NC_015714.1	1087790	T	Y	+
NC_015714.1	1087836	T	K	+
NC_015714.1	1089213	A	W	+
NC_015714.1	1089554	T	Y	+
NC_015714.1	1093210	AG	-	-
NC_015714.1	1093581	G	S	+
NC_015714.1	1095785	G	S	+
NC_015714.1	1096242	G	R	+
NC_015714.1	1096492	T	A	-
NC_015714.1	1101885	AA	-	-
NC_015714.1	1103723	G	R	+
NC_015714.1	1109573	G	K	+
NC_015714.1	1109733	A	C	-
NC_015714.1	1109773	G	K	+
NC_015714.1	1111034	T	Y	+
NC_015714.1	1115600	C	Y	+
NC_015714.1	1116729	G	T	-
NC_015714.1	1117263	C	M	+
NC_015714.1	1118126	C	Y	+
NC_015714.1	1119839	A	W	+
NC_015714.1	1120386	G	C	-
NC_015714.1	1120457	A	M	+
NC_015714.1	1120695	G	S	+
NC_015714.1	1122175	A	R	+
NC_015714.1	1122404	G	T	-
NC_015714.1	1123593	T	A	-
NC_015714.1	1123834	G	-	-
NC_015714.1	1123936	T	W	+
NC_015714.1	1128999	G	R	+
NC_015714.1	1129840	T	-	-
NC_015714.1	1130534	G	R	+
