[wgsim] seed = 1
[wgsim_core] calculating the total length of the reference sequence...
[wgsim_core] 3 sequences, total length: 3305145
NZ_AP023069.1	736	G	C	-
NZ_AP023069.1	1522	G	R	+
NZ_AP023069.1	2098	T	W	+
NZ_AP023069.1	2444	C	T	-
NZ_AP023069.1	3059	C	A	-
NZ_AP023069.1	4630	G	S	+
NZ_AP023069.1	5204	A	W	+
NZ_AP023069.1	6834	C	M	+
NZ_AP023069.1	7953	G	K	+
NZ_AP023069.1	9092	G	K	+
NZ_AP023069.1	10396	G	T	-
NZ_AP023069.1	12124	T	-	-
NZ_AP023069.1	14485	C	M	+
NZ_AP023069.1	14934	C	M	+
NZ_AP023069.1	15918	G	A	-
NZ_AP023069.1	17138	C	S	+
NZ_AP023069.1	18586	T	Y	+
NZ_AP023069.1	19880	-	T	+
NZ_AP023069.1	20450	A	W	+
NZ_AP023069.1	20901	C	A	-
NZ_AP023069.1	21655	GC	-	-
NZ_AP023069.1	23192	C	-	-
NZ_AP023069.1	24728	G	-	-
NZ_AP023069.1	25439	T	A	-
NZ_AP023069.1	26204	T	Y	+
NZ_AP023069.1	26789	A	G	-
NZ_AP023069.1	27231	C	S	+
NZ_AP023069.1	27405	C	Y	+
NZ_AP023069.1	27706	C	M	+
NZ_AP023069.1	27815	G	T	-
NZ_AP023069.1	31062	C	-	-
NZ_AP023069.1	31711	A	W	+
NZ_AP023069.1	33300	T	K	+
NZ_AP023069.1	34722	G	C	-
NZ_AP023069.1	34740	G	S	+
NZ_AP023069.1	35201	A	T	-
NZ_AP023069.1	35353	T	K	+
NZ_AP023069.1	36976	G	C	-
NZ_AP023069.1	38884	G	K	+
NZ_AP023069.1	39473	C	S	+
NZ_AP023069.1	39972	T	W	+
NZ_AP023069.1	42995	G	R	+
NZ_AP023069.1	43193	A	R	+
NZ_AP023069.1	43268	T	W	+
NZ_AP023069.1	44445	-	AT	-
NZ_AP023069.1	45403	G	R	+
NZ_AP023069.1	45905	A	M	+
NZ_AP023069.1	46986	G	S	+
NZ_AP023069.1	48325	C	S	+
NZ_AP023069.1	49240	A	G	-
NZ_AP023069.1	49674	T	-	-
NZ_AP023069.1	49787	C	Y	+
NZ_AP023069.1	49887	C	M	+
NZ_AP023069.1	53111	A	C	-
NZ_AP023069.1	53225	A	G	-
NZ_AP023069.1	54034	A	W	+
NZ_AP023069.1	54956	C	S	+
NZ_AP023069.1	55478	-	G	+
NZ_AP023069.1	56647	T	A	-
NZ_AP023069.1	59226	T	C	-
NZ_AP023069.1	60652	T	K	+
NZ_AP023069.1	64272	C	Y	+
NZ_AP023069.1	65698	T	K	+
NZ_AP023069.1	66342	A	C	-
NZ_AP023069.1	70263	C	Y	+
NZ_AP023069.1	70711	C	G	-
NZ_AP023069.1	73256	G	S	+
NZ_AP023069.1	74448	A	C	-
NZ_AP023069.1	74653	G	S	+
NZ_AP023069.1	74992	G	R	+
NZ_AP023069.1	76738	A	R	+
NZ_AP023069.1	80392	C	Y	+
NZ_AP023069.1	82138	G	S	+
NZ_AP023069.1	83160	G	R	+
NZ_AP023069.1	84558	T	W	+
NZ_AP023069.1	84896	A	R	+
NZ_AP023069.1	86288	-	G	+
NZ_AP023069.1	87566	G	S	+
NZ_AP023069.1	87720	A	W	+
NZ_AP023069.1	89473	C	T	-
NZ_AP023069.1	89951	G	R	+
NZ_AP023069.1	91008	T	C	-
NZ_AP023069.1	91472	C	G	-
NZ_AP023069.1	92311	C	T	-
NZ_AP023069.1	93310	A	M	+
NZ_AP023069.1	94136	T	G	-
NZ_AP023069.1	95106	T	W	+
NZ_AP023069.1	95459	T	Y	+
NZ_AP023069.1	96124	CG	-	-
NZ_AP023069.1	96877	G	K	+
NZ_AP023069.1	96923	C	S	+
NZ_AP023069.1	97272	A	-	-
NZ_AP023069.1	97413	T	Y	+
NZ_AP023069.1	99546	C	Y	+
NZ_AP023069.1	100533	C	T	-
NZ_AP023069.1	101908	-	G	-
NZ_AP023069.1	104378	A	R	+
NZ_AP023069.1	104837	T	-	-
NZ_AP023069.1	105564	T	G	-
NZ_AP023069.1	106044	G	A	-
NZ_AP023069.1	107050	A	M	+
NZ_AP023069.1	107747	C	T	-
NZ_AP023069.1	108316	A	W	+
NZ_AP023069.1	108957	A	M	+
NZ_AP023069.1	109166	A	T	-
NZ_AP023069.1	110498	G	R	+
NZ_AP023069.1	113316	G	A	-
NZ_AP023069.1	115158	GAT	-	-
NZ_AP023069.1	115720	A	M	+
NZ_AP023069.1	116922	-	AG	+
NZ_AP023069.1	117800	A	R	+
NZ_AP023069.1	117814	G	R	+
NZ_AP023069.1	119208	-	T	-
NZ_AP023069.1	123173	-	G	+
NZ_AP023069.1	124183	C	M	+
NZ_AP023069.1	124691	C	M	+
NZ_AP023069.1	124786	A	R	+
NZ_AP023069.1	126606	C	G	-
NZ_AP023069.1	127028	A	G	-
NZ_AP023069.1	127232	C	Y	+
NZ_AP023069.1	127872	G	K	+
NZ_AP023069.1	130625	A	R	+
NZ_AP023069.1	130752	A	M	+
NZ_AP023069.1	130788	G	S	+
NZ_AP023069.1	130896	G	R	+
NZ_AP023069.1	132166	G	R	+
NZ_AP023069.1	132223	T	Y	+
NZ_AP023069.1	133177	C	S	+
NZ_AP023069.1	133333	A	T	-
NZ_AP023069.1	133426	C	M	+
NZ_AP023069.1	134439	C	T	-
NZ_AP023069.1	135407	A	C	-
NZ_AP023069.1	136785	A	W	+
NZ_AP023069.1	137921	T	Y	+
NZ_AP023069.1	137939	C	M	+
NZ_AP023069.1	138337	C	A	-
NZ_AP023069.1	141321	G	S	+
NZ_AP023069.1	141390	GA	-	-
NZ_AP023069.1	142007	-	C	-
NZ_AP023069.1	143538	G	R	+
NZ_AP023069.1	143731	-	T	+
NZ_AP023069.1	143873	T	Y	+
NZ_AP023069.1	143971	A	C	-
NZ_AP023069.1	144284	C	Y	+
NZ_AP023069.1	145781	G	K	+
NZ_AP023069.1	146004	C	M	+
NZ_AP023069.1	148502	T	W	+
NZ_AP023069.1	149186	A	M	+
NZ_AP023069.1	150286	T	Y	+
NZ_AP023069.1	150388	G	C	-
NZ_AP023069.1	151337	T	K	+
NZ_AP023069.1	151350	T	Y	+
NZ_AP023069.1	152806	T	K	+
NZ_AP023069.1	153502	C	A	-
NZ_AP023069.1	154588	A	R	+
NZ_AP023069.1	156766	C	G	-
NZ_AP023069.1	157996	G	S	+
NZ_AP023069.1	163105	T	K	+
NZ_AP023069.1	163398	G	S	+
NZ_AP023069.1	163526	-	TC	+
NZ_AP023069.1	164045	A	M	+
NZ_AP023069.1	164701	T	W	+
NZ_AP023069.1	164902	G	R	+
NZ_AP023069.1	165376	C	Y	+
NZ_AP023069.1	165539	A	R	+
NZ_AP023069.1	165560	C	M	+
NZ_AP023069.1	167427	-	A	+
NZ_AP023069.1	170451	T	W	+
NZ_AP023069.1	170769	G	S	+
NZ_AP023069.1	171875	A	M	+
NZ_AP023069.1	172282	AT	-	-
NZ_AP023069.1	173238	C	G	-
NZ_AP023069.1	173373	T	W	+
NZ_AP023069.1	173750	G	A	-
NZ_AP023069.1	176930	C	M	+
NZ_AP023069.1	177446	G	S	+
NZ_AP023069.1	177516	T	K	+
NZ_AP023069.1	178577	G	R	+
NZ_AP023069.1	179183	G	K	+
NZ_AP023069.1	179244	C	S	+
NZ_AP023069.1	179604	C	T	-
NZ_AP023069.1	179715	A	W	+
NZ_AP023069.1	180692	C	T	-
NZ_AP023069.1	180743	G	T	-
NZ_AP023069.1	180979	A	T	-
NZ_AP023069.1	181797	C	Y	+
NZ_AP023069.1	182230	A	W	+
NZ_AP023069.1	183437	C	Y	+
NZ_AP023069.1	184710	T	Y	+
NZ_AP023069.1	184713	T	A	-
NZ_AP023069.1	187052	G	S	+
NZ_AP023069.1	188634	C	M	+
NZ_AP023069.1	188964	-	C	+
NZ_AP023069.1	188977	A	M	+
NZ_AP023069.1	189280	A	R	+
NZ_AP023069.1	189990	A	M	+
NZ_AP023069.1	190131	A	-	-
NZ_AP023069.1	190785	-	C	+
NZ_AP023069.1	192254	C	M	+
NZ_AP023069.1	193707	T	G	-
NZ_AP023069.1	194702	G	S	+
NZ_AP023069.1	194723	A	W	+
NZ_AP023069.1	195600	C	S	+
NZ_AP023069.1	195872	C	A	-
NZ_AP023069.1	195927	T	K	+
NZ_AP023069.1	197596	C	S	+
NZ_AP023069.1	199119	T	Y	+
NZ_AP023069.1	199427	-	A	-
NZ_AP023069.1	199619	A	W	+
NZ_AP023069.1	199701	C	T	-
NZ_AP023069.1	202170	-	T	-
NZ_AP023069.1	202642	A	M	+
NZ_AP023069.1	202788	C	M	+
NZ_AP023069.1	203038	A	C	-
NZ_AP023069.1	203113	C	Y	+
NZ_AP023069.1	203395	C	S	+
NZ_AP023069.1	203519	G	C	-
NZ_AP023069.1	206278	G	T	-
NZ_AP023069.1	208071	G	S	+
NZ_AP023069.1	209463	T	K	+
NZ_AP023069.1	211292	-	T	+
NZ_AP023069.1	211775	G	R	+
NZ_AP023069.1	211791	G	S	+
NZ_AP023069.1	212385	T	C	-
NZ_AP023069.1	213210	C	A	-
NZ_AP023069.1	215215	T	Y	+
NZ_AP023069.1	215284	A	M	+
NZ_AP023069.1	215418	G	-	-
NZ_AP023069.1	215765	G	T	-
NZ_AP023069.1	216593	C	T	-
NZ_AP023069.1	216631	G	T	-
NZ_AP023069.1	217166	T	G	-
NZ_AP023069.1	217179	T	A	-
NZ_AP023069.1	217597	A	G	-
NZ_AP023069.1	218294	G	K	+
NZ_AP023069.1	219165	-	A	-
NZ_AP023069.1	219505	T	K	+
NZ_AP023069.1	220333	A	-	-
NZ_AP023069.1	220456	T	Y	+
NZ_AP023069.1	220824	-	T	+
NZ_AP023069.1	222702	T	W	+
NZ_AP023069.1	223490	T	W	+
NZ_AP023069.1	225181	C	G	-
NZ_AP023069.1	226189	-	T	+
NZ_AP023069.1	228106	G	S	+
NZ_AP023069.1	228760	A	W	+
NZ_AP023069.1	229287	CC	-	-
NZ_AP023069.1	230300	G	S	+
NZ_AP023069.1	230945	-	T	+
NZ_AP023069.1	232239	A	C	-
NZ_AP023069.1	234291	A	R	+
NZ_AP023069.1	235203	A	M	+
NZ_AP023069.1	235509	G	A	-
NZ_AP023069.1	237045	G	T	-
NZ_AP023069.1	237724	C	T	-
NZ_AP023069.1	238947	C	S	+
NZ_AP023069.1	239721	A	M	+
NZ_AP023069.1	241459	C	-	-
NZ_AP023069.1	241680	C	M	+
NZ_AP023069.1	241942	G	S	+
NZ_AP023069.1	242362	C	G	-
NZ_AP023069.1	243127	A	G	-
NZ_AP023069.1	244509	G	T	-
NZ_AP023069.1	247387	T	K	+
NZ_AP023069.1	250505	C	-	-
NZ_AP023069.1	250559	T	G	-
NZ_AP023069.1	252286	C	S	+
NZ_AP023069.1	252428	G	-	-
NZ_AP023069.1	253228	C	Y	+
NZ_AP023069.1	254402	C	T	-
NZ_AP023069.1	255190	C	Y	+
NZ_AP023069.1	257596	T	G	-
NZ_AP023069.1	258305	C	G	-
NZ_AP023069.1	258316	T	Y	+
NZ_AP023069.1	258734	T	K	+
NZ_AP023069.1	259386	T	A	-
NZ_AP023069.1	260606	G	K	+
NZ_AP023069.1	260942	G	A	-
NZ_AP023069.1	263193	T	C	-
NZ_AP023069.1	263420	-	C	-
NZ_AP023069.1	263671	A	-	-
NZ_AP023069.1	264070	A	W	+
NZ_AP023069.1	264433	A	G	-
NZ_AP023069.1	266230	T	G	-
NZ_AP023069.1	267066	-	T	+
NZ_AP023069.1	267415	T	W	+
NZ_AP023069.1	269106	T	K	+
NZ_AP023069.1	269452	G	K	+
NZ_AP023069.1	271034	G	A	-
NZ_AP023069.1	271625	A	G	-
NZ_AP023069.1	273190	C	T	-
NZ_AP023069.1	274668	-	G	-
NZ_AP023069.1	275164	T	Y	+
NZ_AP023069.1	275714	T	W	+
NZ_AP023069.1	275765	A	G	-
NZ_AP023069.1	276442	T	K	+
NZ_AP023069.1	276639	C	Y	+
NZ_AP023069.1	277681	T	W	+
NZ_AP023069.1	279960	G	T	-
NZ_AP023069.1	281785	G	S	+
NZ_AP023069.1	283381	C	A	-
NZ_AP023069.1	284534	-	C	+
NZ_AP023069.1	285006	C	A	-
NZ_AP023069.1	285653	C	Y	+
NZ_AP023069.1	287448	A	C	-
NZ_AP023069.1	288286	A	R	+
NZ_AP023069.1	290043	C	S	+
NZ_AP023069.1	291723	C	-	-
NZ_AP023069.1	292023	T	A	-
NZ_AP023069.1	292182	T	A	-
NZ_AP023069.1	292626	G	R	+
NZ_AP023069.1	293882	G	R	+
NZ_AP023069.1	295170	A	G	-
NZ_AP023069.1	297379	T	C	-
NZ_AP023069.1	298085	G	K	+
NZ_AP023069.1	298467	A	T	-
NZ_AP023069.1	298474	A	C	-
NZ_AP023069.1	298888	-	A	+
NZ_AP023069.1	299036	A	R	+
NZ_AP023069.1	300079	T	W	+
NZ_AP023069.1	300624	A	M	+
NZ_AP023069.1	302639	C	S	+
NZ_AP023069.1	303011	G	R	+
NZ_AP023069.1	303599	C	Y	+
NZ_AP023069.1	303833	C	G	-
NZ_AP023069.1	304593	-	G	+
NZ_AP023069.1	304838	-	TC	+
NZ_AP023069.1	305465	T	Y	+
NZ_AP023069.1	306158	T	K	+
NZ_AP023069.1	308057	A	R	+
NZ_AP023069.1	308449	A	-	-
NZ_AP023069.1	310787	-	T	+
NZ_AP023069.1	311107	A	T	-
NZ_AP023069.1	312630	C	M	+
NZ_AP023069.1	312647	T	W	+
NZ_AP023069.1	315244	-	C	-
NZ_AP023069.1	317687	C	Y	+
NZ_AP023069.1	317921	A	M	+
NZ_AP023069.1	318127	A	C	-
NZ_AP023069.1	318303	T	W	+
NZ_AP023069.1	318373	C	S	+
NZ_AP023069.1	318810	C	Y	+
NZ_AP023069.1	318818	AA	-	-
NZ_AP023069.1	319073	T	-	-
NZ_AP023069.1	322251	A	M	+
NZ_AP023069.1	323406	A	R	+
NZ_AP023069.1	324292	C	Y	+
NZ_AP023069.1	324908	T	W	+
NZ_AP023069.1	325810	C	G	-
NZ_AP023069.1	325834	-	G	+
NZ_AP023069.1	325837	A	M	+
NZ_AP023069.1	326513	C	T	-
NZ_AP023069.1	327395	AG	-	-
NZ_AP023069.1	328645	A	-	-
NZ_AP023069.1	329754	GGC	-	-
NZ_AP023069.1	330084	T	G	-
NZ_AP023069.1	330332	-	CGC	+
NZ_AP023069.1	331407	G	K	+
NZ_AP023069.1	331625	-	A	+
NZ_AP023069.1	332034	T	C	-
NZ_AP023069.1	332223	G	-	-
NZ_AP023069.1	332654	G	R	+
NZ_AP023069.1	334159	T	W	+
NZ_AP023069.1	335075	T	Y	+
NZ_AP023069.1	336743	C	M	+
NZ_AP023069.1	337002	T	W	+
NZ_AP023069.1	337245	-	G	+
NZ_AP023069.1	337936	G	A	-
NZ_AP023069.1	339582	T	G	-
NZ_AP023069.1	340326	A	M	+
NZ_AP023069.1	340439	T	W	+
NZ_AP023069.1	340834	T	Y	+
NZ_AP023069.1	341142	G	R	+
NZ_AP023069.1	342074	G	-	-
NZ_AP023069.1	344059	C	Y	+
NZ_AP023069.1	344219	G	K	+
NZ_AP023069.1	345263	A	T	-
NZ_AP023069.1	345551	A	W	+
NZ_AP023069.1	345720	A	R	+
NZ_AP023069.1	346107	AA	-	-
NZ_AP023069.1	346525	T	Y	+
NZ_AP023069.1	346593	T	A	-
NZ_AP023069.1	348880	A	W	+
NZ_AP023069.1	349117	C	A	-
NZ_AP023069.1	349387	G	S	+
NZ_AP023069.1	351021	G	R	+
NZ_AP023069.1	351818	T	Y	+
NZ_AP023069.1	352062	G	T	-
NZ_AP023069.1	353310	T	-	-
NZ_AP023069.1	355623	C	G	-
NZ_AP023069.1	356023	-	C	+
NZ_AP023069.1	357529	G	S	+
NZ_AP023069.1	358076	A	R	+
NZ_AP023069.1	358438	T	K	+
NZ_AP023069.1	358765	A	T	-
NZ_AP023069.1	361226	T	A	-
NZ_AP023069.1	361359	-	T	+
NZ_AP023069.1	362060	A	M	+
NZ_AP023069.1	362940	C	A	-
NZ_AP023069.1	364129	G	T	-
NZ_AP023069.1	365995	G	K	+
NZ_AP023069.1	369912	G	A	-
NZ_AP023069.1	370135	A	W	+
NZ_AP023069.1	370449	G	S	+
NZ_AP023069.1	370894	G	-	-
NZ_AP023069.1	371238	G	R	+
NZ_AP023069.1	373253	C	M	+
NZ_AP023069.1	374540	-	GC	+
NZ_AP023069.1	375459	G	R	+
NZ_AP023069.1	379643	A	W	+
NZ_AP023069.1	380222	A	-	-
NZ_AP023069.1	380912	G	A	-
NZ_AP023069.1	381503	A	M	+
NZ_AP023069.1	381551	T	-	-
NZ_AP023069.1	381988	C	M	+
NZ_AP023069.1	383570	A	C	-
NZ_AP023069.1	386415	-	C	+
NZ_AP023069.1	386613	G	T	-
NZ_AP023069.1	387741	C	T	-
NZ_AP023069.1	388455	T	A	-
NZ_AP023069.1	388959	T	Y	+
NZ_AP023069.1	389931	-	TA	+
NZ_AP023069.1	390976	G	R	+
NZ_AP023069.1	391586	T	C	-
NZ_AP023069.1	392367	A	-	-
NZ_AP023069.1	392878	G	S	+
NZ_AP023069.1	393429	G	T	-
NZ_AP023069.1	394116	C	M	+
NZ_AP023069.1	395236	T	C	-
NZ_AP023069.1	395374	-	CT	+
NZ_AP023069.1	397711	T	G	-
NZ_AP023069.1	397820	A	W	+
NZ_AP023069.1	398367	G	K	+
NZ_AP023069.1	398435	A	R	+
NZ_AP023069.1	398835	G	S	+
NZ_AP023069.1	398868	G	K	+
NZ_AP023069.1	401928	-	GTT	+
NZ_AP023069.1	401966	G	S	+
NZ_AP023069.1	403162	C	S	+
NZ_AP023069.1	403589	G	R	+
NZ_AP023069.1	406092	T	Y	+
NZ_AP023069.1	408365	T	W	+
NZ_AP023069.1	408746	G	S	+
NZ_AP023069.1	409400	T	A	-
NZ_AP023069.1	410638	T	-	-
NZ_AP023069.1	412640	C	G	-
NZ_AP023069.1	412961	T	G	-
NZ_AP023069.1	417137	T	Y	+
NZ_AP023069.1	417512	T	Y	+
NZ_AP023069.1	418044	G	T	-
NZ_AP023069.1	418460	T	C	-
NZ_AP023069.1	418953	T	Y	+
NZ_AP023069.1	419226	A	W	+
NZ_AP023069.1	420758	T	W	+
NZ_AP023069.1	420934	G	S	+
NZ_AP023069.1	421175	T	K	+
NZ_AP023069.1	421364	T	Y	+
NZ_AP023069.1	423467	A	M	+
NZ_AP023069.1	425169	C	S	+
NZ_AP023069.1	425963	G	-	-
NZ_AP023069.1	428213	C	T	-
NZ_AP023069.1	428292	-	A	+
NZ_AP023069.1	429677	C	G	-
NZ_AP023069.1	431283	-	GGA	+
NZ_AP023069.1	431959	C	S	+
NZ_AP023069.1	433205	G	T	-
NZ_AP023069.1	434176	T	G	-
NZ_AP023069.1	434789	G	T	-
NZ_AP023069.1	435218	G	T	-
NZ_AP023069.1	436438	T	C	-
NZ_AP023069.1	438488	A	M	+
NZ_AP023069.1	440834	-	TT	+
NZ_AP023069.1	441035	A	W	+
NZ_AP023069.1	444460	C	M	+
NZ_AP023069.1	445512	A	M	+
NZ_AP023069.1	446913	C	S	+
NZ_AP023069.1	447644	A	C	-
NZ_AP023069.1	451785	G	K	+
NZ_AP023069.1	452499	-	T	+
NZ_AP023069.1	453554	G	C	-
NZ_AP023069.1	453719	A	-	-
NZ_AP023069.1	454186	A	C	-
NZ_AP023069.1	455172	G	R	+
NZ_AP023069.1	456073	G	C	-
NZ_AP023069.1	457158	A	W	+
NZ_AP023069.1	458318	A	R	+
NZ_AP023069.1	459258	G	T	-
NZ_AP023069.1	459757	A	T	-
NZ_AP023069.1	461159	C	Y	+
NZ_AP023069.1	461456	T	A	-
NZ_AP023069.1	463686	AA	-	-
NZ_AP023069.1	467904	T	G	-
NZ_AP023069.1	468263	A	R	+
NZ_AP023069.1	468687	A	C	-
NZ_AP023069.1	469004	AT	-	-
NZ_AP023069.1	472337	A	T	-
NZ_AP023069.1	472681	G	S	+
NZ_AP023069.1	472739	A	R	+
NZ_AP023069.1	473116	C	M	+
NZ_AP023069.1	473894	A	M	+
NZ_AP023069.1	475040	-	AAT	+
NZ_AP023069.1	476537	A	R	+
NZ_AP023069.1	476639	-	C	+
NZ_AP023069.1	476710	T	Y	+
NZ_AP023069.1	478754	G	T	-
NZ_AP023069.1	480117	G	R	+
NZ_AP023069.1	483012	G	K	+
NZ_AP023069.1	484284	G	A	-
NZ_AP023069.1	485539	C	S	+
NZ_AP023069.1	485937	C	G	-
NZ_AP023069.1	486972	-	TG	+
NZ_AP023069.1	487075	G	K	+
NZ_AP023069.1	488583	C	S	+
NZ_AP023069.1	490539	A	R	+
NZ_AP023069.1	490947	T	Y	+
NZ_AP023069.1	491278	G	A	-
NZ_AP023069.1	493733	C	-	-
NZ_AP023069.1	494480	A	M	+
NZ_AP023069.1	495730	C	Y	+
NZ_AP023069.1	496032	A	W	+
NZ_AP023069.1	498448	C	A	-
NZ_AP023069.1	499299	G	-	-
NZ_AP023069.1	499540	T	K	+
NZ_AP023069.1	503102	C	Y	+
NZ_AP023069.1	505753	G	R	+
NZ_AP023069.1	506528	C	M	+
NZ_AP023069.1	506651	G	R	+
NZ_AP023069.1	508102	T	A	-
NZ_AP023069.1	508647	-	A	-
NZ_AP023069.1	508928	T	C	-
NZ_AP023069.1	511121	G	K	+
NZ_AP023069.1	513675	A	W	+
NZ_AP023069.1	514426	-	AG	-
NZ_AP023069.1	515668	A	M	+
NZ_AP023069.1	516174	G	S	+
NZ_AP023069.1	518071	T	W	+
NZ_AP023069.1	518277	-	CA	-
NZ_AP023069.1	518664	T	-	-
NZ_AP023069.1	519064	G	K	+
NZ_AP023069.1	519493	C	M	+
NZ_AP023069.1	520205	T	-	-
NZ_AP023069.1	520303	G	A	-
NZ_AP023069.1	520662	T	K	+
NZ_AP023069.1	526202	G	K	+
NZ_AP023069.1	527342	A	C	-
NZ_AP023069.1	528178	G	R	+
NZ_AP023069.1	528256	T	W	+
NZ_AP023069.1	530459	C	M	+
NZ_AP023069.1	532717	T	W	+
NZ_AP023069.1	533692	T	K	+
NZ_AP023069.1	534440	A	G	-
NZ_AP023069.1	536748	C	S	+
NZ_AP023069.1	538854	TT	-	-
NZ_AP023069.1	540440	C	T	-
NZ_AP023069.1	540703	G	K	+
NZ_AP023069.1	542145	-	A	+
NZ_AP023069.1	542174	T	W	+
NZ_AP023069.1	543033	T	C	-
NZ_AP023069.1	545329	G	A	-
NZ_AP023069.1	546143	C	S	+
NZ_AP023069.1	546988	G	A	-
NZ_AP023069.1	547995	C	S	+
NZ_AP023069.1	548717	G	S	+
NZ_AP023069.1	549347	A	R	+
NZ_AP023069.1	549831	C	M	+
NZ_AP023069.1	549872	C	T	-
NZ_AP023069.1	550077	A	W	+
NZ_AP023069.1	550383	G	S	+
NZ_AP023069.1	552006	G	S	+
NZ_AP023069.1	553262	G	T	-
NZ_AP023069.1	556027	A	M	+
NZ_AP023069.1	556415	C	S	+
NZ_AP023069.1	556916	C	T	-
NZ_AP023069.1	557857	A	W	+
NZ_AP023069.1	557886	A	-	-
NZ_AP023069.1	558905	C	T	-
NZ_AP023069.1	559453	A	W	+
NZ_AP023069.1	561056	G	K	+
NZ_AP023069.1	561519	T	C	-
NZ_AP023069.1	562274	CG	-	-
NZ_AP023069.1	562582	G	K	+
NZ_AP023069.1	563150	G	A	-
NZ_AP023069.1	563341	C	M	+
NZ_AP023069.1	564644	A	C	-
NZ_AP023069.1	565561	C	T	-
NZ_AP023069.1	568323	C	S	+
NZ_AP023069.1	569948	G	S	+
NZ_AP023069.1	570428	A	W	+
NZ_AP023069.1	572013	-	A	+
NZ_AP023069.1	572333	A	M	+
NZ_AP023069.1	572339	T	Y	+
NZ_AP023069.1	574069	A	C	-
NZ_AP023069.1	576387	C	A	-
NZ_AP023069.1	577506	T	-	-
NZ_AP023069.1	577641	T	Y	+
NZ_AP023069.1	577953	C	T	-
NZ_AP023069.1	581804	C	A	-
NZ_AP023069.1	582766	C	Y	+
NZ_AP023069.1	583161	G	-	-
NZ_AP023069.1	583942	A	R	+
NZ_AP023069.1	584411	T	C	-
NZ_AP023069.1	588443	G	K	+
NZ_AP023069.1	589803	T	A	-
NZ_AP023069.1	589850	G	K	+
NZ_AP023069.1	589973	-	T	-
NZ_AP023069.1	591396	T	C	-
NZ_AP023069.1	593077	G	T	-
NZ_AP023069.1	593397	G	R	+
NZ_AP023069.1	593607	T	W	+
NZ_AP023069.1	596770	G	T	-
NZ_AP023069.1	598537	C	M	+
NZ_AP023069.1	599492	A	R	+
NZ_AP023069.1	599632	A	C	-
NZ_AP023069.1	599802	T	A	-
NZ_AP023069.1	599933	A	R	+
NZ_AP023069.1	601219	A	G	-
NZ_AP023069.1	601884	T	K	+
NZ_AP023069.1	602482	C	Y	+
NZ_AP023069.1	604739	T	K	+
NZ_AP023069.1	604947	C	M	+
NZ_AP023069.1	605809	GA	-	-
NZ_AP023069.1	606424	G	S	+
NZ_AP023069.1	607904	T	A	-
NZ_AP023069.1	609451	T	K	+
NZ_AP023069.1	609946	T	K	+
NZ_AP023069.1	610246	G	S	+
NZ_AP023069.1	610285	G	R	+
NZ_AP023069.1	610674	C	S	+
NZ_AP023069.1	611515	C	G	-
NZ_AP023069.1	611706	T	C	-
NZ_AP023069.1	612208	A	T	-
NZ_AP023069.1	613143	T	Y	+
NZ_AP023069.1	614624	T	Y	+
NZ_AP023069.1	616033	T	Y	+
NZ_AP023069.1	616723	-	C	+
NZ_AP023069.1	618118	T	W	+
NZ_AP023069.1	618554	G	K	+
NZ_AP023069.1	620570	G	K	+
NZ_AP023069.1	620888	A	T	-
NZ_AP023069.1	622016	G	C	-
NZ_AP023069.1	624131	C	T	-
NZ_AP023069.1	626170	AT	-	-
NZ_AP023069.1	631454	T	K	+
NZ_AP023069.1	631660	G	K	+
NZ_AP023069.1	633272	G	R	+
NZ_AP023069.1	636193	A	G	-
NZ_AP023069.1	636338	C	S	+
NZ_AP023069.1	636986	G	S	+
NZ_AP023069.1	637627	A	G	-
NZ_AP023069.1	637645	A	C	-
NZ_AP023069.1	638096	G	-	-
NZ_AP023069.1	638444	T	W	+
NZ_AP023069.1	639044	C	Y	+
NZ_AP023069.1	639154	-	T	-
NZ_AP023069.1	640052	C	Y	+
NZ_AP023069.1	640857	A	R	+
NZ_AP023069.1	641097	G	S	+
NZ_AP023069.1	642883	TG	-	-
NZ_AP023069.1	644216	A	G	-
NZ_AP023069.1	644679	C	M	+
NZ_AP023069.1	644836	A	R	+
NZ_AP023069.1	645521	A	M	+
NZ_AP023069.1	647344	A	M	+
NZ_AP023069.1	648034	T	G	-
NZ_AP023069.1	650276	T	G	-
NZ_AP023069.1	650903	A	T	-
NZ_AP023069.1	651278	T	W	+
NZ_AP023069.1	651733	T	Y	+
NZ_AP023069.1	654100	T	Y	+
NZ_AP023069.1	658698	A	M	+
NZ_AP023069.1	659532	G	R	+
NZ_AP023069.1	660416	C	M	+
NZ_AP023069.1	660956	T	G	-
NZ_AP023069.1	663528	T	W	+
NZ_AP023069.1	665159	G	A	-
NZ_AP023069.1	666424	T	K	+
NZ_AP023069.1	666495	A	C	-
NZ_AP023069.1	668400	G	K	+
NZ_AP023069.1	669393	T	Y	+
NZ_AP023069.1	669565	T	W	+
NZ_AP023069.1	669954	C	A	-
NZ_AP023069.1	670879	G	R	+
NZ_AP023069.1	672170	T	-	-
NZ_AP023069.1	673392	G	S	+
NZ_AP023069.1	673787	T	C	-
NZ_AP023069.1	674127	C	T	-
NZ_AP023069.1	676738	C	Y	+
NZ_AP023069.1	677119	C	S	+
NZ_AP023069.1	677378	T	Y	+
NZ_AP023069.1	677410	-	G	+
NZ_AP023069.1	677473	G	T	-
NZ_AP023069.1	679748	T	-	-
NZ_AP023069.1	681745	C	Y	+
NZ_AP023069.1	682856	A	W	+
NZ_AP023069.1	683199	C	T	-
NZ_AP023069.1	683997	A	M	+
NZ_AP023069.1	684605	T	Y	+
NZ_AP023069.1	685867	C	G	-
NZ_AP023069.1	686204	-	G	+
NZ_AP023069.1	687050	A	W	+
NZ_AP023069.1	687288	T	Y	+
NZ_AP023069.1	689303	G	C	-
NZ_AP023069.1	689365	A	W	+
NZ_AP023069.1	691281	G	K	+
NZ_AP023069.1	694608	T	A	-
NZ_AP023069.1	696061	G	C	-
NZ_AP023069.1	698096	G	K	+
NZ_AP023069.1	698933	G	C	-
NZ_AP023069.1	700397	A	W	+
NZ_AP023069.1	701978	T	-	-
NZ_AP023069.1	702125	A	G	-
NZ_AP023069.1	704344	C	M	+
NZ_AP023069.1	705091	G	A	-
NZ_AP023069.1	706712	A	-	-
NZ_AP023069.1	706837	G	S	+
NZ_AP023069.1	707257	C	M	+
NZ_AP023069.1	707334	T	A	-
NZ_AP023069.1	709624	C	Y	+
NZ_AP023069.1	712087	T	K	+
NZ_AP023069.1	712171	A	T	-
NZ_AP023069.1	712411	C	Y	+
NZ_AP023069.1	713743	T	G	-
NZ_AP023069.1	715563	G	S	+
NZ_AP023069.1	718150	T	A	-
NZ_AP023069.1	718746	G	K	+
NZ_AP023069.1	719566	TT	-	-
NZ_AP023069.1	720131	-	G	-
NZ_AP023069.1	720312	-	A	+
NZ_AP023069.1	720818	C	G	-
NZ_AP023069.1	721084	G	R	+
NZ_AP023069.1	721380	A	R	+
NZ_AP023069.1	723156	A	C	-
NZ_AP023069.1	723690	T	A	-
NZ_AP023069.1	723810	C	S	+
NZ_AP023069.1	725224	C	Y	+
NZ_AP023069.1	725294	C	S	+
NZ_AP023069.1	726664	C	S	+
NZ_AP023069.1	727763	G	-	-
NZ_AP023069.1	728185	A	R	+
NZ_AP023069.1	728341	A	R	+
NZ_AP023069.1	730025	C	S	+
NZ_AP023069.1	731249	CGA	-	-
NZ_AP023069.1	732071	A	-	-
NZ_AP023069.1	733856	C	G	-
NZ_AP023069.1	735579	A	R	+
NZ_AP023069.1	736693	T	Y	+
NZ_AP023069.1	739031	G	K	+
NZ_AP023069.1	740582	-	CT	+
NZ_AP023069.1	740761	C	T	-
NZ_AP023069.1	741002	A	W	+
NZ_AP023069.1	741841	C	G	-
NZ_AP023069.1	743074	-	AAT	+
NZ_AP023069.1	744632	A	T	-
NZ_AP023069.1	744830	G	A	-
NZ_AP023069.1	745332	A	M	+
NZ_AP023069.1	746583	G	S	+
NZ_AP023069.1	747159	A	-	-
NZ_AP023069.1	747434	G	R	+
NZ_AP023069.1	748040	T	Y	+
NZ_AP023069.1	749440	C	T	-
NZ_AP023069.1	750538	-	AA	+
NZ_AP023069.1	752260	G	S	+
NZ_AP023069.1	752752	C	T	-
NZ_AP023069.1	752914	C	S	+
NZ_AP023069.1	753232	G	C	-
NZ_AP023069.1	756569	-	A	+
NZ_AP023069.1	757294	C	-	-
NZ_AP023069.1	758094	-	GT	+
NZ_AP023069.1	759138	G	K	+
NZ_AP023069.1	759852	T	G	-
NZ_AP023069.1	761722	C	T	-
NZ_AP023069.1	762786	G	A	-
NZ_AP023069.1	762965	A	W	+
NZ_AP023069.1	764838	C	T	-
NZ_AP023069.1	764848	A	W	+
NZ_AP023069.1	767018	-	C	+
NZ_AP023069.1	767115	A	-	-
NZ_AP023069.1	767973	A	W	+
NZ_AP023069.1	769613	A	R	+
NZ_AP023069.1	769987	-	T	+
NZ_AP023069.1	771141	T	Y	+
NZ_AP023069.1	772824	T	A	-
NZ_AP023069.1	773488	G	C	-
NZ_AP023069.1	774012	A	-	-
NZ_AP023069.1	777296	C	M	+
NZ_AP023069.1	777566	G	R	+
NZ_AP023069.1	778074	A	M	+
NZ_AP023069.1	778324	T	K	+
NZ_AP023069.1	778474	T	Y	+
NZ_AP023069.1	778478	T	Y	+
NZ_AP023069.1	780169	C	T	-
NZ_AP023069.1	782187	A	W	+
NZ_AP023069.1	784684	A	G	-
NZ_AP023069.1	789552	C	Y	+
NZ_AP023069.1	790065	T	Y	+
NZ_AP023069.1	790329	A	G	-
NZ_AP023069.1	791268	T	Y	+
NZ_AP023069.1	791431	C	M	+
NZ_AP023069.1	794426	C	S	+
NZ_AP023069.1	794525	-	A	+
NZ_AP023069.1	796053	A	T	-
NZ_AP023069.1	797260	G	S	+
NZ_AP023069.1	797619	-	GG	+
NZ_AP023069.1	798973	G	C	-
NZ_AP023069.1	799763	T	Y	+
NZ_AP023069.1	799888	-	T	+
NZ_AP023069.1	800934	G	S	+
NZ_AP023069.1	802719	G	C	-
NZ_AP023069.1	807634	A	M	+
NZ_AP023069.1	808214	C	A	-
NZ_AP023069.1	809277	A	M	+
NZ_AP023069.1	809443	G	R	+
NZ_AP023069.1	813107	G	K	+
NZ_AP023069.1	814656	C	T	-
NZ_AP023069.1	814743	T	C	-
NZ_AP023069.1	816337	G	K	+
NZ_AP023069.1	816639	C	Y	+
NZ_AP023069.1	818073	G	R	+
NZ_AP023069.1	819062	A	W	+
NZ_AP023069.1	820614	G	S	+
NZ_AP023069.1	821315	C	Y	+
NZ_AP023069.1	821801	C	A	-
NZ_AP023069.1	821854	A	W	+
NZ_AP023069.1	824631	G	S	+
NZ_AP023069.1	825461	C	A	-
NZ_AP023069.1	826341	A	R	+
NZ_AP023069.1	827031	T	K	+
NZ_AP023069.1	827480	GC	-	-
NZ_AP023069.1	828982	G	R	+
NZ_AP023069.1	829877	G	C	-
NZ_AP023069.1	830004	G	R	+
NZ_AP023069.1	830671	A	-	-
NZ_AP023069.1	830814	G	T	-
NZ_AP023069.1	831876	T	K	+
NZ_AP023069.1	832310	G	S	+
NZ_AP023069.1	832428	G	S	+
NZ_AP023069.1	832646	-	T	+
NZ_AP023069.1	834116	T	W	+
NZ_AP023069.1	837244	A	C	-
NZ_AP023069.1	839140	G	C	-
NZ_AP023069.1	840066	G	R	+
NZ_AP023069.1	840512	C	S	+
NZ_AP023069.1	841941	A	C	-
NZ_AP023069.1	842333	TAC	-	-
NZ_AP023069.1	843189	C	G	-
NZ_AP023069.1	844727	C	Y	+
NZ_AP023069.1	845581	A	R	+
NZ_AP023069.1	845950	T	K	+
NZ_AP023069.1	846570	G	K	+
NZ_AP023069.1	846682	A	C	-
NZ_AP023069.1	846733	C	Y	+
NZ_AP023069.1	848744	TT	-	-
NZ_AP023069.1	849429	C	S	+
NZ_AP023069.1	849622	A	R	+
NZ_AP023069.1	850382	A	R	+
NZ_AP023069.1	853948	-	CC	+
NZ_AP023069.1	855224	T	K	+
NZ_AP023069.1	856104	T	Y	+
NZ_AP023069.1	856420	A	M	+
NZ_AP023069.1	858027	T	W	+
NZ_AP023069.1	859882	G	K	+
NZ_AP023069.1	861603	T	Y	+
NZ_AP023069.1	861725	A	G	-
NZ_AP023069.1	862378	C	S	+
NZ_AP023069.1	862765	T	W	+
NZ_AP023069.1	863635	G	R	+
NZ_AP023069.1	864047	C	S	+
NZ_AP023069.1	867233	C	S	+
NZ_AP023069.1	867289	G	K	+
NZ_AP023069.1	868237	C	M	+
NZ_AP023069.1	869703	C	S	+
NZ_AP023069.1	869835	G	K	+
NZ_AP023069.1	870352	C	T	-
NZ_AP023069.1	871293	T	W	+
NZ_AP023069.1	873845	A	G	-
NZ_AP023069.1	876023	T	A	-
NZ_AP023069.1	876738	-	CC	-
NZ_AP023069.1	878303	T	K	+
NZ_AP023069.1	881569	C	T	-
NZ_AP023069.1	882275	C	T	-
NZ_AP023069.1	882504	T	C	-
NZ_AP023069.1	882541	-	G	+
NZ_AP023069.1	882709	G	R	+
NZ_AP023069.1	885220	G	R	+
NZ_AP023069.1	885236	C	T	-
NZ_AP023069.1	886324	A	W	+
NZ_AP023069.1	886365	G	K	+
NZ_AP023069.1	887415	A	G	-
NZ_AP023069.1	891074	G	A	-
NZ_AP023069.1	893350	A	M	+
NZ_AP023069.1	894439	A	G	-
NZ_AP023069.1	894813	T	Y	+
NZ_AP023069.1	894854	A	R	+
NZ_AP023069.1	895091	A	W	+
NZ_AP023069.1	895966	G	R	+
NZ_AP023069.1	896220	C	-	-
NZ_AP023069.1	896329	A	M	+
NZ_AP023069.1	896401	G	S	+
NZ_AP023069.1	896821	T	W	+
NZ_AP023069.1	896934	G	C	-
NZ_AP023069.1	897389	C	M	+
NZ_AP023069.1	900805	A	R	+
NZ_AP023069.1	901820	C	G	-
NZ_AP023069.1	903680	-	A	+
NZ_AP023069.1	906553	G	R	+
NZ_AP023069.1	906582	A	T	-
NZ_AP023069.1	906884	T	A	-
NZ_AP023069.1	906888	C	T	-
NZ_AP023069.1	907617	A	-	-
NZ_AP023069.1	907710	T	Y	+
NZ_AP023069.1	909336	T	A	-
NZ_AP023069.1	910195	C	S	+
NZ_AP023069.1	913843	C	Y	+
NZ_AP023069.1	915649	C	Y	+
NZ_AP023069.1	916341	A	W	+
NZ_AP023069.1	917697	A	G	-
NZ_AP023069.1	918142	G	K	+
NZ_AP023069.1	918353	-	C	-
NZ_AP023069.1	918473	A	M	+
NZ_AP023069.1	919940	T	C	-
NZ_AP023069.1	920386	C	M	+
NZ_AP023069.1	920400	T	Y	+
NZ_AP023069.1	923453	T	Y	+
NZ_AP023069.1	926022	A	W	+
NZ_AP023069.1	926225	A	M	+
NZ_AP023069.1	926788	T	K	+
NZ_AP023069.1	928893	A	R	+
NZ_AP023069.1	929611	T	K	+
NZ_AP023069.1	929861	T	W	+
NZ_AP023069.1	931693	A	-	-
NZ_AP023069.1	931836	C	S	+
NZ_AP023069.1	932484	G	A	-
NZ_AP023069.1	932509	C	T	-
NZ_AP023069.1	934621	C	M	+
NZ_AP023069.1	935345	T	Y	+
NZ_AP023069.1	935385	A	M	+
NZ_AP023069.1	935811	G	K	+
NZ_AP023069.1	935938	-	T	+
NZ_AP023069.1	936507	G	C	-
NZ_AP023069.1	936620	T	K	+
NZ_AP023069.1	942439	A	T	-
NZ_AP023069.1	942832	GC	-	-
NZ_AP023069.1	943687	T	C	-
NZ_AP023069.1	944720	T	Y	+
NZ_AP023069.1	944754	A	-	-
NZ_AP023069.1	945174	A	T	-
NZ_AP023069.1	945719	G	T	-
NZ_AP023069.1	946782	C	M	+
NZ_AP023069.1	948841	G	R	+
NZ_AP023069.1	948845	AAC	-	-
NZ_AP023069.1	951621	A	R	+
NZ_AP023069.1	952158	G	R	+
NZ_AP023069.1	954269	C	M	+
NZ_AP023069.1	954512	G	A	-
NZ_AP023069.1	954583	G	R	+
NZ_AP023069.1	956492	A	R	+
NZ_AP023069.1	959579	A	G	-
NZ_AP023069.1	959776	C	S	+
NZ_AP023069.1	960019	T	K	+
NZ_AP023069.1	963299	T	G	-
NZ_AP023069.1	964252	C	Y	+
NZ_AP023069.1	964549	C	A	-
NZ_AP023069.1	964984	-	A	-
NZ_AP023069.1	965040	T	G	-
NZ_AP023069.1	966265	G	R	+
NZ_AP023069.1	966362	T	-	-
NZ_AP023069.1	967278	T	W	+
NZ_AP023069.1	968333	G	-	-
NZ_AP023069.1	969931	A	W	+
NZ_AP023069.1	970320	T	W	+
NZ_AP023069.1	971247	G	R	+
NZ_AP023069.1	971253	C	S	+
NZ_AP023069.1	971478	A	W	+
NZ_AP023069.1	971759	G	R	+
NZ_AP023069.1	972418	C	Y	+
NZ_AP023069.1	972531	-	G	+
NZ_AP023069.1	973897	G	K	+
NZ_AP023069.1	974295	-	C	-
NZ_AP023069.1	974373	C	M	+
NZ_AP023069.1	974772	T	K	+
NZ_AP023069.1	976452	C	G	-
NZ_AP023069.1	976953	T	A	-
NZ_AP023069.1	977198	A	G	-
NZ_AP023069.1	977289	T	-	-
NZ_AP023069.1	977875	-	G	-
NZ_AP023069.1	978182	T	Y	+
NZ_AP023069.1	982397	-	TA	+
NZ_AP023069.1	984689	A	R	+
NZ_AP023069.1	984931	A	G	-
NZ_AP023069.1	985610	T	-	-
NZ_AP023069.1	986163	G	A	-
NZ_AP023069.1	986999	T	K	+
NZ_AP023069.1	989857	T	K	+
NZ_AP023069.1	992152	C	Y	+
NZ_AP023069.1	993078	A	W	+
NZ_AP023069.1	993648	A	R	+
NZ_AP023069.1	994870	A	M	+
NZ_AP023069.1	995340	C	G	-
NZ_AP023069.1	995871	A	C	-
NZ_AP023069.1	998987	C	T	-
NZ_AP023069.1	999744	A	C	-
NZ_AP023069.1	1000979	G	A	-
NZ_AP023069.1	1003744	G	S	+
NZ_AP023069.1	1003822	C	S	+
NZ_AP023069.1	1005031	G	S	+
NZ_AP023069.1	1006262	C	A	-
NZ_AP023069.1	1006819	C	M	+
NZ_AP023069.1	1007046	T	-	-
NZ_AP023069.1	1007704	C	Y	+
NZ_AP023069.1	1007737	G	K	+
NZ_AP023069.1	1008051	C	G	-
NZ_AP023069.1	1009440	C	S	+
NZ_AP023069.1	1009869	-	G	+
NZ_AP023069.1	1009902	T	-	-
NZ_AP023069.1	1013078	C	A	-
NZ_AP023069.1	1013264	G	R	+
NZ_AP023069.1	1013274	G	T	-
NZ_AP023069.1	1013497	T	G	-
NZ_AP023069.1	1014868	G	-	-
NZ_AP023069.1	1015150	G	K	+
NZ_AP023069.1	1015852	T	Y	+
NZ_AP023069.1	1016270	A	T	-
NZ_AP023069.1	1017383	A	W	+
NZ_AP023069.1	1018566	G	R	+
NZ_AP023069.1	1019114	G	K	+
NZ_AP023069.1	1019329	A	-	-
NZ_AP023069.1	1019444	C	M	+
NZ_AP023069.1	1019559	C	S	+
NZ_AP023069.1	1020646	-	CG	-
NZ_AP023069.1	1023504	C	S	+
NZ_AP023069.1	1023816	T	Y	+
NZ_AP023069.1	1024370	T	W	+
NZ_AP023069.1	1024388	T	Y	+
NZ_AP023069.1	1030582	-	A	-
NZ_AP023069.1	1031708	A	W	+
NZ_AP023069.1	1032709	C	G	-
NZ_AP023069.1	1033720	T	G	-
NZ_AP023069.1	1035448	C	T	-
NZ_AP023069.1	1036357	T	Y	+
NZ_AP023069.1	1036855	G	K	+
NZ_AP023069.1	1037060	-	A	+
NZ_AP023069.1	1038103	C	M	+
NZ_AP023069.1	1038156	A	R	+
NZ_AP023069.1	1039235	T	W	+
NZ_AP023069.1	1039310	-	G	+
NZ_AP023069.1	1040316	T	G	-
NZ_AP023069.1	1040386	G	C	-
NZ_AP023069.1	1040456	-	TTC	-
NZ_AP023069.1	1040711	G	K	+
NZ_AP023069.1	1040826	G	K	+
NZ_AP023069.1	1040902	T	-	-
NZ_AP023069.1	1042870	T	C	-
NZ_AP023069.1	1043029	G	R	+
NZ_AP023069.1	1043039	G	K	+
NZ_AP023069.1	1043825	G	K	+
NZ_AP023069.1	1043954	-	C	+
NZ_AP023069.1	1044089	A	R	+
NZ_AP023069.1	1045222	C	T	-
NZ_AP023069.1	1046739	G	-	-
NZ_AP023069.1	1048885	A	C	-
NZ_AP023069.1	1048946	T	Y	+
NZ_AP023069.1	1049080	A	R	+
NZ_AP023069.1	1050825	T	W	+
NZ_AP023069.1	1051178	C	M	+
NZ_AP023069.1	1051833	-	C	+
NZ_AP023069.1	1052202	C	A	-
NZ_AP023069.1	1052482	A	T	-
NZ_AP023069.1	1052665	A	W	+
NZ_AP023069.1	1053777	A	T	-
NZ_AP023069.1	1053890	T	K	+
NZ_AP023069.1	1054239	A	W	+
NZ_AP023069.1	1054662	C	A	-
NZ_AP023069.1	1054813	C	M	+
NZ_AP023069.1	1057190	-	G	+
NZ_AP023069.1	1057800	G	R	+
NZ_AP023069.1	1058283	T	K	+
NZ_AP023069.1	1059541	-	C	+
NZ_AP023069.1	1061601	C	S	+
NZ_AP023069.1	1067772	A	G	-
NZ_AP023069.1	1069024	C	Y	+
NZ_AP023069.1	1070662	G	S	+
NZ_AP023069.1	1071205	A	G	-
NZ_AP023069.1	1071437	T	K	+
NZ_AP023069.1	1071807	G	S	+
NZ_AP023069.1	1071885	A	W	+
NZ_AP023069.1	1072616	G	K	+
NZ_AP023069.1	1072682	T	W	+
NZ_AP023069.1	1072970	C	M	+
NZ_AP023069.1	1075067	C	S	+
NZ_AP023069.1	1075987	A	M	+
NZ_AP023069.1	1076034	G	R	+
NZ_AP023069.1	1076209	A	W	+
NZ_AP023069.1	1077411	G	S	+
NZ_AP023069.1	1077728	A	M	+
NZ_AP023069.1	1079344	A	T	-
NZ_AP023069.1	1080365	T	Y	+
NZ_AP023069.1	1080970	A	G	-
NZ_AP023069.1	1081424	A	R	+
NZ_AP023069.1	1082447	G	C	-
NZ_AP023069.1	1083127	C	Y	+
NZ_AP023069.1	1084907	-	A	-
NZ_AP023069.1	1085267	G	S	+
NZ_AP023069.1	1087267	C	G	-
NZ_AP023069.1	1089453	T	W	+
NZ_AP023069.1	1089493	C	S	+
NZ_AP023069.1	1089836	C	Y	+
NZ_AP023069.1	1094978	T	G	-
NZ_AP023069.1	1095627	G	K	+
NZ_AP023069.1	1096103	C	A	-
NZ_AP023069.1	1097330	T	C	-
NZ_AP023069.1	1097500	C	M	+
NZ_AP023069.1	1097785	T	K	+
NZ_AP023069.1	1098042	-	C	+
NZ_AP023069.1	1099865	C	Y	+
NZ_AP023069.1	1101268	A	C	-
NZ_AP023069.1	1102259	-	C	+
NZ_AP023069.1	1104468	A	R	+
NZ_AP023069.1	1105106	-	C	+
NZ_AP023069.1	1105480	C	S	+
NZ_AP023069.1	1105507	A	M	+
NZ_AP023069.1	1105931	T	G	-
NZ_AP023069.1	1107605	A	R	+
NZ_AP023069.1	1107927	A	G	-
NZ_AP023069.1	1108070	A	W	+
NZ_AP023069.1	1110031	T	K	+
NZ_AP023069.1	1110389	A	G	-
NZ_AP023069.1	1111228	A	-	-
NZ_AP023069.1	1111239	A	T	-
NZ_AP023069.1	1111642	G	C	-
NZ_AP023069.1	1114636	C	M	+
NZ_AP023069.1	1115541	G	R	+
NZ_AP023069.1	1117806	A	G	-
NZ_AP023069.1	1118374	T	W	+
NZ_AP023069.1	1118577	G	K	+
NZ_AP023069.1	1119168	G	A	-
NZ_AP023069.1	1121738	A	C	-
NZ_AP023069.1	1121884	C	Y	+
NZ_AP023069.1	1122564	A	T	-
NZ_AP023069.1	1123416	C	S	+
NZ_AP023069.1	1124067	-	CA	-
NZ_AP023069.1	1124097	G	R	+
NZ_AP023069.1	1124250	A	M	+
NZ_AP023069.1	1125391	C	Y	+
NZ_AP023069.1	1125472	C	S	+
NZ_AP023069.1	1125525	C	S	+
NZ_AP023069.1	1126069	G	-	-
NZ_AP023069.1	1127264	T	W	+
NZ_AP023069.1	1128116	-	A	-
NZ_AP023069.1	1130203	C	Y	+
NZ_AP023069.1	1131493	A	R	+
NZ_AP023069.1	1131558	CG	-	-
NZ_AP023069.1	1131579	C	T	-
NZ_AP023069.1	1131738	A	C	-
NZ_AP023069.1	1132515	C	G	-
NZ_AP023069.1	1133960	T	W	+
NZ_AP023069.1	1134436	-	TC	+
NZ_AP023069.1	1134801	C	Y	+
NZ_AP023069.1	1134823	C	S	+
NZ_AP023069.1	1134984	C	T	-
NZ_AP023069.1	1139608	A	C	-
NZ_AP023069.1	1140355	-	GA	+
NZ_AP023069.1	1140843	T	G	-
NZ_AP023069.1	1142575	T	W	+
NZ_AP023069.1	1143051	A	M	+
NZ_AP023069.1	1144236	C	M	+
NZ_AP023069.1	1145812	G	C	-
NZ_AP023069.1	1146462	-	AA	+
NZ_AP023069.1	1147787	C	S	+
NZ_AP023069.1	1147789	T	K	+
NZ_AP023069.1	1148088	A	T	-
NZ_AP023069.1	1149238	A	C	-
NZ_AP023069.1	1150337	A	M	+
NZ_AP023069.1	1150738	A	M	+
NZ_AP023069.1	1151253	A	R	+
NZ_AP023069.1	1151431	G	R	+
NZ_AP023069.1	1152795	A	G	-
NZ_AP023069.1	1152967	C	S	+
NZ_AP023069.1	1153519	T	C	-
NZ_AP023069.1	1153744	C	-	-
NZ_AP023069.1	1154275	-	TA	+
NZ_AP023069.1	1155853	A	W	+
NZ_AP023069.1	1156581	G	T	-
NZ_AP023069.1	1157748	A	W	+
NZ_AP023069.1	1157808	-	G	+
NZ_AP023069.1	1157899	C	S	+
NZ_AP023069.1	1158093	A	M	+
NZ_AP023069.1	1162688	-	C	-
NZ_AP023069.1	1164973	T	Y	+
NZ_AP023069.1	1165459	C	Y	+
NZ_AP023069.1	1165734	C	S	+
NZ_AP023069.1	1165981	A	M	+
NZ_AP023069.1	1166764	G	R	+
NZ_AP023069.1	1169556	G	T	-
NZ_AP023069.1	1169573	A	R	+
NZ_AP023069.1	1171647	C	T	-
NZ_AP023069.1	1172034	T	Y	+
NZ_AP023069.1	1172300	C	T	-
NZ_AP023069.1	1173010	T	K	+
NZ_AP023069.1	1174714	G	K	+
NZ_AP023069.1	1177942	CC	-	-
NZ_AP023069.1	1179507	-	GGC	-
NZ_AP023069.1	1183577	G	K	+
NZ_AP023069.1	1183643	C	S	+
NZ_AP023069.1	1185562	CA	-	-
NZ_AP023069.1	1186259	G	-	-
NZ_AP023069.1	1187636	C	M	+
NZ_AP023069.1	1187677	G	T	-
NZ_AP023069.1	1188139	G	T	-
NZ_AP023069.1	1189613	G	S	+
NZ_AP023069.1	1190618	A	M	+
NZ_AP023069.1	1191825	T	Y	+
NZ_AP023069.1	1195341	A	W	+
NZ_AP023069.1	1195435	A	R	+
NZ_AP023069.1	1195931	C	S	+
NZ_AP023069.1	1196086	-	C	+
NZ_AP023069.1	1196122	G	S	+
NZ_AP023069.1	1196567	T	W	+
NZ_AP023069.1	1196687	A	C	-
NZ_AP023069.1	1197385	T	W	+
NZ_AP023069.1	1198039	A	W	+
NZ_AP023069.1	1199569	C	M	+
NZ_AP023069.1	1200717	A	W	+
NZ_AP023069.1	1201527	C	G	-
NZ_AP023069.1	1203544	T	Y	+
NZ_AP023069.1	1203888	A	W	+
NZ_AP023069.1	1203994	G	K	+
NZ_AP023069.1	1207229	C	S	+
NZ_AP023069.1	1207452	A	R	+
NZ_AP023069.1	1207838	G	A	-
NZ_AP023069.1	1209761	C	G	-
NZ_AP023069.1	1210452	-	T	-
NZ_AP023069.1	1211088	T	G	-
NZ_AP023069.1	1213505	T	W	+
NZ_AP023069.1	1213564	A	-	-
NZ_AP023069.1	1214722	T	Y	+
NZ_AP023069.1	1214802	G	C	-
NZ_AP023069.1	1215157	A	W	+
NZ_AP023069.1	1216218	A	T	-
NZ_AP023069.1	1218322	T	W	+
NZ_AP023069.1	1219427	A	R	+
NZ_AP023069.1	1220742	T	W	+
NZ_AP023069.1	1222312	T	Y	+
NZ_AP023069.1	1223186	A	R	+
NZ_AP023069.1	1224575	C	-	-
NZ_AP023069.1	1225997	G	S	+
NZ_AP023069.1	1230973	G	C	-
NZ_AP023069.1	1231699	T	Y	+
NZ_AP023069.1	1233049	G	A	-
NZ_AP023069.1	1235566	T	G	-
NZ_AP023069.1	1236083	G	T	-
NZ_AP023069.1	1236421	G	S	+
NZ_AP023069.1	1237354	C	S	+
NZ_AP023069.1	1238725	T	Y	+
NZ_AP023069.1	1241119	T	K	+
NZ_AP023069.1	1243725	T	Y	+
NZ_AP023069.1	1244074	T	Y	+
NZ_AP023069.1	1244530	G	R	+
NZ_AP023069.1	1248108	T	W	+
NZ_AP023069.1	1248937	A	G	-
NZ_AP023069.1	1251825	C	-	-
NZ_AP023069.1	1252242	G	K	+
NZ_AP023069.1	1254737	G	A	-
NZ_AP023069.1	1254911	C	-	-
NZ_AP023069.1	1255096	G	R	+
NZ_AP023069.1	1257014	A	T	-
NZ_AP023069.1	1258739	A	W	+
NZ_AP023069.1	1258870	-	A	-
NZ_AP023069.1	1260062	C	-	-
NZ_AP023069.1	1260683	C	Y	+
NZ_AP023069.1	1261183	C	S	+
NZ_AP023069.1	1263611	C	S	+
NZ_AP023069.1	1263765	A	R	+
NZ_AP023069.1	1264306	A	W	+
NZ_AP023069.1	1264620	TT	-	-
NZ_AP023069.1	1265693	A	G	-
NZ_AP023069.1	1265773	G	R	+
NZ_AP023069.1	1266145	C	S	+
NZ_AP023069.1	1268219	-	G	+
NZ_AP023069.1	1268299	A	W	+
NZ_AP023069.1	1270235	G	S	+
NZ_AP023069.1	1270423	C	Y	+
NZ_AP023069.1	1273046	C	-	-
NZ_AP023069.1	1273141	A	W	+
NZ_AP023069.1	1274746	T	K	+
NZ_AP023069.1	1275729	T	A	-
NZ_AP023069.1	1276250	C	Y	+
NZ_AP023069.1	1278163	G	T	-
NZ_AP023069.1	1278207	T	A	-
NZ_AP023069.1	1278323	C	M	+
NZ_AP023069.1	1281373	-	T	+
NZ_AP023069.1	1281694	C	G	-
NZ_AP023069.1	1281918	G	S	+
NZ_AP023069.1	1281949	T	G	-
NZ_AP023069.1	1282402	T	G	-
NZ_AP023069.1	1282522	-	T	+
NZ_AP023069.1	1282606	T	Y	+
NZ_AP023069.1	1283077	-	G	-
NZ_AP023069.1	1283754	A	R	+
NZ_AP023069.1	1283897	C	S	+
NZ_AP023069.1	1285087	A	W	+
NZ_AP023069.1	1285577	C	G	-
NZ_AP023069.1	1285700	A	C	-
NZ_AP023069.1	1286260	C	T	-
NZ_AP023069.1	1286519	T	G	-
NZ_AP023069.1	1287106	C	S	+
NZ_AP023069.1	1287284	-	T	+
NZ_AP023069.1	1292201	T	K	+
NZ_AP023069.1	1292464	A	R	+
NZ_AP023069.1	1292851	A	R	+
NZ_AP023069.1	1294698	T	K	+
NZ_AP023069.1	1295041	A	R	+
NZ_AP023069.1	1295368	C	G	-
NZ_AP023069.1	1297533	A	R	+
NZ_AP023069.1	1299731	A	M	+
NZ_AP023069.1	1302321	-	A	+
NZ_AP023069.1	1302351	A	T	-
NZ_AP023069.1	1302430	A	G	-
NZ_AP023069.1	1303853	C	M	+
NZ_AP023069.1	1304741	-	TC	+
NZ_AP023069.1	1304759	C	Y	+
NZ_AP023069.1	1305265	T	A	-
NZ_AP023069.1	1307580	G	R	+
NZ_AP023069.1	1309098	G	C	-
NZ_AP023069.1	1310744	C	S	+
NZ_AP023069.1	1310821	T	K	+
NZ_AP023069.1	1311004	T	C	-
NZ_AP023069.1	1312896	C	M	+
NZ_AP023069.1	1313406	G	R	+
NZ_AP023069.1	1313808	G	R	+
NZ_AP023069.1	1314580	G	A	-
NZ_AP023069.1	1314697	G	T	-
NZ_AP023069.1	1315212	T	A	-
NZ_AP023069.1	1315321	-	A	-
NZ_AP023069.1	1315626	CA	-	-
NZ_AP023069.1	1316636	A	-	-
NZ_AP023069.1	1317233	C	M	+
NZ_AP023069.1	1318043	C	A	-
NZ_AP023069.1	1318050	A	T	-
NZ_AP023069.1	1318974	G	C	-
NZ_AP023069.1	1321097	A	W	+
NZ_AP023069.1	1321793	G	S	+
NZ_AP023069.1	1321984	T	W	+
NZ_AP023069.1	1322155	A	G	-
NZ_AP023069.1	1324758	C	S	+
NZ_AP023069.1	1325699	T	W	+
NZ_AP023069.1	1325845	AC	-	-
NZ_AP023069.1	1326349	C	M	+
NZ_AP023069.1	1326811	-	A	+
NZ_AP023069.1	1326941	C	G	-
NZ_AP023069.1	1327110	C	M	+
NZ_AP023069.1	1327393	C	M	+
NZ_AP023069.1	1327709	G	-	-
NZ_AP023069.1	1330178	C	S	+
NZ_AP023069.1	1332686	C	G	-
NZ_AP023069.1	1333855	T	Y	+
NZ_AP023069.1	1335288	C	M	+
NZ_AP023069.1	1335647	C	Y	+
NZ_AP023069.1	1336002	T	-	-
NZ_AP023069.1	1337378	A	G	-
NZ_AP023069.1	1338889	C	G	-
NZ_AP023069.1	1341290	A	R	+
NZ_AP023069.1	1342083	G	A	-
NZ_AP023069.1	1342994	A	M	+
NZ_AP023069.1	1343018	A	W	+
NZ_AP023069.1	1344570	A	T	-
NZ_AP023069.1	1344885	A	T	-
NZ_AP023069.1	1345706	T	A	-
NZ_AP023069.1	1346591	A	G	-
NZ_AP023069.1	1348358	C	Y	+
NZ_AP023069.1	1348916	A	T	-
NZ_AP023069.1	1349526	T	W	+
NZ_AP023069.1	1349863	G	R	+
NZ_AP023069.1	1350004	G	R	+
NZ_AP023069.1	1352464	T	Y	+
NZ_AP023069.1	1352999	G	A	-
NZ_AP023069.1	1353051	-	C	+
NZ_AP023069.1	1355074	A	C	-
NZ_AP023069.1	1355091	C	Y	+
NZ_AP023069.1	1355595	A	R	+
NZ_AP023069.1	1356785	G	R	+
NZ_AP023069.1	1357367	C	Y	+
NZ_AP023069.1	1360387	T	Y	+
NZ_AP023069.1	1360904	C	-	-
NZ_AP023069.1	1363914	C	T	-
NZ_AP023069.1	1366298	-	GG	-
NZ_AP023069.1	1368554	C	M	+
NZ_AP023069.1	1368745	T	G	-
NZ_AP023069.1	1369871	-	GCG	-
NZ_AP023069.1	1369934	G	R	+
NZ_AP023069.1	1371395	G	S	+
NZ_AP023069.1	1371418	T	W	+
NZ_AP023069.1	1375884	C	G	-
NZ_AP023069.1	1376980	G	R	+
NZ_AP023069.1	1378183	G	T	-
NZ_AP023069.1	1378549	T	Y	+
NZ_AP023069.1	1379762	C	S	+
NZ_AP023069.1	1381170	C	-	-
NZ_AP023069.1	1385670	A	C	-
NZ_AP023069.1	1385861	T	G	-
NZ_AP023069.1	1386435	T	Y	+
NZ_AP023069.1	1387541	T	W	+
NZ_AP023069.1	1388570	T	K	+
NZ_AP023069.1	1389023	T	C	-
NZ_AP023069.1	1389458	A	R	+
NZ_AP023069.1	1390179	G	A	-
NZ_AP023069.1	1390561	C	Y	+
NZ_AP023069.1	1393107	C	Y	+
NZ_AP023069.1	1394838	G	R	+
NZ_AP023069.1	1396496	G	R	+
NZ_AP023069.1	1398400	T	W	+
NZ_AP023069.1	1399555	C	S	+
NZ_AP023069.1	1400430	G	K	+
NZ_AP023069.1	1400657	T	Y	+
NZ_AP023069.1	1402797	T	G	-
NZ_AP023069.1	1403198	G	R	+
NZ_AP023069.1	1404160	A	M	+
NZ_AP023069.1	1404684	G	C	-
NZ_AP023069.1	1404710	C	A	-
NZ_AP023069.1	1405367	A	T	-
NZ_AP023069.1	1405388	A	R	+
NZ_AP023069.1	1406365	T	Y	+
NZ_AP023069.1	1409364	C	S	+
NZ_AP023069.1	1409999	C	Y	+
NZ_AP023069.1	1411164	T	W	+
NZ_AP023069.1	1411294	T	A	-
NZ_AP023069.1	1411783	T	Y	+
NZ_AP023069.1	1412066	A	W	+
NZ_AP023069.1	1412221	T	W	+
NZ_AP023069.1	1412704	C	A	-
NZ_AP023069.1	1414153	C	T	-
NZ_AP023069.1	1414442	A	R	+
NZ_AP023069.1	1415080	C	Y	+
NZ_AP023069.1	1415137	T	W	+
NZ_AP023069.1	1415369	G	R	+
NZ_AP023069.1	1415978	T	Y	+
NZ_AP023069.1	1417311	CT	-	-
NZ_AP023069.1	1418071	G	C	-
NZ_AP023069.1	1419433	C	S	+
NZ_AP023069.1	1420690	T	W	+
NZ_AP023069.1	1420972	T	A	-
NZ_AP023069.1	1421016	A	T	-
NZ_AP023069.1	1421888	GC	-	-
NZ_AP023069.1	1422086	C	-	-
NZ_AP023069.1	1422106	T	C	-
NZ_AP023069.1	1422885	A	R	+
NZ_AP023069.1	1425694	G	C	-
NZ_AP023069.1	1426057	G	R	+
NZ_AP023069.1	1426248	A	C	-
NZ_AP023069.1	1427177	-	GAAT	+
NZ_AP023069.1	1429094	T	A	-
NZ_AP023069.1	1429975	T	-	-
NZ_AP023069.1	1430935	C	Y	+
NZ_AP023069.1	1431245	C	S	+
NZ_AP023069.1	1431896	A	R	+
NZ_AP023069.1	1432273	A	T	-
NZ_AP023069.1	1432509	G	S	+
NZ_AP023069.1	1433586	G	A	-
NZ_AP023069.1	1433632	G	S	+
NZ_AP023069.1	1434617	C	G	-
NZ_AP023069.1	1434993	GC	-	-
NZ_AP023069.1	1435750	C	M	+
NZ_AP023069.1	1437213	A	T	-
NZ_AP023069.1	1437515	T	W	+
NZ_AP023069.1	1437645	C	S	+
NZ_AP023069.1	1437933	C	S	+
NZ_AP023069.1	1438483	C	S	+
NZ_AP023069.1	1438795	G	K	+
NZ_AP023069.1	1440923	C	A	-
NZ_AP023069.1	1443066	T	Y	+
NZ_AP023069.1	1443128	T	W	+
NZ_AP023069.1	1443676	T	W	+
NZ_AP023069.1	1445328	A	W	+
NZ_AP023069.1	1445570	-	TTC	+
NZ_AP023069.1	1445783	T	C	-
NZ_AP023069.1	1446157	C	G	-
NZ_AP023069.1	1447367	C	S	+
NZ_AP023069.1	1448144	GA	-	-
NZ_AP023069.1	1448494	T	W	+
NZ_AP023069.1	1448656	-	T	-
NZ_AP023069.1	1451510	G	S	+
NZ_AP023069.1	1452394	-	C	+
NZ_AP023069.1	1453052	A	R	+
NZ_AP023069.1	1453458	G	K	+
NZ_AP023069.1	1455910	AA	-	-
NZ_AP023069.1	1457475	T	G	-
NZ_AP023069.1	1458608	G	S	+
NZ_AP023069.1	1458628	A	R	+
NZ_AP023069.1	1459078	C	Y	+
NZ_AP023069.1	1459151	C	Y	+
NZ_AP023069.1	1459976	A	G	-
NZ_AP023069.1	1460876	A	G	-
NZ_AP023069.1	1461605	A	R	+
NZ_AP023069.1	1462214	T	W	+
NZ_AP023069.1	1462332	T	Y	+
NZ_AP023069.1	1462979	-	T	+
NZ_AP023069.1	1463694	G	S	+
NZ_AP023069.1	1464102	C	M	+
NZ_AP023069.1	1464177	C	Y	+
NZ_AP023069.1	1465761	C	Y	+
NZ_AP023069.1	1466688	A	R	+
NZ_AP023069.1	1467678	T	W	+
NZ_AP023069.1	1467728	A	W	+
NZ_AP023069.1	1469393	A	W	+
NZ_AP023069.1	1469915	C	M	+
NZ_AP023069.1	1470156	-	TT	+
NZ_AP023069.1	1470743	T	Y	+
NZ_AP023069.1	1471200	C	G	-
NZ_AP023069.1	1471501	A	G	-
NZ_AP023069.1	1473346	A	R	+
NZ_AP023069.1	1473675	T	W	+
NZ_AP023069.1	1473908	T	W	+
NZ_AP023069.1	1474299	C	S	+
NZ_AP023069.1	1474569	-	GA	+
NZ_AP023069.1	1475100	G	A	-
NZ_AP023069.1	1475444	-	T	+
NZ_AP023069.1	1480124	C	G	-
NZ_AP023069.1	1480615	T	A	-
NZ_AP023069.1	1484598	C	G	-
NZ_AP023069.1	1485964	A	W	+
NZ_AP023069.1	1486180	C	Y	+
NZ_AP023069.1	1486563	C	Y	+
NZ_AP023069.1	1488245	A	C	-
NZ_AP023069.1	1490016	G	C	-
NZ_AP023069.1	1491013	A	M	+
NZ_AP023069.1	1492655	G	C	-
NZ_AP023069.1	1492708	T	-	-
NZ_AP023069.1	1494250	T	A	-
NZ_AP023069.1	1494319	T	K	+
NZ_AP023069.1	1494649	-	GC	+
NZ_AP023069.1	1495180	C	Y	+
NZ_AP023069.1	1495498	T	Y	+
NZ_AP023069.1	1496106	A	G	-
NZ_AP023069.1	1496269	T	K	+
NZ_AP023069.1	1496632	A	T	-
NZ_AP023069.1	1497583	G	K	+
NZ_AP023069.1	1499441	G	T	-
NZ_AP023069.1	1501209	-	G	+
NZ_AP023069.1	1502006	A	W	+
NZ_AP023069.1	1502176	C	G	-
NZ_AP023069.1	1504275	C	M	+
NZ_AP023069.1	1505076	A	M	+
NZ_AP023069.1	1507658	T	A	-
NZ_AP023069.1	1508626	-	G	-
NZ_AP023069.1	1509803	-	T	+
NZ_AP023069.1	1510607	A	R	+
NZ_AP023069.1	1513568	C	G	-
NZ_AP023069.1	1513979	T	G	-
NZ_AP023069.1	1514374	-	GGCA	+
NZ_AP023069.1	1514641	A	W	+
NZ_AP023069.1	1519155	A	M	+
NZ_AP023069.1	1519669	G	A	-
NZ_AP023069.1	1520049	G	T	-
NZ_AP023069.1	1522936	-	TG	+
NZ_AP023069.1	1524763	C	M	+
NZ_AP023069.1	1525857	-	AT	+
NZ_AP023069.1	1528318	C	Y	+
NZ_AP023069.1	1528378	T	W	+
NZ_AP023069.1	1528542	C	M	+
NZ_AP023069.1	1529544	A	R	+
NZ_AP023069.1	1529942	C	A	-
NZ_AP023069.1	1531265	C	T	-
NZ_AP023069.1	1531714	C	S	+
NZ_AP023069.1	1534378	C	Y	+
NZ_AP023069.1	1534392	A	M	+
NZ_AP023069.1	1534542	C	Y	+
NZ_AP023069.1	1534567	C	S	+
NZ_AP023069.1	1536232	T	C	-
NZ_AP023069.1	1536683	GT	-	-
NZ_AP023069.1	1537083	A	M	+
NZ_AP023069.1	1538917	A	R	+
NZ_AP023069.1	1540061	T	W	+
NZ_AP023069.1	1541295	G	R	+
NZ_AP023069.1	1543236	A	M	+
NZ_AP023069.1	1544274	C	Y	+
NZ_AP023069.1	1544558	C	A	-
NZ_AP023069.1	1549271	T	Y	+
NZ_AP023069.1	1550187	G	R	+
NZ_AP023069.1	1550338	T	A	-
NZ_AP023069.1	1550376	T	W	+
NZ_AP023069.1	1552114	T	C	-
NZ_AP023069.1	1553344	T	Y	+
NZ_AP023069.1	1553542	A	W	+
NZ_AP023069.1	1553873	A	W	+
NZ_AP023069.1	1553973	T	K	+
NZ_AP023069.1	1554799	T	K	+
NZ_AP023069.1	1555082	C	M	+
NZ_AP023069.1	1559771	G	C	-
NZ_AP023069.1	1559798	-	G	+
NZ_AP023069.1	1560275	A	M	+
NZ_AP023069.1	1562516	A	R	+
NZ_AP023069.1	1562525	T	K	+
NZ_AP023069.1	1562545	C	S	+
NZ_AP023069.1	1563271	-	C	-
NZ_AP023069.1	1563274	T	G	-
NZ_AP023069.1	1563969	C	A	-
NZ_AP023069.1	1564542	C	S	+
NZ_AP023069.1	1565482	A	M	+
NZ_AP023069.1	1567347	C	M	+
NZ_AP023069.1	1567486	C	M	+
NZ_AP023069.1	1571469	A	M	+
NZ_AP023069.1	1571759	T	W	+
NZ_AP023069.1	1571915	T	K	+
NZ_AP023069.1	1572244	A	W	+
NZ_AP023069.1	1572482	A	R	+
NZ_AP023069.1	1572563	T	-	-
NZ_AP023069.1	1572839	C	S	+
NZ_AP023069.1	1575125	T	W	+
NZ_AP023069.1	1576601	C	M	+
NZ_AP023069.1	1577541	C	S	+
NZ_AP023069.1	1578210	T	K	+
NZ_AP023069.1	1578942	C	M	+
NZ_AP023069.1	1580282	G	T	-
NZ_AP023069.1	1581756	T	A	-
NZ_AP023069.1	1582603	T	G	-
NZ_AP023069.1	1583487	A	M	+
NZ_AP023069.1	1584025	A	W	+
NZ_AP023069.1	1586507	T	C	-
NZ_AP023069.1	1587271	A	W	+
NZ_AP023069.1	1588153	TT	-	-
NZ_AP023069.1	1588550	T	K	+
NZ_AP023069.1	1588763	C	S	+
NZ_AP023069.1	1588782	C	G	-
NZ_AP023069.1	1588787	GA	-	-
NZ_AP023069.1	1589923	A	R	+
NZ_AP023069.1	1590007	T	K	+
NZ_AP023069.1	1590993	A	M	+
NZ_AP023069.1	1592810	T	Y	+
NZ_AP023069.1	1592851	C	-	-
NZ_AP023069.1	1593211	AA	-	-
NZ_AP023069.1	1593889	A	R	+
NZ_AP023069.1	1594718	C	A	-
NZ_AP023069.1	1595738	T	W	+
NZ_AP023069.1	1596138	A	T	-
NZ_AP023069.1	1596264	T	A	-
NZ_AP023069.1	1596341	C	S	+
NZ_AP023069.1	1596832	G	R	+
NZ_AP023069.1	1596904	T	C	-
NZ_AP023069.1	1597452	C	-	-
NZ_AP023069.1	1597857	G	T	-
NZ_AP023069.1	1598507	T	G	-
NZ_AP023069.1	1599429	T	W	+
NZ_AP023069.1	1600344	G	T	-
NZ_AP023069.1	1601149	G	K	+
NZ_AP023069.1	1602491	C	T	-
NZ_AP023069.1	1603578	G	-	-
NZ_AP023069.1	1603617	A	R	+
NZ_AP023069.1	1604093	-	CGC	-
NZ_AP023069.1	1607586	A	R	+
NZ_AP023069.1	1607876	G	S	+
NZ_AP023069.1	1608924	T	Y	+
NZ_AP023069.1	1610127	G	S	+
NZ_AP023069.1	1611214	C	T	-
NZ_AP023069.1	1612314	C	A	-
NZ_AP023069.1	1614317	C	T	-
NZ_AP023069.1	1615015	G	K	+
NZ_AP023069.1	1615241	G	R	+
NZ_AP023069.1	1615571	C	S	+
NZ_AP023069.1	1615623	T	Y	+
NZ_AP023069.1	1616086	C	M	+
NZ_AP023069.1	1616228	T	A	-
NZ_AP023069.1	1616359	C	T	-
NZ_AP023069.1	1617888	A	W	+
NZ_AP023069.1	1619039	G	R	+
NZ_AP023069.1	1619070	A	W	+
NZ_AP023069.1	1620028	A	T	-
NZ_AP023069.1	1622492	-	C	+
NZ_AP023069.1	1623094	C	Y	+
NZ_AP023069.1	1625286	-	T	-
NZ_AP023069.1	1625973	T	K	+
NZ_AP023069.1	1626551	C	S	+
NZ_AP023069.1	1628856	G	K	+
NZ_AP023069.1	1630749	-	G	+
NZ_AP023069.1	1634348	G	S	+
NZ_AP023069.1	1634518	G	R	+
NZ_AP023069.1	1635389	C	M	+
NZ_AP023069.1	1635700	-	T	+
NZ_AP023069.1	1635810	C	T	-
NZ_AP023069.1	1636054	TC	-	-
NZ_AP023069.1	1636204	-	A	+
NZ_AP023069.1	1636536	G	R	+
NZ_AP023069.1	1636742	C	M	+
NZ_AP023069.1	1638008	G	C	-
NZ_AP023069.1	1638364	G	K	+
NZ_AP023069.1	1638370	A	R	+
NZ_AP023069.1	1638629	T	K	+
NZ_AP023069.1	1639557	T	W	+
NZ_AP023069.1	1640768	C	G	-
NZ_AP023069.1	1641054	C	M	+
NZ_AP023069.1	1641611	G	R	+
NZ_AP023069.1	1643029	T	-	-
NZ_AP023069.1	1645263	T	K	+
NZ_AP023069.1	1647394	TG	-	-
NZ_AP023069.1	1648125	C	S	+
NZ_AP023069.1	1649079	C	S	+
NZ_AP023069.1	1651827	G	S	+
NZ_AP023069.1	1653010	C	Y	+
NZ_AP023069.1	1653159	C	T	-
NZ_AP023069.1	1656978	T	A	-
NZ_AP023069.1	1657689	A	M	+
NZ_AP023069.1	1658004	G	K	+
NZ_AP023069.1	1658973	G	K	+
NZ_AP023069.1	1659366	G	R	+
NZ_AP023069.1	1659691	G	S	+
NZ_AP023069.1	1660009	C	A	-
NZ_AP023069.1	1661600	TT	-	-
NZ_AP023069.1	1661664	A	G	-
NZ_AP023069.1	1661988	-	A	-
NZ_AP023069.1	1662320	C	S	+
NZ_AP023069.1	1662925	G	S	+
NZ_AP023069.1	1663687	T	K	+
NZ_AP023069.1	1664222	T	A	-
NZ_AP023069.1	1664745	A	T	-
NZ_AP023069.1	1665656	T	C	-
NZ_AP023069.1	1666286	C	S	+
NZ_AP023069.1	1666338	C	G	-
NZ_AP023069.1	1667520	T	K	+
NZ_AP023069.1	1667583	T	A	-
NZ_AP023069.1	1668989	C	Y	+
NZ_AP023069.1	1669530	C	S	+
NZ_AP023069.1	1669659	C	M	+
NZ_AP023069.1	1671992	T	G	-
NZ_AP023069.1	1673832	A	R	+
NZ_AP023069.1	1674523	C	A	-
NZ_AP023069.1	1675895	T	A	-
NZ_AP023069.1	1675967	A	T	-
NZ_AP023069.1	1676792	C	M	+
NZ_AP023069.1	1677740	A	R	+
NZ_AP023069.1	1677810	T	K	+
NZ_AP023069.1	1679214	A	R	+
NZ_AP023069.1	1679410	CG	-	-
NZ_AP023069.1	1679956	G	C	-
NZ_AP023069.1	1680513	C	G	-
NZ_AP023069.1	1681772	A	C	-
NZ_AP023069.1	1682972	G	T	-
NZ_AP023069.1	1683335	A	-	-
NZ_AP023069.1	1684675	A	T	-
NZ_AP023069.1	1686170	A	G	-
NZ_AP023069.1	1686903	-	AC	+
NZ_AP023069.1	1687169	T	W	+
NZ_AP023069.1	1687675	G	A	-
NZ_AP023069.1	1690102	G	A	-
NZ_AP023069.1	1691586	G	A	-
NZ_AP023069.1	1692430	CGC	-	-
NZ_AP023069.1	1693684	C	T	-
NZ_AP023069.1	1694707	G	S	+
NZ_AP023069.1	1695356	-	C	-
NZ_AP023069.1	1695528	C	A	-
NZ_AP023069.1	1696445	C	S	+
NZ_AP023069.1	1696578	C	G	-
NZ_AP023069.1	1697263	A	M	+
NZ_AP023069.1	1697798	C	M	+
NZ_AP023069.1	1698954	-	T	+
NZ_AP023069.1	1699574	C	A	-
NZ_AP023069.1	1702181	T	K	+
NZ_AP023069.1	1702876	C	Y	+
NZ_AP023069.1	1702934	C	Y	+
NZ_AP023069.1	1702993	C	Y	+
NZ_AP023069.1	1703536	C	G	-
NZ_AP023069.1	1704386	C	S	+
NZ_AP023069.1	1704954	C	A	-
NZ_AP023069.1	1705357	C	M	+
NZ_AP023069.1	1706912	C	M	+
NZ_AP023069.1	1708105	G	S	+
NZ_AP023069.1	1708272	T	A	-
NZ_AP023069.1	1708277	C	Y	+
NZ_AP023069.1	1709191	G	K	+
NZ_AP023069.1	1709480	T	C	-
NZ_AP023069.1	1709919	C	S	+
NZ_AP023069.1	1710050	A	G	-
NZ_AP023069.1	1713176	C	G	-
NZ_AP023069.1	1713420	G	K	+
NZ_AP023069.1	1717777	C	M	+
NZ_AP023069.1	1718256	C	S	+
NZ_AP023069.1	1718644	G	-	-
NZ_AP023069.1	1718823	CG	-	-
NZ_AP023069.1	1718900	-	GGA	-
NZ_AP023069.1	1720057	C	Y	+
NZ_AP023069.1	1721364	G	S	+
NZ_AP023069.1	1721643	G	K	+
NZ_AP023069.1	1722431	-	T	+
NZ_AP023069.1	1722568	G	S	+
NZ_AP023069.1	1722957	G	K	+
NZ_AP023069.1	1722959	A	M	+
NZ_AP023069.1	1724162	T	Y	+
NZ_AP023069.1	1724498	A	T	-
NZ_AP023069.1	1724817	A	G	-
NZ_AP023069.1	1725563	A	W	+
NZ_AP023069.1	1725616	T	W	+
NZ_AP023069.1	1726077	-	G	+
NZ_AP023069.1	1727752	A	M	+
NZ_AP023069.1	1728069	C	S	+
NZ_AP023069.1	1728411	C	Y	+
NZ_AP023069.1	1730195	C	S	+
NZ_AP023069.1	1730428	T	K	+
NZ_AP023069.1	1731715	TCA	-	-
NZ_AP023069.1	1732988	T	Y	+
NZ_AP023069.1	1733993	C	M	+
NZ_AP023069.1	1734738	C	G	-
NZ_AP023069.1	1734900	C	G	-
NZ_AP023069.1	1735185	C	S	+
NZ_AP023069.1	1736857	C	S	+
NZ_AP023069.1	1738006	C	M	+
NZ_AP023069.1	1739959	C	T	-
NZ_AP023069.1	1740510	A	T	-
NZ_AP023069.1	1741989	A	M	+
NZ_AP023069.1	1742272	C	Y	+
NZ_AP023069.1	1743011	A	C	-
NZ_AP023069.1	1743433	C	Y	+
NZ_AP023069.1	1744101	C	S	+
NZ_AP023069.1	1744844	C	G	-
NZ_AP023069.1	1745162	G	R	+
NZ_AP023069.1	1746705	C	T	-
NZ_AP023069.1	1746804	G	C	-
NZ_AP023069.1	1747977	A	C	-
NZ_AP023069.1	1748088	T	Y	+
NZ_AP023069.1	1748249	G	R	+
NZ_AP023069.1	1748288	G	K	+
NZ_AP023069.1	1748586	-	C	+
NZ_AP023069.1	1749732	-	C	-
NZ_AP023069.1	1750288	G	C	-
NZ_AP023069.1	1751189	C	Y	+
NZ_AP023069.1	1755267	C	T	-
NZ_AP023069.1	1755336	A	R	+
NZ_AP023069.1	1755638	A	M	+
NZ_AP023069.1	1756008	A	W	+
NZ_AP023069.1	1758199	T	Y	+
NZ_AP023069.1	1759495	A	R	+
NZ_AP023069.1	1759699	G	K	+
NZ_AP023069.1	1762541	C	A	-
NZ_AP023069.1	1762946	G	S	+
NZ_AP023069.1	1763322	A	R	+
NZ_AP023069.1	1763738	A	W	+
NZ_AP023069.1	1764104	C	Y	+
NZ_AP023069.1	1765659	A	C	-
NZ_AP023069.1	1766144	C	A	-
NZ_AP023069.1	1767194	A	W	+
NZ_AP023069.1	1767483	C	Y	+
NZ_AP023069.1	1768536	G	R	+
NZ_AP023069.1	1769264	G	S	+
NZ_AP023069.1	1771173	G	S	+
NZ_AP023069.1	1772509	G	A	-
NZ_AP023069.1	1772800	T	A	-
NZ_AP023069.1	1776498	A	M	+
NZ_AP023069.1	1777090	G	R	+
NZ_AP023069.1	1778193	G	S	+
NZ_AP023069.1	1780677	C	A	-
NZ_AP023069.1	1780999	G	R	+
NZ_AP023069.1	1781327	G	R	+
NZ_AP023069.1	1785127	T	W	+
NZ_AP023069.1	1786001	C	G	-
NZ_AP023069.1	1786595	A	C	-
NZ_AP023069.1	1787236	A	G	-
NZ_AP023069.1	1787782	G	K	+
NZ_AP023069.1	1788258	C	S	+
NZ_AP023069.1	1788563	C	Y	+
NZ_AP023069.1	1788732	G	R	+
NZ_AP023069.1	1790655	C	A	-
NZ_AP023069.1	1790747	C	A	-
NZ_AP023069.1	1792406	C	S	+
NZ_AP023069.1	1792572	C	T	-
NZ_AP023069.1	1793906	G	A	-
NZ_AP023069.1	1796353	A	M	+
NZ_AP023069.1	1797868	A	T	-
NZ_AP023069.1	1798158	G	R	+
NZ_AP023069.1	1799489	G	K	+
NZ_AP023069.1	1799763	C	M	+
NZ_AP023069.1	1799996	C	Y	+
NZ_AP023069.1	1800866	C	Y	+
NZ_AP023069.1	1801425	C	Y	+
NZ_AP023069.1	1801494	T	W	+
NZ_AP023069.1	1802676	G	C	-
NZ_AP023069.1	1803055	C	T	-
NZ_AP023069.1	1803494	C	M	+
NZ_AP023069.1	1804315	A	G	-
NZ_AP023069.1	1805762	C	M	+
NZ_AP023069.1	1807085	G	T	-
NZ_AP023069.1	1810401	T	Y	+
NZ_AP023069.1	1810542	A	W	+
NZ_AP023069.1	1810884	G	T	-
NZ_AP023069.1	1811084	A	R	+
NZ_AP023069.1	1811353	A	T	-
NZ_AP023069.1	1812096	C	A	-
NZ_AP023069.1	1815370	C	T	-
NZ_AP023069.1	1817333	A	M	+
NZ_AP023069.1	1817993	A	W	+
NZ_AP023069.1	1818199	T	W	+
NZ_AP023069.1	1819346	G	K	+
NZ_AP023069.1	1821999	A	R	+
NZ_AP023069.1	1822840	A	M	+
NZ_AP023069.1	1822965	T	Y	+
NZ_AP023069.1	1823235	A	M	+
NZ_AP023069.1	1823955	A	C	-
NZ_AP023069.1	1824027	T	A	-
NZ_AP023069.1	1825622	G	S	+
NZ_AP023069.1	1825662	C	G	-
NZ_AP023069.1	1825746	T	W	+
NZ_AP023069.1	1826302	T	Y	+
NZ_AP023069.1	1827361	T	K	+
NZ_AP023069.1	1827394	G	R	+
NZ_AP023069.1	1827395	C	S	+
NZ_AP023069.1	1830609	T	K	+
NZ_AP023069.1	1832161	T	G	-
NZ_AP023069.1	1833793	T	W	+
NZ_AP023069.1	1833865	A	R	+
NZ_AP023069.1	1834013	G	T	-
NZ_AP023069.1	1834258	C	Y	+
NZ_AP023069.1	1835231	C	Y	+
NZ_AP023069.1	1835560	G	C	-
NZ_AP023069.1	1836036	G	-	-
NZ_AP023069.1	1836716	GCCG	-	-
NZ_AP023069.1	1837287	A	R	+
NZ_AP023069.1	1837720	T	K	+
NZ_AP023069.1	1838299	G	R	+
NZ_AP023069.1	1838513	C	M	+
NZ_AP023069.1	1839004	C	-	-
NZ_AP023069.1	1839343	A	W	+
NZ_AP023069.1	1840446	A	M	+
NZ_AP023069.1	1841857	T	W	+
NZ_AP023069.1	1842446	T	Y	+
NZ_AP023069.1	1843828	A	R	+
NZ_AP023069.1	1844197	T	Y	+
NZ_AP023069.1	1844370	T	W	+
NZ_AP023069.1	1844800	G	S	+
NZ_AP023069.1	1846891	A	R	+
NZ_AP023069.1	1848265	T	W	+
NZ_AP023069.1	1848644	-	TC	+
NZ_AP023069.1	1849529	C	Y	+
NZ_AP023069.1	1849922	C	S	+
NZ_AP023069.1	1850000	C	S	+
NZ_AP023069.1	1851801	G	-	-
NZ_AP023069.1	1856135	C	T	-
NZ_AP023069.1	1857051	-	T	+
NZ_AP023069.1	1857782	-	C	-
NZ_AP023069.1	1857923	T	Y	+
NZ_AP023069.1	1858526	G	A	-
NZ_AP023069.1	1859128	T	W	+
NZ_AP023069.1	1859516	G	R	+
NZ_AP023069.1	1860133	G	S	+
NZ_AP023069.1	1861707	T	K	+
NZ_AP023069.1	1865999	C	A	-
NZ_AP023069.1	1866250	G	S	+
NZ_AP023069.1	1869313	G	T	-
NZ_AP023069.1	1869763	C	Y	+
NZ_AP023069.1	1871257	C	Y	+
NZ_AP023069.1	1873205	C	G	-
NZ_AP023069.1	1873394	A	M	+
NZ_AP023069.1	1873638	C	T	-
NZ_AP023069.1	1875823	T	W	+
NZ_AP023069.1	1876442	T	G	-
NZ_AP023069.1	1876570	G	K	+
NZ_AP023069.1	1876890	A	C	-
NZ_AP023069.1	1877235	G	K	+
NZ_AP023069.1	1878457	G	S	+
NZ_AP023069.1	1879948	G	C	-
NZ_AP023069.1	1881165	T	K	+
NZ_AP023069.1	1883141	C	G	-
NZ_AP023069.1	1883144	T	K	+
NZ_AP023069.1	1883349	C	Y	+
NZ_AP023069.1	1885271	T	-	-
NZ_AP023069.1	1885273	G	T	-
NZ_AP023069.1	1885799	-	A	-
NZ_AP023069.1	1886108	G	K	+
NZ_AP023069.1	1888189	A	C	-
NZ_AP023069.1	1888281	G	S	+
NZ_AP023069.1	1890271	A	M	+
NZ_AP023069.1	1892697	C	T	-
NZ_AP023069.1	1895012	T	W	+
NZ_AP023069.1	1895306	A	R	+
NZ_AP023069.1	1896280	G	S	+
NZ_AP023069.1	1896343	-	A	-
NZ_AP023069.1	1897202	TG	-	-
NZ_AP023069.1	1898231	T	K	+
NZ_AP023069.1	1898829	G	S	+
NZ_AP023069.1	1899766	T	A	-
NZ_AP023069.1	1900154	T	W	+
NZ_AP023069.1	1900447	G	A	-
NZ_AP023069.1	1900845	G	-	-
NZ_AP023069.1	1904877	G	R	+
NZ_AP023069.1	1906497	A	M	+
NZ_AP023069.1	1906517	G	R	+
NZ_AP023069.1	1906557	G	K	+
NZ_AP023069.1	1908247	T	G	-
NZ_AP023069.1	1912735	T	C	-
NZ_AP023069.1	1913132	G	R	+
NZ_AP023069.1	1913157	T	K	+
NZ_AP023069.1	1916409	G	A	-
NZ_AP023069.1	1916750	A	W	+
NZ_AP023069.1	1917375	-	A	-
NZ_AP023069.1	1917664	A	T	-
NZ_AP023069.1	1919126	G	T	-
NZ_AP023069.1	1919167	A	R	+
NZ_AP023069.1	1921617	T	W	+
NZ_AP023069.1	1922423	C	T	-
NZ_AP023069.1	1925428	T	A	-
NZ_AP023069.1	1926787	T	-	-
NZ_AP023069.1	1926987	T	W	+
NZ_AP023069.1	1929387	A	W	+
NZ_AP023069.1	1929526	A	T	-
NZ_AP023069.1	1930518	G	R	+
NZ_AP023069.1	1931384	-	GT	+
NZ_AP023069.1	1931634	-	A	+
NZ_AP023069.1	1932114	G	T	-
NZ_AP023069.1	1932728	C	G	-
NZ_AP023069.1	1933656	G	K	+
NZ_AP023069.1	1933849	A	R	+
NZ_AP023069.1	1936393	C	G	-
NZ_AP023069.1	1937347	-	AC	+
NZ_AP023069.1	1939713	A	G	-
NZ_AP023069.1	1940997	A	W	+
NZ_AP023069.1	1941284	T	Y	+
NZ_AP023069.1	1942508	C	M	+
NZ_AP023069.1	1942739	T	W	+
NZ_AP023069.1	1942847	G	S	+
NZ_AP023069.1	1944262	A	T	-
NZ_AP023069.1	1947006	C	M	+
NZ_AP023069.1	1948012	G	R	+
NZ_AP023069.1	1948247	T	K	+
NZ_AP023069.1	1952534	T	K	+
NZ_AP023069.1	1952991	T	K	+
NZ_AP023069.1	1953469	T	Y	+
NZ_AP023069.1	1953521	T	K	+
NZ_AP023069.1	1955111	A	R	+
NZ_AP023069.1	1955707	A	M	+
NZ_AP023069.1	1956875	A	R	+
NZ_AP023069.1	1957859	CAAGG	-	-
NZ_AP023069.1	1958335	T	K	+
NZ_AP023069.1	1958929	C	G	-
NZ_AP023069.1	1959083	G	K	+
NZ_AP023069.1	1960115	-	G	+
NZ_AP023069.1	1961320	G	S	+
NZ_AP023069.1	1961649	T	W	+
NZ_AP023069.1	1961841	A	M	+
NZ_AP023069.1	1962229	T	-	-
NZ_AP023069.1	1962571	C	M	+
NZ_AP023069.1	1964493	T	C	-
NZ_AP023069.1	1964859	A	M	+
NZ_AP023069.1	1964946	A	T	-
NZ_AP023069.1	1965075	C	A	-
NZ_AP023069.1	1969540	A	R	+
NZ_AP023069.1	1970703	G	R	+
NZ_AP023069.1	1970956	-	T	-
NZ_AP023069.1	1971689	CA	-	-
NZ_AP023069.1	1971702	A	-	-
NZ_AP023069.1	1974184	T	W	+
NZ_AP023069.1	1974959	T	K	+
NZ_AP023069.1	1976507	G	T	-
NZ_AP023069.1	1978373	G	S	+
NZ_AP023069.1	1979306	A	C	-
NZ_AP023069.1	1979582	C	M	+
NZ_AP023069.1	1980774	T	K	+
NZ_AP023069.1	1981765	G	A	-
NZ_AP023069.1	1982967	A	W	+
NZ_AP023069.1	1983014	G	K	+
NZ_AP023069.1	1986009	-	CC	-
NZ_AP023069.1	1986235	A	W	+
NZ_AP023069.1	1987778	T	C	-
NZ_AP023069.1	1989244	T	-	-
NZ_AP023069.1	1989402	G	-	-
NZ_AP023069.1	1990023	A	M	+
NZ_AP023069.1	1990719	G	K	+
NZ_AP023069.1	1991418	-	T	+
NZ_AP023069.1	1992351	C	T	-
NZ_AP023069.1	1992708	T	Y	+
NZ_AP023069.1	1994556	T	K	+
NZ_AP023069.1	1995360	G	T	-
NZ_AP023069.1	1996819	C	-	-
NZ_AP023069.1	1997420	G	R	+
NZ_AP023069.1	1997623	G	S	+
NZ_AP023069.1	1999158	C	S	+
NZ_AP023069.1	2000040	T	K	+
NZ_AP023069.1	2000164	A	R	+
NZ_AP023069.1	2000190	G	R	+
NZ_AP023069.1	2000615	G	R	+
NZ_AP023069.1	2001199	T	K	+
NZ_AP023069.1	2002168	G	C	-
NZ_AP023069.1	2007592	T	C	-
NZ_AP023069.1	2008958	C	A	-
NZ_AP023069.1	2010802	A	W	+
NZ_AP023069.1	2014275	T	K	+
NZ_AP023069.1	2015073	G	K	+
NZ_AP023069.1	2015973	C	Y	+
NZ_AP023069.1	2017498	C	S	+
NZ_AP023069.1	2019489	A	M	+
NZ_AP023069.1	2022902	C	T	-
NZ_AP023069.1	2024905	G	R	+
NZ_AP023069.1	2025239	G	K	+
NZ_AP023069.1	2027234	A	M	+
NZ_AP023069.1	2027330	T	K	+
NZ_AP023069.1	2027420	G	R	+
NZ_AP023069.1	2029709	G	A	-
NZ_AP023069.1	2030262	T	-	-
NZ_AP023069.1	2031985	G	K	+
NZ_AP023069.1	2032321	-	A	+
NZ_AP023069.1	2032579	T	G	-
NZ_AP023069.1	2032656	C	Y	+
NZ_AP023069.1	2032972	T	K	+
NZ_AP023069.1	2035033	-	CGA	+
NZ_AP023069.1	2035331	A	M	+
NZ_AP023069.1	2035616	T	A	-
NZ_AP023069.1	2036349	A	M	+
NZ_AP023069.1	2036655	C	Y	+
NZ_AP023069.1	2036931	A	M	+
NZ_AP023069.1	2038381	-	C	+
NZ_AP023069.1	2039336	G	R	+
NZ_AP023069.1	2039456	C	-	-
NZ_AP023069.1	2039869	C	Y	+
NZ_AP023069.1	2040385	G	C	-
NZ_AP023069.1	2040792	C	Y	+
NZ_AP023069.1	2040811	C	Y	+
NZ_AP023069.1	2041125	G	C	-
NZ_AP023069.1	2041254	C	Y	+
NZ_AP023069.1	2043946	T	W	+
NZ_AP023069.1	2044711	G	-	-
NZ_AP023069.1	2044743	AA	-	-
NZ_AP023069.1	2046189	C	M	+
NZ_AP023069.1	2047580	GC	-	-
NZ_AP023069.1	2050471	C	A	-
NZ_AP023069.1	2050625	T	Y	+
NZ_AP023069.1	2051002	C	Y	+
NZ_AP023069.1	2052019	C	G	-
NZ_AP023069.1	2052255	T	Y	+
NZ_AP023069.1	2053079	G	R	+
NZ_AP023069.1	2054453	C	G	-
NZ_AP023069.1	2054969	C	M	+
NZ_AP023069.1	2055476	T	W	+
NZ_AP023069.1	2055796	C	M	+
NZ_AP023069.1	2056366	G	K	+
NZ_AP023069.1	2057880	A	W	+
NZ_AP023069.1	2058336	G	K	+
NZ_AP023069.1	2063079	C	S	+
NZ_AP023069.1	2064748	C	Y	+
NZ_AP023069.1	2066462	GAA	-	-
NZ_AP023069.1	2073270	C	M	+
NZ_AP023069.1	2073330	G	C	-
NZ_AP023069.1	2074988	G	K	+
NZ_AP023069.1	2075489	C	S	+
NZ_AP023069.1	2076030	T	A	-
NZ_AP023069.1	2076950	T	K	+
NZ_AP023069.1	2077962	T	K	+
NZ_AP023069.1	2078319	C	A	-
NZ_AP023069.1	2079560	C	M	+
NZ_AP023069.1	2081300	T	G	-
NZ_AP023069.1	2082478	C	-	-
NZ_AP023069.1	2082722	T	K	+
NZ_AP023069.1	2082748	C	A	-
NZ_AP023069.1	2085832	T	A	-
NZ_AP023069.1	2086316	C	G	-
NZ_AP023069.1	2088687	-	G	+
NZ_AP023069.1	2089467	C	S	+
NZ_AP023069.1	2092335	T	C	-
NZ_AP023069.1	2093006	G	R	+
NZ_AP023069.1	2093445	C	Y	+
NZ_AP023069.1	2093677	-	C	+
NZ_AP023069.1	2093770	T	Y	+
NZ_AP023069.1	2094204	C	T	-
NZ_AP023069.1	2094995	A	C	-
NZ_AP023069.1	2095277	A	-	-
NZ_AP023069.1	2095802	T	A	-
NZ_AP023069.1	2096517	T	C	-
NZ_AP023069.1	2097036	C	G	-
NZ_AP023069.1	2097258	G	C	-
NZ_AP023069.1	2097483	T	G	-
NZ_AP023069.1	2097506	A	C	-
NZ_AP023069.1	2098654	T	C	-
NZ_AP023069.1	2099444	C	-	-
NZ_AP023069.1	2101079	T	K	+
NZ_AP023069.1	2101165	G	A	-
NZ_AP023069.1	2102893	G	S	+
NZ_AP023069.1	2103189	-	TCT	-
NZ_AP023069.1	2103563	G	T	-
NZ_AP023069.1	2105485	G	S	+
NZ_AP023069.1	2106323	C	M	+
NZ_AP023069.1	2107183	T	K	+
NZ_AP023069.1	2107308	T	G	-
NZ_AP023069.1	2107871	G	S	+
NZ_AP023069.1	2109285	G	T	-
NZ_AP023069.1	2109955	G	K	+
NZ_AP023069.1	2110263	G	C	-
NZ_AP023069.1	2111244	-	C	+
NZ_AP023069.1	2112960	C	M	+
NZ_AP023069.1	2113833	-	T	-
NZ_AP023069.1	2115808	G	S	+
NZ_AP023069.1	2117553	T	W	+
NZ_AP023069.1	2117738	C	M	+
NZ_AP023069.1	2117940	C	G	-
NZ_AP023069.1	2119650	C	-	-
NZ_AP023069.1	2119913	A	W	+
NZ_AP023069.1	2119915	A	T	-
NZ_AP023069.1	2124895	T	K	+
NZ_AP023069.1	2125232	-	AC	-
NZ_AP023069.1	2126569	-	T	+
NZ_AP023069.1	2128215	C	A	-
NZ_AP023069.1	2130471	G	R	+
NZ_AP023069.1	2131669	T	A	-
NZ_AP023069.1	2132890	C	Y	+
NZ_AP023069.1	2134132	T	A	-
NZ_AP023069.1	2134840	T	A	-
NZ_AP023069.1	2134877	CGC	-	-
NZ_AP023069.1	2135405	T	W	+
NZ_AP023069.1	2137971	G	K	+
NZ_AP023069.1	2138497	TG	-	-
NZ_AP023069.1	2140185	C	M	+
NZ_AP023069.1	2140622	C	S	+
NZ_AP023069.1	2141526	G	-	-
NZ_AP023069.1	2141599	C	S	+
NZ_AP023069.1	2142538	A	M	+
NZ_AP023069.1	2142569	T	G	-
NZ_AP023069.1	2142899	C	G	-
NZ_AP023069.1	2143965	G	R	+
NZ_AP023069.1	2145093	G	-	-
NZ_AP023069.1	2146247	T	Y	+
NZ_AP023069.1	2147215	G	T	-
NZ_AP023069.1	2150642	A	T	-
NZ_AP023069.1	2150957	A	W	+
NZ_AP023069.1	2150999	C	S	+
NZ_AP023069.1	2153703	A	W	+
NZ_AP023069.1	2154575	T	A	-
NZ_AP023069.1	2154878	T	Y	+
NZ_AP023069.1	2155790	G	K	+
NZ_AP023069.1	2156246	T	C	-
NZ_AP023069.1	2156306	T	W	+
NZ_AP023069.1	2156922	T	K	+
NZ_AP023069.1	2157357	C	S	+
NZ_AP023069.1	2158056	G	K	+
NZ_AP023069.1	2158556	A	G	-
NZ_AP023069.1	2160530	C	M	+
NZ_AP023069.1	2163512	G	A	-
NZ_AP023069.1	2164155	T	G	-
NZ_AP023069.1	2164722	-	CAC	-
NZ_AP023069.1	2165296	C	A	-
NZ_AP023069.1	2166737	A	G	-
NZ_AP023069.1	2167266	-	AG	-
NZ_AP023070.1	93	T	Y	+
NZ_AP023070.1	1036	G	S	+
NZ_AP023070.1	1542	G	R	+
NC_015714.1	1040	C	S	+
NC_015714.1	1246	T	K	+
NC_015714.1	1740	C	S	+
NC_015714.1	2553	T	A	-
NC_015714.1	3042	G	T	-
NC_015714.1	3981	A	W	+
NC_015714.1	6313	G	A	-
NC_015714.1	6885	T	-	-
NC_015714.1	7614	T	A	-
NC_015714.1	9639	C	Y	+
NC_015714.1	10215	T	Y	+
NC_015714.1	10691	G	T	-
NC_015714.1	11985	G	R	+
NC_015714.1	13001	T	A	-
NC_015714.1	17832	C	Y	+
NC_015714.1	17894	C	-	-
NC_015714.1	18876	C	-	-
NC_015714.1	21759	G	K	+
NC_015714.1	22819	A	M	+
NC_015714.1	24243	A	W	+
NC_015714.1	25794	G	R	+
NC_015714.1	26132	C	Y	+
NC_015714.1	26816	C	A	-
NC_015714.1	26980	T	K	+
NC_015714.1	27121	T	Y	+
NC_015714.1	27540	C	M	+
NC_015714.1	27664	G	C	-
NC_015714.1	28191	T	A	-
NC_015714.1	28828	T	Y	+
NC_015714.1	30634	T	Y	+
NC_015714.1	32021	C	S	+
NC_015714.1	33325	G	S	+
NC_015714.1	35598	T	K	+
NC_015714.1	35775	T	Y	+
NC_015714.1	36189	C	M	+
NC_015714.1	36194	-	G	+
NC_015714.1	37452	G	T	-
NC_015714.1	37499	G	K	+
NC_015714.1	37746	A	-	-
NC_015714.1	39829	G	T	-
NC_015714.1	40919	C	Y	+
NC_015714.1	41907	-	CG	+
NC_015714.1	42056	T	W	+
NC_015714.1	42565	CC	-	-
NC_015714.1	43509	G	K	+
NC_015714.1	44685	C	T	-
NC_015714.1	45518	C	S	+
NC_015714.1	52430	C	T	-
NC_015714.1	52666	T	A	-
NC_015714.1	52731	A	M	+
NC_015714.1	53522	C	S	+
NC_015714.1	54004	T	G	-
NC_015714.1	56175	A	R	+
NC_015714.1	56717	-	A	+
NC_015714.1	57041	C	T	-
NC_015714.1	57740	C	A	-
NC_015714.1	58199	T	Y	+
NC_015714.1	58786	A	W	+
NC_015714.1	59398	A	T	-
NC_015714.1	59615	G	K	+
NC_015714.1	61269	C	T	-
NC_015714.1	62349	C	S	+
NC_015714.1	62750	C	Y	+
NC_015714.1	64275	G	S	+
NC_015714.1	65476	C	G	-
NC_015714.1	67194	T	G	-
NC_015714.1	67829	A	M	+
NC_015714.1	69617	A	-	-
NC_015714.1	72584	G	R	+
NC_015714.1	75054	C	S	+
NC_015714.1	75919	G	K	+
NC_015714.1	75966	C	S	+
NC_015714.1	76147	G	T	-
NC_015714.1	77481	T	W	+
NC_015714.1	77496	G	A	-
NC_015714.1	80351	A	C	-
NC_015714.1	81342	G	R	+
NC_015714.1	81875	C	M	+
NC_015714.1	84235	TG	-	-
NC_015714.1	84902	T	A	-
NC_015714.1	86725	G	T	-
NC_015714.1	87143	C	M	+
NC_015714.1	87647	C	M	+
NC_015714.1	87860	C	S	+
NC_015714.1	88329	-	AT	+
NC_015714.1	89618	T	W	+
NC_015714.1	90098	G	C	-
NC_015714.1	92080	A	M	+
NC_015714.1	94234	C	T	-
NC_015714.1	95405	GA	-	-
NC_015714.1	96944	A	T	-
NC_015714.1	98511	G	A	-
NC_015714.1	98682	A	C	-
NC_015714.1	98805	-	A	+
NC_015714.1	99161	A	M	+
NC_015714.1	99736	G	T	-
NC_015714.1	99857	T	K	+
NC_015714.1	101202	A	M	+
NC_015714.1	101335	C	G	-
NC_015714.1	101531	G	S	+
NC_015714.1	101534	T	Y	+
NC_015714.1	102184	G	S	+
NC_015714.1	103571	G	-	-
NC_015714.1	104878	C	M	+
NC_015714.1	105185	G	A	-
NC_015714.1	105872	G	R	+
NC_015714.1	105977	A	W	+
NC_015714.1	106911	A	C	-
NC_015714.1	108472	C	Y	+
NC_015714.1	111619	A	C	-
NC_015714.1	111824	G	S	+
NC_015714.1	112583	-	G	+
NC_015714.1	114878	C	A	-
NC_015714.1	115239	C	S	+
NC_015714.1	115654	C	Y	+
NC_015714.1	116430	G	R	+
NC_015714.1	117808	C	Y	+
NC_015714.1	117954	T	W	+
NC_015714.1	118472	C	S	+
NC_015714.1	118774	G	S	+
NC_015714.1	118888	-	ACA	+
NC_015714.1	119404	G	K	+
NC_015714.1	119427	A	G	-
NC_015714.1	122504	C	M	+
NC_015714.1	122878	C	A	-
NC_015714.1	124810	C	M	+
NC_015714.1	126187	G	C	-
NC_015714.1	126357	G	C	-
NC_015714.1	127042	CCC	-	-
NC_015714.1	127064	G	K	+
NC_015714.1	127315	A	M	+
NC_015714.1	127940	A	M	+
NC_015714.1	128265	-	C	-
NC_015714.1	129064	A	G	-
NC_015714.1	129851	T	W	+
NC_015714.1	132109	-	A	+
NC_015714.1	132406	A	W	+
NC_015714.1	132602	C	S	+
NC_015714.1	132966	A	W	+
NC_015714.1	133351	C	Y	+
NC_015714.1	134734	G	R	+
NC_015714.1	134909	A	G	-
NC_015714.1	135842	G	R	+
NC_015714.1	136621	A	M	+
NC_015714.1	136794	G	S	+
NC_015714.1	137495	C	S	+
NC_015714.1	139266	G	C	-
NC_015714.1	140121	A	W	+
NC_015714.1	140215	T	Y	+
NC_015714.1	140689	A	M	+
NC_015714.1	140766	C	S	+
NC_015714.1	141570	G	K	+
NC_015714.1	142875	C	T	-
NC_015714.1	144343	GA	-	-
NC_015714.1	144542	T	Y	+
NC_015714.1	144837	T	A	-
NC_015714.1	145485	C	M	+
NC_015714.1	146543	A	G	-
NC_015714.1	146820	CA	-	-
NC_015714.1	147443	G	T	-
NC_015714.1	148846	C	G	-
NC_015714.1	148880	-	G	+
NC_015714.1	149500	C	T	-
NC_015714.1	149828	C	M	+
NC_015714.1	151141	T	C	-
NC_015714.1	152697	A	M	+
NC_015714.1	152995	C	M	+
NC_015714.1	154946	A	M	+
NC_015714.1	155977	G	-	-
NC_015714.1	157278	T	-	-
NC_015714.1	158393	A	R	+
NC_015714.1	159216	C	S	+
NC_015714.1	160214	A	W	+
NC_015714.1	163807	G	C	-
NC_015714.1	164357	T	C	-
NC_015714.1	164557	C	M	+
NC_015714.1	164891	G	A	-
NC_015714.1	166345	G	A	-
NC_015714.1	168093	G	S	+
NC_015714.1	168636	G	K	+
NC_015714.1	169233	-	TT	+
NC_015714.1	173422	T	A	-
NC_015714.1	174119	C	T	-
NC_015714.1	174502	A	R	+
NC_015714.1	177634	G	A	-
NC_015714.1	177828	T	-	-
NC_015714.1	179129	-	G	+
NC_015714.1	179562	G	-	-
NC_015714.1	180472	G	K	+
NC_015714.1	180849	-	CTT	+
NC_015714.1	181832	C	M	+
NC_015714.1	182761	G	R	+
NC_015714.1	183413	C	S	+
NC_015714.1	183615	G	R	+
NC_015714.1	183953	G	R	+
NC_015714.1	184342	G	S	+
NC_015714.1	185261	C	T	-
NC_015714.1	185801	T	A	-
NC_015714.1	187016	C	S	+
NC_015714.1	188407	T	Y	+
NC_015714.1	188870	A	W	+
NC_015714.1	188886	A	W	+
NC_015714.1	189433	T	K	+
NC_015714.1	189911	G	K	+
NC_015714.1	190724	T	K	+
NC_015714.1	195145	G	S	+
NC_015714.1	199268	T	A	-
NC_015714.1	200687	T	Y	+
NC_015714.1	200695	T	Y	+
NC_015714.1	201078	G	C	-
NC_015714.1	201874	G	K	+
NC_015714.1	202111	-	GC	+
NC_015714.1	202282	A	R	+
NC_015714.1	203417	G	K	+
NC_015714.1	204859	T	Y	+
NC_015714.1	207164	A	M	+
NC_015714.1	207286	A	R	+
NC_015714.1	207746	C	S	+
NC_015714.1	208968	C	Y	+
NC_015714.1	210260	C	S	+
NC_015714.1	210821	G	S	+
NC_015714.1	211293	T	W	+
NC_015714.1	211845	C	A	-
NC_015714.1	211846	C	-	-
NC_015714.1	213092	A	T	-
NC_015714.1	213184	C	T	-
NC_015714.1	215993	G	S	+
NC_015714.1	216852	T	K	+
NC_015714.1	217386	T	A	-
NC_015714.1	217598	G	K	+
NC_015714.1	218668	T	G	-
NC_015714.1	218843	A	M	+
NC_015714.1	219351	G	C	-
NC_015714.1	220553	A	W	+
NC_015714.1	221183	T	W	+
NC_015714.1	221351	G	R	+
NC_015714.1	221512	G	K	+
NC_015714.1	222010	T	Y	+
NC_015714.1	223421	A	W	+
NC_015714.1	225923	A	W	+
NC_015714.1	226897	C	G	-
NC_015714.1	227045	C	M	+
NC_015714.1	227090	A	M	+
NC_015714.1	228073	C	Y	+
NC_015714.1	230671	T	A	-
NC_015714.1	233128	C	G	-
NC_015714.1	233194	G	R	+
NC_015714.1	233250	C	G	-
NC_015714.1	233940	A	R	+
NC_015714.1	240151	G	K	+
NC_015714.1	241512	T	Y	+
NC_015714.1	241679	C	S	+
NC_015714.1	241814	C	Y	+
NC_015714.1	242574	G	R	+
NC_015714.1	242808	C	G	-
NC_015714.1	243598	G	C	-
NC_015714.1	244709	C	Y	+
NC_015714.1	244907	T	W	+
NC_015714.1	245586	G	S	+
NC_015714.1	245880	A	R	+
NC_015714.1	246852	C	G	-
NC_015714.1	248441	A	-	-
NC_015714.1	248870	C	T	-
NC_015714.1	249905	A	R	+
NC_015714.1	253232	G	T	-
NC_015714.1	253296	A	W	+
NC_015714.1	254960	G	K	+
NC_015714.1	255824	G	K	+
NC_015714.1	255911	G	R	+
NC_015714.1	256453	-	AA	-
NC_015714.1	256841	G	A	-
NC_015714.1	257730	G	C	-
NC_015714.1	258059	-	T	+
NC_015714.1	258340	-	TC	+
NC_015714.1	258919	C	G	-
NC_015714.1	259179	G	S	+
NC_015714.1	260373	G	K	+
NC_015714.1	260472	A	G	-
NC_015714.1	261030	T	Y	+
NC_015714.1	262337	A	R	+
NC_015714.1	262663	T	W	+
NC_015714.1	262849	-	G	+
NC_015714.1	263717	T	Y	+
NC_015714.1	263798	T	Y	+
NC_015714.1	263955	T	Y	+
NC_015714.1	264094	C	S	+
NC_015714.1	264419	G	K	+
NC_015714.1	264693	A	W	+
NC_015714.1	266344	C	G	-
NC_015714.1	266543	-	T	+
NC_015714.1	266917	G	R	+
NC_015714.1	269379	T	G	-
NC_015714.1	270364	C	S	+
NC_015714.1	270704	A	R	+
NC_015714.1	270855	-	A	+
NC_015714.1	271439	T	W	+
NC_015714.1	271793	GG	-	-
NC_015714.1	272761	G	C	-
NC_015714.1	277082	C	M	+
NC_015714.1	277257	T	C	-
NC_015714.1	277346	C	Y	+
NC_015714.1	277432	A	M	+
NC_015714.1	277468	A	R	+
NC_015714.1	277523	G	K	+
NC_015714.1	278229	G	A	-
NC_015714.1	278569	T	W	+
NC_015714.1	281082	T	K	+
NC_015714.1	281944	A	W	+
NC_015714.1	282701	-	C	-
NC_015714.1	285908	T	W	+
NC_015714.1	286113	G	S	+
NC_015714.1	287516	G	R	+
NC_015714.1	287996	G	S	+
NC_015714.1	291510	A	T	-
NC_015714.1	292246	G	C	-
NC_015714.1	293575	-	G	+
NC_015714.1	295777	C	G	-
NC_015714.1	296348	G	T	-
NC_015714.1	296780	G	R	+
NC_015714.1	297871	-	A	-
NC_015714.1	299985	C	G	-
NC_015714.1	300608	C	Y	+
NC_015714.1	301367	A	T	-
NC_015714.1	301942	A	W	+
NC_015714.1	302671	T	W	+
NC_015714.1	303984	G	R	+
NC_015714.1	304812	G	S	+
NC_015714.1	305490	C	M	+
NC_015714.1	306869	A	W	+
NC_015714.1	307796	G	K	+
NC_015714.1	308394	G	R	+
NC_015714.1	309775	-	C	+
NC_015714.1	311944	C	T	-
NC_015714.1	312910	A	G	-
NC_015714.1	313296	C	S	+
NC_015714.1	314408	C	Y	+
NC_015714.1	317127	T	K	+
NC_015714.1	317217	C	M	+
NC_015714.1	318205	-	C	+
NC_015714.1	318805	C	G	-
NC_015714.1	319733	C	Y	+
NC_015714.1	320834	A	G	-
NC_015714.1	321008	C	S	+
NC_015714.1	321054	A	M	+
NC_015714.1	321697	C	Y	+
NC_015714.1	322880	T	Y	+
NC_015714.1	324934	-	G	-
NC_015714.1	326796	A	M	+
NC_015714.1	328737	T	W	+
NC_015714.1	329316	G	S	+
NC_015714.1	330107	A	W	+
NC_015714.1	330999	C	T	-
NC_015714.1	331448	C	Y	+
NC_015714.1	332884	G	-	-
NC_015714.1	332918	C	S	+
NC_015714.1	334122	T	W	+
NC_015714.1	334180	C	M	+
NC_015714.1	335581	C	-	-
NC_015714.1	338031	C	M	+
NC_015714.1	338078	C	G	-
NC_015714.1	338924	C	Y	+
NC_015714.1	339097	G	C	-
NC_015714.1	341054	A	W	+
NC_015714.1	341266	G	K	+
NC_015714.1	341895	C	Y	+
NC_015714.1	344235	C	M	+
NC_015714.1	344505	T	W	+
NC_015714.1	344763	A	W	+
NC_015714.1	345159	C	Y	+
NC_015714.1	345292	T	-	-
NC_015714.1	345920	C	S	+
NC_015714.1	346715	G	K	+
NC_015714.1	347001	A	W	+
NC_015714.1	347665	-	T	+
NC_015714.1	348620	-	A	+
NC_015714.1	349294	T	Y	+
NC_015714.1	350427	GA	-	-
NC_015714.1	350925	G	K	+
NC_015714.1	351936	A	R	+
NC_015714.1	352392	-	C	-
NC_015714.1	354493	C	Y	+
NC_015714.1	358130	G	K	+
NC_015714.1	359105	C	M	+
NC_015714.1	361657	C	M	+
NC_015714.1	364092	G	A	-
NC_015714.1	364890	-	G	+
NC_015714.1	364906	G	K	+
NC_015714.1	366399	T	K	+
NC_015714.1	367482	T	-	-
NC_015714.1	367820	G	R	+
NC_015714.1	368524	T	A	-
NC_015714.1	368565	C	S	+
NC_015714.1	369434	C	M	+
NC_015714.1	369752	-	A	-
NC_015714.1	371434	A	R	+
NC_015714.1	376967	A	T	-
NC_015714.1	378422	T	K	+
NC_015714.1	378837	G	R	+
NC_015714.1	379337	G	A	-
NC_015714.1	380985	C	G	-
NC_015714.1	382144	T	K	+
NC_015714.1	383295	A	R	+
NC_015714.1	383996	T	A	-
NC_015714.1	387091	G	K	+
NC_015714.1	388125	T	W	+
NC_015714.1	389592	C	S	+
NC_015714.1	389671	T	C	-
NC_015714.1	391657	T	Y	+
NC_015714.1	391752	C	Y	+
NC_015714.1	391814	C	Y	+
NC_015714.1	393441	TG	-	-
NC_015714.1	393723	C	G	-
NC_015714.1	394412	T	G	-
NC_015714.1	394694	G	-	-
NC_015714.1	394925	T	Y	+
NC_015714.1	395521	-	C	+
NC_015714.1	395837	G	T	-
NC_015714.1	397733	T	-	-
NC_015714.1	397885	G	S	+
NC_015714.1	400666	C	S	+
NC_015714.1	402186	T	G	-
NC_015714.1	403176	G	T	-
NC_015714.1	403447	G	K	+
NC_015714.1	403503	G	R	+
NC_015714.1	403634	-	T	+
NC_015714.1	404633	T	Y	+
NC_015714.1	404811	C	T	-
NC_015714.1	405088	G	S	+
NC_015714.1	411406	G	K	+
NC_015714.1	412629	T	Y	+
NC_015714.1	412925	C	S	+
NC_015714.1	412945	T	-	-
NC_015714.1	413868	G	A	-
NC_015714.1	413955	G	K	+
NC_015714.1	415132	AGC	-	-
NC_015714.1	416726	G	R	+
NC_015714.1	417027	AT	-	-
NC_015714.1	417175	G	S	+
NC_015714.1	417632	T	W	+
NC_015714.1	420327	G	R	+
NC_015714.1	421176	T	G	-
NC_015714.1	421734	T	K	+
NC_015714.1	422689	G	C	-
NC_015714.1	422760	G	T	-
NC_015714.1	422891	G	S	+
NC_015714.1	423447	T	Y	+
NC_015714.1	424276	G	A	-
NC_015714.1	424723	G	R	+
NC_015714.1	425432	T	-	-
NC_015714.1	426456	T	G	-
NC_015714.1	426777	G	A	-
NC_015714.1	427167	C	S	+
NC_015714.1	427680	T	Y	+
NC_015714.1	427945	T	-	-
NC_015714.1	429450	C	S	+
NC_015714.1	430294	A	M	+
NC_015714.1	430477	G	K	+
NC_015714.1	430640	AC	-	-
NC_015714.1	430957	T	Y	+
NC_015714.1	431903	T	K	+
NC_015714.1	432296	G	C	-
NC_015714.1	432585	C	G	-
NC_015714.1	434515	G	-	-
NC_015714.1	434583	-	C	+
NC_015714.1	435009	-	G	-
NC_015714.1	436356	G	R	+
NC_015714.1	440117	A	G	-
NC_015714.1	440379	T	C	-
NC_015714.1	441421	C	Y	+
NC_015714.1	441560	C	M	+
NC_015714.1	444583	C	T	-
NC_015714.1	445280	C	-	-
NC_015714.1	445568	C	A	-
NC_015714.1	445956	T	K	+
NC_015714.1	447556	A	T	-
NC_015714.1	450824	G	A	-
NC_015714.1	451222	G	T	-
NC_015714.1	451668	A	W	+
NC_015714.1	452027	G	S	+
NC_015714.1	452584	T	K	+
NC_015714.1	452949	A	M	+
NC_015714.1	456515	T	W	+
NC_015714.1	456600	G	A	-
NC_015714.1	457100	G	K	+
NC_015714.1	457281	G	-	-
NC_015714.1	458948	AG	-	-
NC_015714.1	459587	G	C	-
NC_015714.1	459910	C	G	-
NC_015714.1	461556	G	K	+
NC_015714.1	461719	A	C	-
NC_015714.1	462007	-	C	+
NC_015714.1	462201	T	W	+
NC_015714.1	462231	C	Y	+
NC_015714.1	463600	A	W	+
NC_015714.1	463759	CA	-	-
NC_015714.1	463859	A	G	-
NC_015714.1	464528	T	K	+
NC_015714.1	464808	-	A	+
NC_015714.1	465751	A	G	-
NC_015714.1	465948	-	T	-
NC_015714.1	466179	A	W	+
NC_015714.1	467959	T	Y	+
NC_015714.1	468687	A	C	-
NC_015714.1	468833	A	W	+
NC_015714.1	469118	C	-	-
NC_015714.1	469678	T	C	-
NC_015714.1	471251	G	K	+
NC_015714.1	472497	G	C	-
NC_015714.1	473092	C	T	-
NC_015714.1	473502	G	T	-
NC_015714.1	475975	A	M	+
NC_015714.1	476022	A	-	-
NC_015714.1	477538	G	S	+
NC_015714.1	478417	T	K	+
NC_015714.1	478622	G	C	-
NC_015714.1	480563	C	M	+
NC_015714.1	480775	T	K	+
NC_015714.1	480983	G	R	+
NC_015714.1	481610	C	T	-
NC_015714.1	482924	C	S	+
NC_015714.1	484923	-	C	+
NC_015714.1	485504	A	G	-
NC_015714.1	488205	T	C	-
NC_015714.1	489321	T	C	-
NC_015714.1	489386	G	R	+
NC_015714.1	489468	C	Y	+
NC_015714.1	490110	C	A	-
NC_015714.1	491742	T	A	-
NC_015714.1	495249	T	Y	+
NC_015714.1	496944	T	Y	+
NC_015714.1	498102	A	R	+
NC_015714.1	498148	T	W	+
NC_015714.1	498187	G	A	-
NC_015714.1	498267	A	T	-
NC_015714.1	498436	A	W	+
NC_015714.1	500312	-	C	+
NC_015714.1	501102	G	K	+
NC_015714.1	501221	G	S	+
NC_015714.1	501292	ATG	-	-
NC_015714.1	502233	-	C	+
NC_015714.1	503923	C	T	-
NC_015714.1	504382	C	S	+
NC_015714.1	504934	C	Y	+
NC_015714.1	508299	A	T	-
NC_015714.1	509164	AT	-	-
NC_015714.1	510444	C	Y	+
NC_015714.1	511280	-	G	+
NC_015714.1	513267	A	C	-
NC_015714.1	517745	-	G	+
NC_015714.1	519144	C	Y	+
NC_015714.1	521222	C	A	-
NC_015714.1	521337	A	W	+
NC_015714.1	523225	G	S	+
NC_015714.1	523649	T	A	-
NC_015714.1	524031	G	A	-
NC_015714.1	524745	C	M	+
NC_015714.1	525406	G	R	+
NC_015714.1	527487	-	T	-
NC_015714.1	527757	T	Y	+
NC_015714.1	529738	C	T	-
NC_015714.1	530400	A	M	+
NC_015714.1	530415	A	W	+
NC_015714.1	531986	A	R	+
NC_015714.1	532313	C	S	+
NC_015714.1	533423	A	M	+
NC_015714.1	533480	T	-	-
NC_015714.1	534035	C	M	+
NC_015714.1	534683	A	M	+
NC_015714.1	535064	G	R	+
NC_015714.1	535546	A	R	+
NC_015714.1	536309	A	M	+
NC_015714.1	537410	A	M	+
NC_015714.1	539817	C	S	+
NC_015714.1	540326	G	K	+
NC_015714.1	541018	C	Y	+
NC_015714.1	541724	T	K	+
NC_015714.1	542239	G	R	+
NC_015714.1	542470	C	-	-
NC_015714.1	543569	T	K	+
NC_015714.1	543649	G	S	+
NC_015714.1	544421	G	R	+
NC_015714.1	544857	T	K	+
NC_015714.1	545270	-	CAG	+
NC_015714.1	546611	G	S	+
NC_015714.1	547748	C	Y	+
NC_015714.1	551011	T	K	+
NC_015714.1	551419	G	R	+
NC_015714.1	551568	C	G	-
NC_015714.1	552807	T	W	+
NC_015714.1	553942	G	S	+
NC_015714.1	554961	C	T	-
NC_015714.1	555136	A	R	+
NC_015714.1	555347	A	M	+
NC_015714.1	555589	T	K	+
NC_015714.1	555720	A	G	-
NC_015714.1	555962	G	A	-
NC_015714.1	556023	G	S	+
NC_015714.1	558128	A	-	-
NC_015714.1	558670	T	C	-
NC_015714.1	559582	T	C	-
NC_015714.1	560490	C	M	+
NC_015714.1	560594	T	G	-
NC_015714.1	561944	C	Y	+
NC_015714.1	561974	G	-	-
NC_015714.1	562021	A	R	+
NC_015714.1	562072	GCC	-	-
NC_015714.1	565226	G	S	+
NC_015714.1	565564	G	K	+
NC_015714.1	568913	C	S	+
NC_015714.1	569347	T	Y	+
NC_015714.1	569521	T	-	-
NC_015714.1	569698	A	M	+
NC_015714.1	570902	G	A	-
NC_015714.1	570995	T	G	-
NC_015714.1	572101	A	W	+
NC_015714.1	573451	T	C	-
NC_015714.1	574828	T	K	+
NC_015714.1	574839	C	Y	+
NC_015714.1	576099	C	M	+
NC_015714.1	576617	G	C	-
NC_015714.1	576874	T	G	-
NC_015714.1	578280	C	A	-
NC_015714.1	578931	GT	-	-
NC_015714.1	579000	C	G	-
NC_015714.1	581393	C	Y	+
NC_015714.1	581712	G	-	-
NC_015714.1	582578	C	G	-
NC_015714.1	582995	A	R	+
NC_015714.1	583688	A	M	+
NC_015714.1	584631	G	R	+
NC_015714.1	586697	G	C	-
NC_015714.1	590061	T	W	+
NC_015714.1	590847	T	Y	+
NC_015714.1	591688	C	Y	+
NC_015714.1	593887	C	S	+
NC_015714.1	597826	A	R	+
NC_015714.1	598119	T	-	-
NC_015714.1	599902	T	W	+
NC_015714.1	600187	T	W	+
NC_015714.1	600469	C	Y	+
NC_015714.1	601610	A	M	+
NC_015714.1	602048	T	W	+
NC_015714.1	602229	G	S	+
NC_015714.1	603035	-	C	+
NC_015714.1	604085	G	T	-
NC_015714.1	605206	A	R	+
NC_015714.1	605734	T	W	+
NC_015714.1	605828	T	Y	+
NC_015714.1	606776	A	R	+
NC_015714.1	607964	C	S	+
NC_015714.1	608485	-	C	+
NC_015714.1	608568	-	CAG	-
NC_015714.1	608671	T	G	-
NC_015714.1	609059	G	A	-
NC_015714.1	611108	-	T	+
NC_015714.1	612395	G	K	+
NC_015714.1	612459	-	A	-
NC_015714.1	615490	G	S	+
NC_015714.1	616373	G	K	+
NC_015714.1	616864	-	C	-
NC_015714.1	617470	C	-	-
NC_015714.1	618111	A	R	+
NC_015714.1	618136	G	S	+
NC_015714.1	619203	A	C	-
NC_015714.1	619265	-	C	+
NC_015714.1	620740	T	W	+
NC_015714.1	622040	A	W	+
NC_015714.1	622479	T	G	-
NC_015714.1	623697	A	W	+
NC_015714.1	624178	C	A	-
NC_015714.1	624559	C	A	-
NC_015714.1	625657	C	S	+
NC_015714.1	625979	-	C	+
NC_015714.1	626318	C	Y	+
NC_015714.1	626986	-	T	-
NC_015714.1	628068	A	W	+
NC_015714.1	628308	C	-	-
NC_015714.1	629694	G	S	+
NC_015714.1	631447	G	T	-
NC_015714.1	631479	T	G	-
NC_015714.1	632050	A	R	+
NC_015714.1	635538	T	C	-
NC_015714.1	635911	CAG	-	-
NC_015714.1	636057	T	Y	+
NC_015714.1	636850	-	G	+
NC_015714.1	637407	C	Y	+
NC_015714.1	637912	G	S	+
NC_015714.1	638395	A	M	+
NC_015714.1	639611	C	Y	+
NC_015714.1	640179	C	Y	+
NC_015714.1	642076	T	W	+
NC_015714.1	642557	G	A	-
NC_015714.1	643648	CC	-	-
NC_015714.1	644147	C	M	+
NC_015714.1	644416	T	W	+
NC_015714.1	644492	A	R	+
NC_015714.1	644934	G	R	+
NC_015714.1	645597	-	A	+
NC_015714.1	646949	T	Y	+
NC_015714.1	648405	A	R	+
NC_015714.1	650058	C	T	-
NC_015714.1	650187	C	A	-
NC_015714.1	650783	C	S	+
NC_015714.1	650824	G	R	+
NC_015714.1	651180	A	C	-
NC_015714.1	651886	-	G	-
NC_015714.1	654062	A	T	-
NC_015714.1	654685	A	C	-
NC_015714.1	656571	C	Y	+
NC_015714.1	656839	A	-	-
NC_015714.1	660441	A	M	+
NC_015714.1	661216	T	A	-
NC_015714.1	662227	C	M	+
NC_015714.1	663141	C	M	+
NC_015714.1	664536	C	Y	+
NC_015714.1	666168	G	R	+
NC_015714.1	666683	G	S	+
NC_015714.1	666820	C	Y	+
NC_015714.1	667091	A	M	+
NC_015714.1	667369	-	C	+
NC_015714.1	668036	A	T	-
NC_015714.1	668551	-	C	+
NC_015714.1	668766	A	M	+
NC_015714.1	669706	G	R	+
NC_015714.1	672343	T	K	+
NC_015714.1	672853	C	Y	+
NC_015714.1	673261	C	Y	+
NC_015714.1	675804	-	G	-
NC_015714.1	676614	G	R	+
NC_015714.1	677347	G	T	-
NC_015714.1	677756	T	K	+
NC_015714.1	677844	AAA	-	-
NC_015714.1	680196	T	K	+
NC_015714.1	681479	G	T	-
NC_015714.1	681798	TA	-	-
NC_015714.1	683196	A	W	+
NC_015714.1	683624	G	-	-
NC_015714.1	684945	G	T	-
NC_015714.1	686345	T	Y	+
NC_015714.1	686463	T	Y	+
NC_015714.1	686507	G	K	+
NC_015714.1	688863	C	Y	+
NC_015714.1	689980	A	T	-
NC_015714.1	690101	-	T	-
NC_015714.1	692544	C	M	+
NC_015714.1	692702	G	S	+
NC_015714.1	700048	A	M	+
NC_015714.1	701940	G	S	+
NC_015714.1	702666	C	Y	+
NC_015714.1	702981	C	M	+
NC_015714.1	703374	GG	-	-
NC_015714.1	703398	A	W	+
NC_015714.1	705232	T	C	-
NC_015714.1	707197	T	W	+
NC_015714.1	707679	A	R	+
NC_015714.1	708168	T	Y	+
NC_015714.1	710585	C	T	-
NC_015714.1	710736	T	W	+
NC_015714.1	713012	G	K	+
NC_015714.1	714734	A	C	-
NC_015714.1	714879	G	T	-
NC_015714.1	715961	C	S	+
NC_015714.1	716104	-	T	-
NC_015714.1	718700	T	A	-
NC_015714.1	719566	A	W	+
NC_015714.1	720972	G	T	-
NC_015714.1	723621	T	W	+
NC_015714.1	723760	C	Y	+
NC_015714.1	725233	T	W	+
NC_015714.1	726262	T	A	-
NC_015714.1	727696	A	R	+
NC_015714.1	729321	C	Y	+
NC_015714.1	729389	T	A	-
NC_015714.1	729682	C	Y	+
NC_015714.1	730346	A	G	-
NC_015714.1	732655	C	-	-
NC_015714.1	733999	C	G	-
NC_015714.1	735276	A	M	+
NC_015714.1	736017	G	R	+
NC_015714.1	736529	C	A	-
NC_015714.1	738502	G	K	+
NC_015714.1	738656	G	R	+
NC_015714.1	738959	C	Y	+
NC_015714.1	741676	T	K	+
NC_015714.1	742255	A	R	+
NC_015714.1	746580	T	W	+
NC_015714.1	746700	G	A	-
NC_015714.1	747785	C	M	+
NC_015714.1	749500	C	M	+
NC_015714.1	750373	TT	-	-
NC_015714.1	753256	-	TTT	-
NC_015714.1	756234	-	G	+
NC_015714.1	757660	T	Y	+
NC_015714.1	757857	A	G	-
NC_015714.1	757883	T	W	+
NC_015714.1	758515	-	AC	-
NC_015714.1	758841	T	G	-
NC_015714.1	758988	G	K	+
NC_015714.1	760904	CC	-	-
NC_015714.1	761915	C	Y	+
NC_015714.1	763569	A	W	+
NC_015714.1	763610	A	R	+
NC_015714.1	764380	C	Y	+
NC_015714.1	766232	A	R	+
NC_015714.1	767605	T	G	-
NC_015714.1	767703	C	Y	+
NC_015714.1	767967	C	M	+
NC_015714.1	768142	A	C	-
NC_015714.1	769505	A	G	-
NC_015714.1	771244	C	T	-
NC_015714.1	771490	A	C	-
NC_015714.1	771667	C	M	+
NC_015714.1	771693	G	K	+
NC_015714.1	772780	G	R	+
NC_015714.1	775628	C	A	-
NC_015714.1	776972	T	A	-
NC_015714.1	777393	T	A	-
NC_015714.1	777599	A	W	+
NC_015714.1	778665	T	Y	+
NC_015714.1	779260	-	T	-
NC_015714.1	779392	G	K	+
NC_015714.1	779685	T	K	+
NC_015714.1	779898	T	K	+
NC_015714.1	780189	A	R	+
NC_015714.1	780879	C	G	-
NC_015714.1	780887	C	M	+
NC_015714.1	783219	A	W	+
NC_015714.1	784499	T	W	+
NC_015714.1	786181	A	W	+
NC_015714.1	787039	A	W	+
NC_015714.1	787501	C	S	+
NC_015714.1	787997	T	C	-
NC_015714.1	788631	A	W	+
NC_015714.1	789061	T	W	+
NC_015714.1	789115	T	Y	+
NC_015714.1	789247	C	Y	+
NC_015714.1	789268	G	S	+
NC_015714.1	789634	G	K	+
NC_015714.1	791811	T	K	+
NC_015714.1	792599	T	K	+
NC_015714.1	793054	T	W	+
NC_015714.1	794679	C	Y	+
NC_015714.1	795489	A	R	+
NC_015714.1	796227	-	T	-
NC_015714.1	796309	T	K	+
NC_015714.1	796805	A	R	+
NC_015714.1	796848	A	W	+
NC_015714.1	797415	C	S	+
NC_015714.1	799502	G	C	-
NC_015714.1	799505	-	A	+
NC_015714.1	801745	C	Y	+
NC_015714.1	802812	C	S	+
NC_015714.1	803323	A	M	+
NC_015714.1	803647	C	Y	+
NC_015714.1	803820	C	G	-
NC_015714.1	804808	-	G	-
NC_015714.1	806037	A	T	-
NC_015714.1	806831	A	R	+
NC_015714.1	810943	T	K	+
NC_015714.1	811009	G	T	-
NC_015714.1	813834	C	Y	+
NC_015714.1	814215	A	G	-
NC_015714.1	814761	C	T	-
NC_015714.1	815556	T	Y	+
NC_015714.1	815796	C	Y	+
NC_015714.1	818304	T	K	+
NC_015714.1	818450	C	M	+
NC_015714.1	818620	-	AT	-
NC_015714.1	818914	G	S	+
NC_015714.1	819015	A	T	-
NC_015714.1	819735	C	T	-
NC_015714.1	820572	G	R	+
NC_015714.1	821308	C	M	+
NC_015714.1	822535	C	-	-
NC_015714.1	823094	-	G	+
NC_015714.1	824623	T	Y	+
NC_015714.1	826133	C	S	+
NC_015714.1	827734	C	A	-
NC_015714.1	828641	A	M	+
NC_015714.1	828939	G	K	+
NC_015714.1	829345	C	S	+
NC_015714.1	830738	G	C	-
NC_015714.1	830998	G	K	+
NC_015714.1	832423	A	C	-
NC_015714.1	833024	T	C	-
NC_015714.1	833358	-	A	+
NC_015714.1	834535	C	-	-
NC_015714.1	834730	G	R	+
NC_015714.1	836584	-	C	-
NC_015714.1	838297	T	G	-
NC_015714.1	838830	C	M	+
NC_015714.1	839538	C	S	+
NC_015714.1	841532	G	T	-
NC_015714.1	841685	A	G	-
NC_015714.1	841969	T	A	-
NC_015714.1	842138	C	M	+
NC_015714.1	842541	G	S	+
NC_015714.1	842806	C	A	-
NC_015714.1	843142	A	W	+
NC_015714.1	844042	C	M	+
NC_015714.1	844141	C	G	-
NC_015714.1	844268	G	K	+
NC_015714.1	849436	T	W	+
NC_015714.1	850330	T	G	-
NC_015714.1	851400	GAG	-	-
NC_015714.1	852407	A	M	+
NC_015714.1	852832	T	W	+
NC_015714.1	853191	G	-	-
NC_015714.1	857660	G	C	-
NC_015714.1	859023	G	K	+
NC_015714.1	859171	T	A	-
NC_015714.1	862455	A	M	+
NC_015714.1	863854	T	K	+
NC_015714.1	864610	G	T	-
NC_015714.1	864781	T	K	+
NC_015714.1	864941	C	S	+
NC_015714.1	865120	C	T	-
NC_015714.1	867720	C	Y	+
NC_015714.1	867863	-	T	+
NC_015714.1	868007	A	T	-
NC_015714.1	868303	A	W	+
NC_015714.1	868572	T	A	-
NC_015714.1	869674	-	T	+
NC_015714.1	869909	A	W	+
NC_015714.1	870117	G	K	+
NC_015714.1	870868	T	Y	+
NC_015714.1	871164	A	T	-
NC_015714.1	871253	G	S	+
NC_015714.1	871274	A	W	+
NC_015714.1	871428	T	K	+
NC_015714.1	871793	T	W	+
NC_015714.1	872515	C	T	-
NC_015714.1	874040	A	R	+
NC_015714.1	875603	T	W	+
NC_015714.1	876779	-	C	+
NC_015714.1	878409	A	C	-
NC_015714.1	880848	C	S	+
NC_015714.1	881736	C	A	-
NC_015714.1	882358	G	T	-
NC_015714.1	882661	C	A	-
NC_015714.1	882864	A	W	+
NC_015714.1	883055	C	M	+
NC_015714.1	883544	C	M	+
NC_015714.1	883561	G	A	-
NC_015714.1	884530	T	W	+
NC_015714.1	888347	T	W	+
NC_015714.1	889163	A	R	+
NC_015714.1	889356	A	-	-
NC_015714.1	889615	-	C	-
NC_015714.1	889777	T	K	+
NC_015714.1	890619	A	M	+
NC_015714.1	892796	G	S	+
NC_015714.1	893909	G	C	-
NC_015714.1	894474	G	K	+
NC_015714.1	895398	C	S	+
NC_015714.1	896314	C	M	+
NC_015714.1	896350	A	M	+
NC_015714.1	896804	A	C	-
NC_015714.1	897191	C	S	+
NC_015714.1	897680	C	Y	+
NC_015714.1	900644	G	A	-
NC_015714.1	900982	T	K	+
NC_015714.1	901411	G	R	+
NC_015714.1	902182	C	S	+
NC_015714.1	902911	T	W	+
NC_015714.1	904063	T	K	+
NC_015714.1	904718	T	G	-
NC_015714.1	905627	A	R	+
NC_015714.1	907911	A	C	-
NC_015714.1	911358	C	S	+
NC_015714.1	911527	A	W	+
NC_015714.1	912356	TT	-	-
NC_015714.1	912754	C	G	-
NC_015714.1	913949	C	Y	+
NC_015714.1	918837	G	C	-
NC_015714.1	919813	A	M	+
NC_015714.1	920261	C	S	+
NC_015714.1	920670	T	W	+
NC_015714.1	921409	C	Y	+
NC_015714.1	922381	C	Y	+
NC_015714.1	926065	A	W	+
NC_015714.1	929345	C	Y	+
NC_015714.1	929541	G	A	-
NC_015714.1	930971	C	M	+
NC_015714.1	931511	G	-	-
NC_015714.1	931898	A	W	+
NC_015714.1	932003	A	-	-
NC_015714.1	932252	A	R	+
NC_015714.1	932327	A	C	-
NC_015714.1	932894	C	G	-
NC_015714.1	934125	A	M	+
NC_015714.1	936048	C	A	-
NC_015714.1	937197	T	K	+
NC_015714.1	939384	G	T	-
NC_015714.1	941735	C	S	+
NC_015714.1	941785	G	K	+
NC_015714.1	942307	T	K	+
NC_015714.1	942590	T	Y	+
NC_015714.1	942912	G	R	+
NC_015714.1	944180	C	A	-
NC_015714.1	944327	G	A	-
NC_015714.1	944679	C	A	-
NC_015714.1	944767	T	K	+
NC_015714.1	945557	G	S	+
NC_015714.1	945996	T	C	-
NC_015714.1	946136	G	K	+
NC_015714.1	947345	T	K	+
NC_015714.1	948247	T	A	-
NC_015714.1	948977	C	G	-
NC_015714.1	950837	A	C	-
NC_015714.1	952567	G	-	-
NC_015714.1	953748	C	T	-
NC_015714.1	954354	A	M	+
NC_015714.1	954368	T	Y	+
NC_015714.1	954681	A	G	-
NC_015714.1	955871	C	M	+
NC_015714.1	957010	T	G	-
NC_015714.1	957162	G	C	-
NC_015714.1	957365	A	R	+
NC_015714.1	957820	G	C	-
NC_015714.1	959092	C	Y	+
NC_015714.1	959960	A	M	+
NC_015714.1	960237	T	W	+
NC_015714.1	961241	A	W	+
NC_015714.1	962208	C	-	-
NC_015714.1	963365	C	S	+
NC_015714.1	967059	T	K	+
NC_015714.1	967071	G	S	+
NC_015714.1	969428	T	G	-
NC_015714.1	969836	G	S	+
NC_015714.1	971437	C	Y	+
NC_015714.1	973318	T	K	+
NC_015714.1	973977	A	T	-
NC_015714.1	974650	T	C	-
NC_015714.1	974706	C	G	-
NC_015714.1	976365	AT	-	-
NC_015714.1	976961	C	G	-
NC_015714.1	977268	G	R	+
NC_015714.1	978092	G	K	+
NC_015714.1	979343	T	Y	+
NC_015714.1	979954	A	G	-
NC_015714.1	981022	C	T	-
NC_015714.1	985697	-	T	-
NC_015714.1	985948	G	T	-
NC_015714.1	986126	T	C	-
NC_015714.1	987327	T	W	+
NC_015714.1	988233	G	S	+
NC_015714.1	988836	G	C	-
NC_015714.1	989054	A	R	+
NC_015714.1	989321	G	K	+
NC_015714.1	990018	C	M	+
NC_015714.1	990628	-	G	-
NC_015714.1	991607	G	S	+
NC_015714.1	991834	G	T	-
NC_015714.1	993935	G	A	-
NC_015714.1	994180	A	M	+
NC_015714.1	994297	A	T	-
NC_015714.1	994704	T	Y	+
NC_015714.1	994977	G	A	-
NC_015714.1	997476	G	R	+
NC_015714.1	997634	G	R	+
NC_015714.1	998690	T	C	-
NC_015714.1	1003610	T	-	-
NC_015714.1	1007590	G	C	-
NC_015714.1	1007699	C	A	-
NC_015714.1	1009055	T	W	+
NC_015714.1	1009091	-	C	-
NC_015714.1	1011089	C	T	-
NC_015714.1	1011410	C	G	-
NC_015714.1	1013083	-	TA	+
NC_015714.1	1013421	T	A	-
NC_015714.1	1013869	C	G	-
NC_015714.1	1014474	A	G	-
NC_015714.1	1015769	C	S	+
NC_015714.1	1016472	T	Y	+
NC_015714.1	1016727	A	M	+
NC_015714.1	1018377	T	K	+
NC_015714.1	1020843	A	W	+
NC_015714.1	1021308	G	K	+
NC_015714.1	1021727	CG	-	-
NC_015714.1	1022438	A	W	+
NC_015714.1	1025515	G	S	+
NC_015714.1	1025831	A	-	-
NC_015714.1	1025905	G	K	+
NC_015714.1	1026129	G	A	-
NC_015714.1	1027273	C	Y	+
NC_015714.1	1027928	A	W	+
NC_015714.1	1028105	T	A	-
NC_015714.1	1029356	C	Y	+
NC_015714.1	1029746	G	K	+
NC_015714.1	1030086	C	Y	+
NC_015714.1	1030102	A	R	+
NC_015714.1	1032064	C	Y	+
NC_015714.1	1032657	C	Y	+
NC_015714.1	1033730	T	Y	+
NC_015714.1	1034726	T	G	-
NC_015714.1	1034876	C	G	-
NC_015714.1	1035488	A	G	-
NC_015714.1	1036014	T	Y	+
NC_015714.1	1037070	T	A	-
NC_015714.1	1037426	A	M	+
NC_015714.1	1038602	C	S	+
NC_015714.1	1039852	C	Y	+
NC_015714.1	1040013	A	R	+
NC_015714.1	1040905	T	A	-
NC_015714.1	1041483	G	K	+
NC_015714.1	1043229	T	K	+
NC_015714.1	1043652	T	W	+
NC_015714.1	1043949	T	Y	+
NC_015714.1	1045095	C	M	+
NC_015714.1	1047261	T	Y	+
NC_015714.1	1050383	A	M	+
NC_015714.1	1050570	C	G	-
NC_015714.1	1053623	C	M	+
NC_015714.1	1056393	G	T	-
NC_015714.1	1057575	T	W	+
NC_015714.1	1059194	C	Y	+
NC_015714.1	1063281	G	S	+
NC_015714.1	1064680	T	K	+
NC_015714.1	1066028	T	G	-
NC_015714.1	1067105	A	R	+
NC_015714.1	1067659	C	Y	+
NC_015714.1	1067660	T	W	+
NC_015714.1	1068767	G	T	-
NC_015714.1	1073355	G	K	+
NC_015714.1	1073578	-	ACC	+
NC_015714.1	1073778	AC	-	-
NC_015714.1	1073786	G	C	-
NC_015714.1	1074170	A	R	+
NC_015714.1	1078156	A	W	+
NC_015714.1	1078702	C	Y	+
NC_015714.1	1080670	A	W	+
NC_015714.1	1082440	A	M	+
NC_015714.1	1087260	C	Y	+
NC_015714.1	1088207	T	Y	+
NC_015714.1	1091843	-	G	-
NC_015714.1	1091918	C	T	-
NC_015714.1	1093004	A	W	+
NC_015714.1	1094093	A	M	+
NC_015714.1	1094669	G	R	+
NC_015714.1	1094869	G	-	-
NC_015714.1	1095310	C	M	+
NC_015714.1	1096486	C	S	+
NC_015714.1	1098118	G	R	+
NC_015714.1	1102383	G	R	+
NC_015714.1	1103418	T	K	+
NC_015714.1	1104117	G	R	+
NC_015714.1	1105526	G	R	+
NC_015714.1	1106316	-	T	-
NC_015714.1	1108805	C	G	-
NC_015714.1	1112492	C	S	+
NC_015714.1	1113454	C	M	+
NC_015714.1	1113457	A	T	-
NC_015714.1	1115048	A	M	+
NC_015714.1	1115264	A	R	+
NC_015714.1	1115456	A	M	+
NC_015714.1	1116178	A	C	-
NC_015714.1	1117004	C	A	-
NC_015714.1	1118106	G	K	+
NC_015714.1	1119011	C	A	-
NC_015714.1	1119021	-	T	-
NC_015714.1	1119022	T	W	+
NC_015714.1	1119064	T	W	+
NC_015714.1	1119433	C	M	+
NC_015714.1	1119553	C	S	+
NC_015714.1	1122424	C	M	+
NC_015714.1	1123243	G	K	+
NC_015714.1	1124026	A	W	+
NC_015714.1	1125627	G	S	+
NC_015714.1	1125631	C	Y	+
NC_015714.1	1125674	T	K	+
NC_015714.1	1127531	A	R	+
NC_015714.1	1130499	T	Y	+
NC_015714.1	1130777	-	T	+
